-----------------------------------------------------------------------------------------------------------------------------------
[Colab setting]
!nvidia-smi
-----------------------------------------------------------------------------------------------------------------------------------
[OUTPUT]
Sat Jan 31 13:06:06 2026       
+-----------------------------------------------------------------------------------------+
| NVIDIA-SMI 550.54.15              Driver Version: 550.54.15      CUDA Version: 12.4     |
|-----------------------------------------+------------------------+----------------------+
| GPU  Name                 Persistence-M | Bus-Id          Disp.A | Volatile Uncorr. ECC |
| Fan  Temp   Perf          Pwr:Usage/Cap |           Memory-Usage | GPU-Util  Compute M. |
|                                         |                        |               MIG M. |
|=========================================+========================+======================|
|   0  Tesla T4                       Off |   00000000:00:04.0 Off |                    0 |
| N/A   56C    P8             10W /   70W |       0MiB /  15360MiB |      0%      Default |
|                                         |                        |                  N/A |
+-----------------------------------------+------------------------+----------------------+
                                                                                         
+-----------------------------------------------------------------------------------------+
| Processes:                                                                              |
|  GPU   GI   CI        PID   Type   Process name                              GPU Memory |
|        ID   ID                                                               Usage      |
|=========================================================================================|
|  No running processes found                                                             |
+-----------------------------------------------------------------------------------------+
-----------------------------------------------------------------------------------------------------------------------------------
[COMMAND]
python MNIST_simple.py
-----------------------------------------------------------------------------------------------------------------------------------
[OUTPUT]
x_train shape: (60000, 28, 28, 1)
60000 train samples
10000 test samples
Epoch 1/20
469/469 ━━━━━━━━━━━━━━━━━━━━ 12s 15ms/step - accuracy: 0.8113 - loss: 0.5727 - val_accuracy: 0.9864 - val_loss: 0.0433
Epoch 2/20
469/469 ━━━━━━━━━━━━━━━━━━━━ 4s 8ms/step - accuracy: 0.9743 - loss: 0.0849 - val_accuracy: 0.9878 - val_loss: 0.0371
Epoch 3/20
469/469 ━━━━━━━━━━━━━━━━━━━━ 3s 7ms/step - accuracy: 0.9807 - loss: 0.0642 - val_accuracy: 0.9915 - val_loss: 0.0228
Epoch 4/20
469/469 ━━━━━━━━━━━━━━━━━━━━ 3s 7ms/step - accuracy: 0.9857 - loss: 0.0483 - val_accuracy: 0.9920 - val_loss: 0.0229
Epoch 5/20
469/469 ━━━━━━━━━━━━━━━━━━━━ 4s 8ms/step - accuracy: 0.9860 - loss: 0.0461 - val_accuracy: 0.9907 - val_loss: 0.0272
Epoch 6/20
469/469 ━━━━━━━━━━━━━━━━━━━━ 4s 8ms/step - accuracy: 0.9885 - loss: 0.0384 - val_accuracy: 0.9926 - val_loss: 0.0205
Epoch 7/20
469/469 ━━━━━━━━━━━━━━━━━━━━ 3s 7ms/step - accuracy: 0.9896 - loss: 0.0347 - val_accuracy: 0.9931 - val_loss: 0.0201
Epoch 8/20
469/469 ━━━━━━━━━━━━━━━━━━━━ 4s 8ms/step - accuracy: 0.9903 - loss: 0.0300 - val_accuracy: 0.9933 - val_loss: 0.0192
Epoch 9/20
469/469 ━━━━━━━━━━━━━━━━━━━━ 4s 8ms/step - accuracy: 0.9913 - loss: 0.0280 - val_accuracy: 0.9934 - val_loss: 0.0194
Epoch 10/20
469/469 ━━━━━━━━━━━━━━━━━━━━ 3s 7ms/step - accuracy: 0.9907 - loss: 0.0271 - val_accuracy: 0.9945 - val_loss: 0.0176
Epoch 11/20
469/469 ━━━━━━━━━━━━━━━━━━━━ 4s 8ms/step - accuracy: 0.9923 - loss: 0.0240 - val_accuracy: 0.9938 - val_loss: 0.0207
Epoch 12/20
469/469 ━━━━━━━━━━━━━━━━━━━━ 4s 9ms/step - accuracy: 0.9931 - loss: 0.0216 - val_accuracy: 0.9940 - val_loss: 0.0204
Epoch 13/20
469/469 ━━━━━━━━━━━━━━━━━━━━ 4s 9ms/step - accuracy: 0.9936 - loss: 0.0207 - val_accuracy: 0.9942 - val_loss: 0.0187
Epoch 14/20
469/469 ━━━━━━━━━━━━━━━━━━━━ 4s 8ms/step - accuracy: 0.9938 - loss: 0.0206 - val_accuracy: 0.9943 - val_loss: 0.0180
Epoch 15/20
469/469 ━━━━━━━━━━━━━━━━━━━━ 4s 9ms/step - accuracy: 0.9941 - loss: 0.0185 - val_accuracy: 0.9951 - val_loss: 0.0188
Epoch 16/20
469/469 ━━━━━━━━━━━━━━━━━━━━ 4s 8ms/step - accuracy: 0.9939 - loss: 0.0173 - val_accuracy: 0.9943 - val_loss: 0.0187
Epoch 17/20
469/469 ━━━━━━━━━━━━━━━━━━━━ 3s 7ms/step - accuracy: 0.9945 - loss: 0.0166 - val_accuracy: 0.9952 - val_loss: 0.0159
Epoch 18/20
469/469 ━━━━━━━━━━━━━━━━━━━━ 4s 8ms/step - accuracy: 0.9947 - loss: 0.0152 - val_accuracy: 0.9952 - val_loss: 0.0168
Epoch 19/20
469/469 ━━━━━━━━━━━━━━━━━━━━ 3s 7ms/step - accuracy: 0.9951 - loss: 0.0144 - val_accuracy: 0.9944 - val_loss: 0.0177
Epoch 20/20
469/469 ━━━━━━━━━━━━━━━━━━━━ 3s 7ms/step - accuracy: 0.9943 - loss: 0.0175 - val_accuracy: 0.9938 - val_loss: 0.0170
Test loss: 0.016988711431622505
Test accuracy: 0.9937999844551086
学習時間（20epochs）: 83.05 秒
-----------------------------------------------------------------------------------------------------------------------------------
[NOTE]
GPU 実行時の計測結果。
同一条件で CPU 実行時は 369.99 秒であった。
-----------------------------------------------------------------------------------------------------------------------------------


-----------------------------------------------------------------------------------------------------------------------------------
[COMMAND]
python MNIST_simple_TEST.py
-----------------------------------------------------------------------------------------------------------------------------------
[OUTPUT]
/Users/yoshihide/.pyenv/versions/prog-spe2-3.11.9/lib/python3.11/site-packages/keras/src/layers/convolutional/base_conv.py:113: UserWarning: Do not pass an `input_shape`/`input_dim` argument to a layer. When using Sequential models, prefer using an `Input(shape)` object as the first layer in the model instead.
  super().__init__(activity_regularizer=activity_regularizer, **kwargs)
[OK] File: 0_p01_r00_c00.png -> Pred: 0 (True: 0)
[NG] File: 0_p01_r00_c01.png -> Pred: 9 (True: 0)
[NG] File: 0_p01_r00_c02.png -> Pred: 4 (True: 0)
[NG] File: 0_p01_r00_c03.png -> Pred: 4 (True: 0)
[NG] File: 0_p01_r00_c04.png -> Pred: 9 (True: 0)
[NG] File: 0_p01_r00_c05.png -> Pred: 9 (True: 0)
[NG] File: 0_p01_r00_c06.png -> Pred: 8 (True: 0)
[NG] File: 0_p01_r00_c07.png -> Pred: 9 (True: 0)
[NG] File: 0_p01_r00_c08.png -> Pred: 9 (True: 0)
[NG] File: 0_p01_r00_c09.png -> Pred: 9 (True: 0)
[NG] File: 0_p02_r00_c00.png -> Pred: 4 (True: 0)
[NG] File: 0_p02_r00_c01.png -> Pred: 6 (True: 0)
[NG] File: 0_p02_r00_c02.png -> Pred: 4 (True: 0)
[NG] File: 0_p02_r00_c03.png -> Pred: 1 (True: 0)
[NG] File: 0_p02_r00_c04.png -> Pred: 7 (True: 0)
[NG] File: 0_p02_r00_c05.png -> Pred: 9 (True: 0)
[NG] File: 0_p02_r00_c06.png -> Pred: 9 (True: 0)
[NG] File: 0_p02_r00_c07.png -> Pred: 8 (True: 0)
[NG] File: 0_p02_r00_c08.png -> Pred: 8 (True: 0)
[NG] File: 0_p02_r00_c09.png -> Pred: 8 (True: 0)
[NG] File: 0_p03_r00_c00.png -> Pred: 4 (True: 0)
[NG] File: 0_p03_r00_c01.png -> Pred: 7 (True: 0)
[NG] File: 0_p03_r00_c02.png -> Pred: 1 (True: 0)
[NG] File: 0_p03_r00_c03.png -> Pred: 9 (True: 0)
[NG] File: 0_p03_r00_c04.png -> Pred: 9 (True: 0)
[NG] File: 0_p03_r00_c05.png -> Pred: 9 (True: 0)
[NG] File: 0_p03_r00_c06.png -> Pred: 5 (True: 0)
[NG] File: 0_p03_r00_c07.png -> Pred: 9 (True: 0)
[NG] File: 0_p03_r00_c08.png -> Pred: 5 (True: 0)
[NG] File: 0_p03_r00_c09.png -> Pred: 9 (True: 0)
[NG] File: 0_p04_r00_c00.png -> Pred: 4 (True: 0)
[NG] File: 0_p04_r00_c01.png -> Pred: 7 (True: 0)
[NG] File: 0_p04_r00_c02.png -> Pred: 4 (True: 0)
[NG] File: 0_p04_r00_c03.png -> Pred: 9 (True: 0)
[NG] File: 0_p04_r00_c04.png -> Pred: 9 (True: 0)
[NG] File: 0_p04_r00_c05.png -> Pred: 4 (True: 0)
[NG] File: 0_p04_r00_c06.png -> Pred: 4 (True: 0)
[NG] File: 0_p04_r00_c07.png -> Pred: 8 (True: 0)
[OK] File: 0_p04_r00_c08.png -> Pred: 0 (True: 0)
[NG] File: 0_p04_r00_c09.png -> Pred: 5 (True: 0)
[NG] File: 0_p05_r00_c00.png -> Pred: 7 (True: 0)
[NG] File: 0_p05_r00_c01.png -> Pred: 2 (True: 0)
[NG] File: 0_p05_r00_c02.png -> Pred: 9 (True: 0)
[NG] File: 0_p05_r00_c03.png -> Pred: 7 (True: 0)
[NG] File: 0_p05_r00_c04.png -> Pred: 7 (True: 0)
[NG] File: 0_p05_r00_c05.png -> Pred: 5 (True: 0)
[NG] File: 0_p05_r00_c06.png -> Pred: 9 (True: 0)
[NG] File: 0_p05_r00_c07.png -> Pred: 5 (True: 0)
[NG] File: 0_p05_r00_c08.png -> Pred: 7 (True: 0)
[NG] File: 0_p05_r00_c09.png -> Pred: 5 (True: 0)
[NG] File: 0_p06_r00_c00.png -> Pred: 4 (True: 0)
[NG] File: 0_p06_r00_c01.png -> Pred: 3 (True: 0)
[NG] File: 0_p06_r00_c02.png -> Pred: 2 (True: 0)
[NG] File: 0_p06_r00_c03.png -> Pred: 7 (True: 0)
[NG] File: 0_p06_r00_c04.png -> Pred: 7 (True: 0)
[NG] File: 0_p06_r00_c05.png -> Pred: 7 (True: 0)
[NG] File: 0_p06_r00_c06.png -> Pred: 5 (True: 0)
[NG] File: 0_p06_r00_c07.png -> Pred: 5 (True: 0)
[NG] File: 0_p06_r00_c08.png -> Pred: 5 (True: 0)
[NG] File: 0_p06_r00_c09.png -> Pred: 5 (True: 0)
[NG] File: 0_p07_r00_c00.png -> Pred: 4 (True: 0)
[NG] File: 0_p07_r00_c01.png -> Pred: 7 (True: 0)
[NG] File: 0_p07_r00_c02.png -> Pred: 7 (True: 0)
[NG] File: 0_p07_r00_c03.png -> Pred: 3 (True: 0)
[NG] File: 0_p07_r00_c04.png -> Pred: 3 (True: 0)
[NG] File: 0_p07_r00_c05.png -> Pred: 9 (True: 0)
[NG] File: 0_p07_r00_c06.png -> Pred: 9 (True: 0)
[NG] File: 0_p07_r00_c07.png -> Pred: 9 (True: 0)
[NG] File: 0_p07_r00_c08.png -> Pred: 9 (True: 0)
[NG] File: 0_p07_r00_c09.png -> Pred: 5 (True: 0)
[NG] File: 0_p08_r00_c00.png -> Pred: 9 (True: 0)
[NG] File: 0_p08_r00_c01.png -> Pred: 4 (True: 0)
[NG] File: 0_p08_r00_c02.png -> Pred: 9 (True: 0)
[NG] File: 0_p08_r00_c03.png -> Pred: 9 (True: 0)
[NG] File: 0_p08_r00_c04.png -> Pred: 9 (True: 0)
[NG] File: 0_p08_r00_c05.png -> Pred: 8 (True: 0)
[NG] File: 0_p08_r00_c06.png -> Pred: 8 (True: 0)
[NG] File: 0_p08_r00_c07.png -> Pred: 9 (True: 0)
[NG] File: 0_p08_r00_c08.png -> Pred: 8 (True: 0)
[NG] File: 0_p08_r00_c09.png -> Pred: 5 (True: 0)
[NG] File: 0_p09_r00_c00.png -> Pred: 7 (True: 0)
[NG] File: 0_p09_r00_c01.png -> Pred: 9 (True: 0)
[NG] File: 0_p09_r00_c02.png -> Pred: 8 (True: 0)
[NG] File: 0_p09_r00_c03.png -> Pred: 7 (True: 0)
[NG] File: 0_p09_r00_c04.png -> Pred: 5 (True: 0)
[NG] File: 0_p09_r00_c05.png -> Pred: 8 (True: 0)
[NG] File: 0_p09_r00_c06.png -> Pred: 5 (True: 0)
[NG] File: 0_p09_r00_c07.png -> Pred: 5 (True: 0)
[NG] File: 0_p09_r00_c08.png -> Pred: 5 (True: 0)
[NG] File: 0_p09_r00_c09.png -> Pred: 5 (True: 0)
[NG] File: 0_p10_r00_c00.png -> Pred: 4 (True: 0)
[NG] File: 0_p10_r00_c01.png -> Pred: 7 (True: 0)
[NG] File: 0_p10_r00_c02.png -> Pred: 9 (True: 0)
[NG] File: 0_p10_r00_c03.png -> Pred: 9 (True: 0)
[NG] File: 0_p10_r00_c04.png -> Pred: 9 (True: 0)
[NG] File: 0_p10_r00_c05.png -> Pred: 5 (True: 0)
[NG] File: 0_p10_r00_c06.png -> Pred: 5 (True: 0)
[NG] File: 0_p10_r00_c07.png -> Pred: 5 (True: 0)
[NG] File: 0_p10_r00_c08.png -> Pred: 5 (True: 0)
[NG] File: 0_p10_r00_c09.png -> Pred: 9 (True: 0)
[OK] File: 1_p01_r01_c00.png -> Pred: 1 (True: 1)
[NG] File: 1_p01_r01_c01.png -> Pred: 4 (True: 1)
[OK] File: 1_p01_r01_c02.png -> Pred: 1 (True: 1)
[OK] File: 1_p01_r01_c03.png -> Pred: 1 (True: 1)
[OK] File: 1_p01_r01_c04.png -> Pred: 1 (True: 1)
[OK] File: 1_p01_r01_c05.png -> Pred: 1 (True: 1)
[OK] File: 1_p01_r01_c06.png -> Pred: 1 (True: 1)
[OK] File: 1_p01_r01_c07.png -> Pred: 1 (True: 1)
[OK] File: 1_p01_r01_c08.png -> Pred: 1 (True: 1)
[OK] File: 1_p01_r01_c09.png -> Pred: 1 (True: 1)
[NG] File: 1_p02_r01_c00.png -> Pred: 6 (True: 1)
[NG] File: 1_p02_r01_c01.png -> Pred: 6 (True: 1)
[NG] File: 1_p02_r01_c02.png -> Pred: 0 (True: 1)
[NG] File: 1_p02_r01_c03.png -> Pred: 6 (True: 1)
[OK] File: 1_p02_r01_c04.png -> Pred: 1 (True: 1)
[NG] File: 1_p02_r01_c05.png -> Pred: 4 (True: 1)
[NG] File: 1_p02_r01_c06.png -> Pred: 4 (True: 1)
[OK] File: 1_p02_r01_c07.png -> Pred: 1 (True: 1)
[OK] File: 1_p02_r01_c08.png -> Pred: 1 (True: 1)
[OK] File: 1_p02_r01_c09.png -> Pred: 1 (True: 1)
[NG] File: 1_p03_r01_c00.png -> Pred: 7 (True: 1)
[OK] File: 1_p03_r01_c01.png -> Pred: 1 (True: 1)
[OK] File: 1_p03_r01_c02.png -> Pred: 1 (True: 1)
[OK] File: 1_p03_r01_c03.png -> Pred: 1 (True: 1)
[NG] File: 1_p03_r01_c04.png -> Pred: 7 (True: 1)
[NG] File: 1_p03_r01_c05.png -> Pred: 4 (True: 1)
[OK] File: 1_p03_r01_c06.png -> Pred: 1 (True: 1)
[NG] File: 1_p03_r01_c07.png -> Pred: 6 (True: 1)
[NG] File: 1_p03_r01_c08.png -> Pred: 4 (True: 1)
[NG] File: 1_p03_r01_c09.png -> Pred: 6 (True: 1)
[NG] File: 1_p04_r01_c00.png -> Pred: 6 (True: 1)
[OK] File: 1_p04_r01_c01.png -> Pred: 1 (True: 1)
[NG] File: 1_p04_r01_c02.png -> Pred: 6 (True: 1)
[NG] File: 1_p04_r01_c03.png -> Pred: 6 (True: 1)
[NG] File: 1_p04_r01_c04.png -> Pred: 6 (True: 1)
[NG] File: 1_p04_r01_c05.png -> Pred: 6 (True: 1)
[OK] File: 1_p04_r01_c06.png -> Pred: 1 (True: 1)
[OK] File: 1_p04_r01_c07.png -> Pred: 1 (True: 1)
[OK] File: 1_p04_r01_c08.png -> Pred: 1 (True: 1)
[OK] File: 1_p04_r01_c09.png -> Pred: 1 (True: 1)
[NG] File: 1_p05_r01_c00.png -> Pred: 2 (True: 1)
[OK] File: 1_p05_r01_c01.png -> Pred: 1 (True: 1)
[NG] File: 1_p05_r01_c02.png -> Pred: 4 (True: 1)
[OK] File: 1_p05_r01_c03.png -> Pred: 1 (True: 1)
[NG] File: 1_p05_r01_c04.png -> Pred: 4 (True: 1)
[NG] File: 1_p05_r01_c05.png -> Pred: 7 (True: 1)
[OK] File: 1_p05_r01_c06.png -> Pred: 1 (True: 1)
[OK] File: 1_p05_r01_c07.png -> Pred: 1 (True: 1)
[OK] File: 1_p05_r01_c08.png -> Pred: 1 (True: 1)
[OK] File: 1_p05_r01_c09.png -> Pred: 1 (True: 1)
[NG] File: 1_p06_r01_c00.png -> Pred: 2 (True: 1)
[OK] File: 1_p06_r01_c01.png -> Pred: 1 (True: 1)
[NG] File: 1_p06_r01_c02.png -> Pred: 2 (True: 1)
[NG] File: 1_p06_r01_c03.png -> Pred: 6 (True: 1)
[NG] File: 1_p06_r01_c04.png -> Pred: 2 (True: 1)
[OK] File: 1_p06_r01_c05.png -> Pred: 1 (True: 1)
[NG] File: 1_p06_r01_c06.png -> Pred: 7 (True: 1)
[NG] File: 1_p06_r01_c07.png -> Pred: 2 (True: 1)
[OK] File: 1_p06_r01_c08.png -> Pred: 1 (True: 1)
[NG] File: 1_p06_r01_c09.png -> Pred: 2 (True: 1)
[NG] File: 1_p07_r01_c00.png -> Pred: 4 (True: 1)
[NG] File: 1_p07_r01_c01.png -> Pred: 6 (True: 1)
[NG] File: 1_p07_r01_c02.png -> Pred: 7 (True: 1)
[OK] File: 1_p07_r01_c03.png -> Pred: 1 (True: 1)
[NG] File: 1_p07_r01_c04.png -> Pred: 5 (True: 1)
[NG] File: 1_p07_r01_c05.png -> Pred: 4 (True: 1)
[OK] File: 1_p07_r01_c06.png -> Pred: 1 (True: 1)
[OK] File: 1_p07_r01_c07.png -> Pred: 1 (True: 1)
[NG] File: 1_p07_r01_c08.png -> Pred: 4 (True: 1)
[NG] File: 1_p07_r01_c09.png -> Pred: 4 (True: 1)
[NG] File: 1_p08_r01_c00.png -> Pred: 4 (True: 1)
[NG] File: 1_p08_r01_c01.png -> Pred: 4 (True: 1)
[NG] File: 1_p08_r01_c02.png -> Pred: 4 (True: 1)
[NG] File: 1_p08_r01_c03.png -> Pred: 5 (True: 1)
[NG] File: 1_p08_r01_c04.png -> Pred: 4 (True: 1)
[NG] File: 1_p08_r01_c05.png -> Pred: 4 (True: 1)
[OK] File: 1_p08_r01_c06.png -> Pred: 1 (True: 1)
[OK] File: 1_p08_r01_c07.png -> Pred: 1 (True: 1)
[NG] File: 1_p08_r01_c08.png -> Pred: 8 (True: 1)
[NG] File: 1_p08_r01_c09.png -> Pred: 7 (True: 1)
[NG] File: 1_p09_r01_c00.png -> Pred: 2 (True: 1)
[NG] File: 1_p09_r01_c01.png -> Pred: 6 (True: 1)
[OK] File: 1_p09_r01_c02.png -> Pred: 1 (True: 1)
[OK] File: 1_p09_r01_c03.png -> Pred: 1 (True: 1)
[NG] File: 1_p09_r01_c04.png -> Pred: 6 (True: 1)
[NG] File: 1_p09_r01_c05.png -> Pred: 4 (True: 1)
[OK] File: 1_p09_r01_c06.png -> Pred: 1 (True: 1)
[NG] File: 1_p09_r01_c07.png -> Pred: 7 (True: 1)
[OK] File: 1_p09_r01_c08.png -> Pred: 1 (True: 1)
[NG] File: 1_p09_r01_c09.png -> Pred: 2 (True: 1)
[NG] File: 1_p10_r01_c00.png -> Pred: 7 (True: 1)
[NG] File: 1_p10_r01_c01.png -> Pred: 6 (True: 1)
[NG] File: 1_p10_r01_c02.png -> Pred: 6 (True: 1)
[OK] File: 1_p10_r01_c03.png -> Pred: 1 (True: 1)
[OK] File: 1_p10_r01_c04.png -> Pred: 1 (True: 1)
[NG] File: 1_p10_r01_c05.png -> Pred: 5 (True: 1)
[OK] File: 1_p10_r01_c06.png -> Pred: 1 (True: 1)
[NG] File: 1_p10_r01_c07.png -> Pred: 4 (True: 1)
[NG] File: 1_p10_r01_c08.png -> Pred: 8 (True: 1)
[NG] File: 1_p10_r01_c09.png -> Pred: 4 (True: 1)
[NG] File: 2_p01_r02_c00.png -> Pred: 4 (True: 2)
[NG] File: 2_p01_r02_c01.png -> Pred: 4 (True: 2)
[NG] File: 2_p01_r02_c02.png -> Pred: 1 (True: 2)
[OK] File: 2_p01_r02_c03.png -> Pred: 2 (True: 2)
[NG] File: 2_p01_r02_c04.png -> Pred: 4 (True: 2)
[OK] File: 2_p01_r02_c05.png -> Pred: 2 (True: 2)
[OK] File: 2_p01_r02_c06.png -> Pred: 2 (True: 2)
[NG] File: 2_p01_r02_c07.png -> Pred: 4 (True: 2)
[NG] File: 2_p01_r02_c08.png -> Pred: 4 (True: 2)
[NG] File: 2_p01_r02_c09.png -> Pred: 9 (True: 2)
[NG] File: 2_p02_r02_c00.png -> Pred: 0 (True: 2)
[NG] File: 2_p02_r02_c01.png -> Pred: 4 (True: 2)
[OK] File: 2_p02_r02_c02.png -> Pred: 2 (True: 2)
[OK] File: 2_p02_r02_c03.png -> Pred: 2 (True: 2)
[NG] File: 2_p02_r02_c04.png -> Pred: 4 (True: 2)
[OK] File: 2_p02_r02_c05.png -> Pred: 2 (True: 2)
[OK] File: 2_p02_r02_c06.png -> Pred: 2 (True: 2)
[OK] File: 2_p02_r02_c07.png -> Pred: 2 (True: 2)
[OK] File: 2_p02_r02_c08.png -> Pred: 2 (True: 2)
[OK] File: 2_p02_r02_c09.png -> Pred: 2 (True: 2)
[NG] File: 2_p03_r02_c00.png -> Pred: 4 (True: 2)
[NG] File: 2_p03_r02_c01.png -> Pred: 4 (True: 2)
[NG] File: 2_p03_r02_c02.png -> Pred: 4 (True: 2)
[NG] File: 2_p03_r02_c03.png -> Pred: 3 (True: 2)
[OK] File: 2_p03_r02_c04.png -> Pred: 2 (True: 2)
[NG] File: 2_p03_r02_c05.png -> Pred: 3 (True: 2)
[OK] File: 2_p03_r02_c06.png -> Pred: 2 (True: 2)
[OK] File: 2_p03_r02_c07.png -> Pred: 2 (True: 2)
[NG] File: 2_p03_r02_c08.png -> Pred: 3 (True: 2)
[NG] File: 2_p03_r02_c09.png -> Pred: 4 (True: 2)
[NG] File: 2_p04_r02_c00.png -> Pred: 4 (True: 2)
[NG] File: 2_p04_r02_c01.png -> Pred: 4 (True: 2)
[NG] File: 2_p04_r02_c02.png -> Pred: 4 (True: 2)
[OK] File: 2_p04_r02_c03.png -> Pred: 2 (True: 2)
[NG] File: 2_p04_r02_c04.png -> Pred: 7 (True: 2)
[OK] File: 2_p04_r02_c05.png -> Pred: 2 (True: 2)
[NG] File: 2_p04_r02_c06.png -> Pred: 7 (True: 2)
[NG] File: 2_p04_r02_c07.png -> Pred: 8 (True: 2)
[NG] File: 2_p04_r02_c08.png -> Pred: 3 (True: 2)
[NG] File: 2_p04_r02_c09.png -> Pred: 7 (True: 2)
[NG] File: 2_p05_r02_c00.png -> Pred: 4 (True: 2)
[NG] File: 2_p05_r02_c01.png -> Pred: 4 (True: 2)
[NG] File: 2_p05_r02_c02.png -> Pred: 4 (True: 2)
[NG] File: 2_p05_r02_c03.png -> Pred: 3 (True: 2)
[NG] File: 2_p05_r02_c04.png -> Pred: 5 (True: 2)
[NG] File: 2_p05_r02_c05.png -> Pred: 3 (True: 2)
[NG] File: 2_p05_r02_c06.png -> Pred: 3 (True: 2)
[NG] File: 2_p05_r02_c07.png -> Pred: 5 (True: 2)
[OK] File: 2_p05_r02_c08.png -> Pred: 2 (True: 2)
[NG] File: 2_p05_r02_c09.png -> Pred: 3 (True: 2)
[NG] File: 2_p06_r02_c00.png -> Pred: 4 (True: 2)
[NG] File: 2_p06_r02_c01.png -> Pred: 4 (True: 2)
[NG] File: 2_p06_r02_c02.png -> Pred: 4 (True: 2)
[NG] File: 2_p06_r02_c03.png -> Pred: 9 (True: 2)
[NG] File: 2_p06_r02_c04.png -> Pred: 3 (True: 2)
[NG] File: 2_p06_r02_c05.png -> Pred: 3 (True: 2)
[NG] File: 2_p06_r02_c06.png -> Pred: 9 (True: 2)
[NG] File: 2_p06_r02_c07.png -> Pred: 9 (True: 2)
[NG] File: 2_p06_r02_c08.png -> Pred: 5 (True: 2)
[NG] File: 2_p06_r02_c09.png -> Pred: 5 (True: 2)
[NG] File: 2_p07_r02_c00.png -> Pred: 7 (True: 2)
[NG] File: 2_p07_r02_c01.png -> Pred: 4 (True: 2)
[NG] File: 2_p07_r02_c02.png -> Pred: 4 (True: 2)
[NG] File: 2_p07_r02_c03.png -> Pred: 3 (True: 2)
[NG] File: 2_p07_r02_c04.png -> Pred: 3 (True: 2)
[NG] File: 2_p07_r02_c05.png -> Pred: 3 (True: 2)
[NG] File: 2_p07_r02_c06.png -> Pred: 3 (True: 2)
[NG] File: 2_p07_r02_c07.png -> Pred: 3 (True: 2)
[NG] File: 2_p07_r02_c08.png -> Pred: 3 (True: 2)
[NG] File: 2_p07_r02_c09.png -> Pred: 3 (True: 2)
[NG] File: 2_p08_r02_c00.png -> Pred: 3 (True: 2)
[OK] File: 2_p08_r02_c01.png -> Pred: 2 (True: 2)
[NG] File: 2_p08_r02_c02.png -> Pred: 3 (True: 2)
[OK] File: 2_p08_r02_c03.png -> Pred: 2 (True: 2)
[OK] File: 2_p08_r02_c04.png -> Pred: 2 (True: 2)
[OK] File: 2_p08_r02_c05.png -> Pred: 2 (True: 2)
[NG] File: 2_p08_r02_c06.png -> Pred: 6 (True: 2)
[OK] File: 2_p08_r02_c07.png -> Pred: 2 (True: 2)
[OK] File: 2_p08_r02_c08.png -> Pred: 2 (True: 2)
[OK] File: 2_p08_r02_c09.png -> Pred: 2 (True: 2)
[NG] File: 2_p09_r02_c00.png -> Pred: 3 (True: 2)
[NG] File: 2_p09_r02_c01.png -> Pred: 4 (True: 2)
[NG] File: 2_p09_r02_c02.png -> Pred: 4 (True: 2)
[NG] File: 2_p09_r02_c03.png -> Pred: 3 (True: 2)
[NG] File: 2_p09_r02_c04.png -> Pred: 3 (True: 2)
[NG] File: 2_p09_r02_c05.png -> Pred: 5 (True: 2)
[NG] File: 2_p09_r02_c06.png -> Pred: 3 (True: 2)
[NG] File: 2_p09_r02_c07.png -> Pred: 5 (True: 2)
[OK] File: 2_p09_r02_c08.png -> Pred: 2 (True: 2)
[NG] File: 2_p09_r02_c09.png -> Pred: 5 (True: 2)
[NG] File: 2_p10_r02_c00.png -> Pred: 4 (True: 2)
[NG] File: 2_p10_r02_c01.png -> Pred: 4 (True: 2)
[NG] File: 2_p10_r02_c02.png -> Pred: 4 (True: 2)
[NG] File: 2_p10_r02_c03.png -> Pred: 3 (True: 2)
[NG] File: 2_p10_r02_c04.png -> Pred: 3 (True: 2)
[NG] File: 2_p10_r02_c05.png -> Pred: 3 (True: 2)
[NG] File: 2_p10_r02_c06.png -> Pred: 3 (True: 2)
[NG] File: 2_p10_r02_c07.png -> Pred: 3 (True: 2)
[NG] File: 2_p10_r02_c08.png -> Pred: 3 (True: 2)
[NG] File: 2_p10_r02_c09.png -> Pred: 5 (True: 2)
[NG] File: 3_p01_r03_c00.png -> Pred: 2 (True: 3)
[NG] File: 3_p01_r03_c01.png -> Pred: 7 (True: 3)
[NG] File: 3_p01_r03_c02.png -> Pred: 2 (True: 3)
[NG] File: 3_p01_r03_c03.png -> Pred: 2 (True: 3)
[NG] File: 3_p01_r03_c04.png -> Pred: 2 (True: 3)
[NG] File: 3_p01_r03_c05.png -> Pred: 2 (True: 3)
[OK] File: 3_p01_r03_c06.png -> Pred: 3 (True: 3)
[OK] File: 3_p01_r03_c07.png -> Pred: 3 (True: 3)
[OK] File: 3_p01_r03_c08.png -> Pred: 3 (True: 3)
[NG] File: 3_p01_r03_c09.png -> Pred: 7 (True: 3)
[NG] File: 3_p02_r03_c00.png -> Pred: 4 (True: 3)
[NG] File: 3_p02_r03_c01.png -> Pred: 4 (True: 3)
[OK] File: 3_p02_r03_c02.png -> Pred: 3 (True: 3)
[OK] File: 3_p02_r03_c03.png -> Pred: 3 (True: 3)
[OK] File: 3_p02_r03_c04.png -> Pred: 3 (True: 3)
[OK] File: 3_p02_r03_c05.png -> Pred: 3 (True: 3)
[OK] File: 3_p02_r03_c06.png -> Pred: 3 (True: 3)
[OK] File: 3_p02_r03_c07.png -> Pred: 3 (True: 3)
[NG] File: 3_p02_r03_c08.png -> Pred: 8 (True: 3)
[NG] File: 3_p02_r03_c09.png -> Pred: 0 (True: 3)
[OK] File: 3_p03_r03_c00.png -> Pred: 3 (True: 3)
[NG] File: 3_p03_r03_c01.png -> Pred: 6 (True: 3)
[NG] File: 3_p03_r03_c02.png -> Pred: 4 (True: 3)
[OK] File: 3_p03_r03_c03.png -> Pred: 3 (True: 3)
[OK] File: 3_p03_r03_c04.png -> Pred: 3 (True: 3)
[OK] File: 3_p03_r03_c05.png -> Pred: 3 (True: 3)
[OK] File: 3_p03_r03_c06.png -> Pred: 3 (True: 3)
[OK] File: 3_p03_r03_c07.png -> Pred: 3 (True: 3)
[NG] File: 3_p03_r03_c08.png -> Pred: 0 (True: 3)
[NG] File: 3_p03_r03_c09.png -> Pred: 8 (True: 3)
[NG] File: 3_p04_r03_c00.png -> Pred: 4 (True: 3)
[NG] File: 3_p04_r03_c01.png -> Pred: 6 (True: 3)
[OK] File: 3_p04_r03_c02.png -> Pred: 3 (True: 3)
[OK] File: 3_p04_r03_c03.png -> Pred: 3 (True: 3)
[NG] File: 3_p04_r03_c04.png -> Pred: 2 (True: 3)
[NG] File: 3_p04_r03_c05.png -> Pred: 9 (True: 3)
[NG] File: 3_p04_r03_c06.png -> Pred: 2 (True: 3)
[OK] File: 3_p04_r03_c07.png -> Pred: 3 (True: 3)
[NG] File: 3_p04_r03_c08.png -> Pred: 7 (True: 3)
[OK] File: 3_p04_r03_c09.png -> Pred: 3 (True: 3)
[NG] File: 3_p05_r03_c00.png -> Pred: 2 (True: 3)
[NG] File: 3_p05_r03_c01.png -> Pred: 4 (True: 3)
[NG] File: 3_p05_r03_c02.png -> Pred: 7 (True: 3)
[NG] File: 3_p05_r03_c03.png -> Pred: 7 (True: 3)
[OK] File: 3_p05_r03_c04.png -> Pred: 3 (True: 3)
[NG] File: 3_p05_r03_c05.png -> Pred: 7 (True: 3)
[NG] File: 3_p05_r03_c06.png -> Pred: 7 (True: 3)
[NG] File: 3_p05_r03_c07.png -> Pred: 0 (True: 3)
[NG] File: 3_p05_r03_c08.png -> Pred: 5 (True: 3)
[NG] File: 3_p05_r03_c09.png -> Pred: 8 (True: 3)
[NG] File: 3_p06_r03_c00.png -> Pred: 7 (True: 3)
[NG] File: 3_p06_r03_c01.png -> Pred: 7 (True: 3)
[NG] File: 3_p06_r03_c02.png -> Pred: 1 (True: 3)
[NG] File: 3_p06_r03_c03.png -> Pred: 2 (True: 3)
[NG] File: 3_p06_r03_c04.png -> Pred: 7 (True: 3)
[OK] File: 3_p06_r03_c05.png -> Pred: 3 (True: 3)
[NG] File: 3_p06_r03_c06.png -> Pred: 1 (True: 3)
[NG] File: 3_p06_r03_c07.png -> Pred: 1 (True: 3)
[OK] File: 3_p06_r03_c08.png -> Pred: 3 (True: 3)
[NG] File: 3_p06_r03_c09.png -> Pred: 8 (True: 3)
[NG] File: 3_p07_r03_c00.png -> Pred: 7 (True: 3)
[NG] File: 3_p07_r03_c01.png -> Pred: 7 (True: 3)
[OK] File: 3_p07_r03_c02.png -> Pred: 3 (True: 3)
[NG] File: 3_p07_r03_c03.png -> Pred: 2 (True: 3)
[NG] File: 3_p07_r03_c04.png -> Pred: 1 (True: 3)
[OK] File: 3_p07_r03_c05.png -> Pred: 3 (True: 3)
[NG] File: 3_p07_r03_c06.png -> Pred: 7 (True: 3)
[NG] File: 3_p07_r03_c07.png -> Pred: 7 (True: 3)
[OK] File: 3_p07_r03_c08.png -> Pred: 3 (True: 3)
[OK] File: 3_p07_r03_c09.png -> Pred: 3 (True: 3)
[NG] File: 3_p08_r03_c00.png -> Pred: 2 (True: 3)
[NG] File: 3_p08_r03_c01.png -> Pred: 4 (True: 3)
[OK] File: 3_p08_r03_c02.png -> Pred: 3 (True: 3)
[OK] File: 3_p08_r03_c03.png -> Pred: 3 (True: 3)
[NG] File: 3_p08_r03_c04.png -> Pred: 1 (True: 3)
[NG] File: 3_p08_r03_c05.png -> Pred: 5 (True: 3)
[NG] File: 3_p08_r03_c06.png -> Pred: 6 (True: 3)
[NG] File: 3_p08_r03_c07.png -> Pred: 8 (True: 3)
[NG] File: 3_p08_r03_c08.png -> Pred: 5 (True: 3)
[NG] File: 3_p08_r03_c09.png -> Pred: 4 (True: 3)
[NG] File: 3_p09_r03_c00.png -> Pred: 2 (True: 3)
[NG] File: 3_p09_r03_c01.png -> Pred: 7 (True: 3)
[NG] File: 3_p09_r03_c02.png -> Pred: 7 (True: 3)
[NG] File: 3_p09_r03_c03.png -> Pred: 7 (True: 3)
[OK] File: 3_p09_r03_c04.png -> Pred: 3 (True: 3)
[NG] File: 3_p09_r03_c05.png -> Pred: 7 (True: 3)
[OK] File: 3_p09_r03_c06.png -> Pred: 3 (True: 3)
[NG] File: 3_p09_r03_c07.png -> Pred: 2 (True: 3)
[NG] File: 3_p09_r03_c08.png -> Pred: 8 (True: 3)
[NG] File: 3_p09_r03_c09.png -> Pred: 7 (True: 3)
[NG] File: 3_p10_r03_c00.png -> Pred: 1 (True: 3)
[NG] File: 3_p10_r03_c01.png -> Pred: 7 (True: 3)
[NG] File: 3_p10_r03_c02.png -> Pred: 2 (True: 3)
[NG] File: 3_p10_r03_c03.png -> Pred: 2 (True: 3)
[NG] File: 3_p10_r03_c04.png -> Pred: 1 (True: 3)
[OK] File: 3_p10_r03_c05.png -> Pred: 3 (True: 3)
[NG] File: 3_p10_r03_c06.png -> Pred: 7 (True: 3)
[OK] File: 3_p10_r03_c07.png -> Pred: 3 (True: 3)
[NG] File: 3_p10_r03_c08.png -> Pred: 2 (True: 3)
[NG] File: 3_p10_r03_c09.png -> Pred: 7 (True: 3)
[OK] File: 4_p01_r04_c00.png -> Pred: 4 (True: 4)
[OK] File: 4_p01_r04_c01.png -> Pred: 4 (True: 4)
[OK] File: 4_p01_r04_c02.png -> Pred: 4 (True: 4)
[NG] File: 4_p01_r04_c03.png -> Pred: 8 (True: 4)
[OK] File: 4_p01_r04_c04.png -> Pred: 4 (True: 4)
[NG] File: 4_p01_r04_c05.png -> Pred: 8 (True: 4)
[NG] File: 4_p01_r04_c06.png -> Pred: 9 (True: 4)
[NG] File: 4_p01_r04_c07.png -> Pred: 8 (True: 4)
[NG] File: 4_p01_r04_c08.png -> Pred: 8 (True: 4)
[OK] File: 4_p01_r04_c09.png -> Pred: 4 (True: 4)
[NG] File: 4_p02_r04_c00.png -> Pred: 6 (True: 4)
[NG] File: 4_p02_r04_c01.png -> Pred: 8 (True: 4)
[NG] File: 4_p02_r04_c02.png -> Pred: 8 (True: 4)
[NG] File: 4_p02_r04_c03.png -> Pred: 0 (True: 4)
[OK] File: 4_p02_r04_c04.png -> Pred: 4 (True: 4)
[NG] File: 4_p02_r04_c05.png -> Pred: 9 (True: 4)
[OK] File: 4_p02_r04_c06.png -> Pred: 4 (True: 4)
[NG] File: 4_p02_r04_c07.png -> Pred: 6 (True: 4)
[NG] File: 4_p02_r04_c08.png -> Pred: 8 (True: 4)
[OK] File: 4_p02_r04_c09.png -> Pred: 4 (True: 4)
[OK] File: 4_p03_r04_c00.png -> Pred: 4 (True: 4)
[OK] File: 4_p03_r04_c01.png -> Pred: 4 (True: 4)
[OK] File: 4_p03_r04_c02.png -> Pred: 4 (True: 4)
[NG] File: 4_p03_r04_c03.png -> Pred: 8 (True: 4)
[OK] File: 4_p03_r04_c04.png -> Pred: 4 (True: 4)
[OK] File: 4_p03_r04_c05.png -> Pred: 4 (True: 4)
[NG] File: 4_p03_r04_c06.png -> Pred: 5 (True: 4)
[NG] File: 4_p03_r04_c07.png -> Pred: 1 (True: 4)
[OK] File: 4_p03_r04_c08.png -> Pred: 4 (True: 4)
[OK] File: 4_p03_r04_c09.png -> Pred: 4 (True: 4)
[NG] File: 4_p04_r04_c00.png -> Pred: 7 (True: 4)
[NG] File: 4_p04_r04_c01.png -> Pred: 9 (True: 4)
[OK] File: 4_p04_r04_c02.png -> Pred: 4 (True: 4)
[OK] File: 4_p04_r04_c03.png -> Pred: 4 (True: 4)
[NG] File: 4_p04_r04_c04.png -> Pred: 8 (True: 4)
[NG] File: 4_p04_r04_c05.png -> Pred: 8 (True: 4)
[NG] File: 4_p04_r04_c06.png -> Pred: 9 (True: 4)
[NG] File: 4_p04_r04_c07.png -> Pred: 8 (True: 4)
[OK] File: 4_p04_r04_c08.png -> Pred: 4 (True: 4)
[OK] File: 4_p04_r04_c09.png -> Pred: 4 (True: 4)
[NG] File: 4_p05_r04_c00.png -> Pred: 7 (True: 4)
[OK] File: 4_p05_r04_c01.png -> Pred: 4 (True: 4)
[NG] File: 4_p05_r04_c02.png -> Pred: 5 (True: 4)
[NG] File: 4_p05_r04_c03.png -> Pred: 5 (True: 4)
[NG] File: 4_p05_r04_c04.png -> Pred: 1 (True: 4)
[NG] File: 4_p05_r04_c05.png -> Pred: 7 (True: 4)
[OK] File: 4_p05_r04_c06.png -> Pred: 4 (True: 4)
[NG] File: 4_p05_r04_c07.png -> Pred: 7 (True: 4)
[NG] File: 4_p05_r04_c08.png -> Pred: 5 (True: 4)
[OK] File: 4_p05_r04_c09.png -> Pred: 4 (True: 4)
[NG] File: 4_p06_r04_c00.png -> Pred: 7 (True: 4)
[OK] File: 4_p06_r04_c01.png -> Pred: 4 (True: 4)
[NG] File: 4_p06_r04_c02.png -> Pred: 7 (True: 4)
[NG] File: 4_p06_r04_c03.png -> Pred: 1 (True: 4)
[NG] File: 4_p06_r04_c04.png -> Pred: 9 (True: 4)
[NG] File: 4_p06_r04_c05.png -> Pred: 8 (True: 4)
[NG] File: 4_p06_r04_c06.png -> Pred: 9 (True: 4)
[NG] File: 4_p06_r04_c07.png -> Pred: 1 (True: 4)
[OK] File: 4_p06_r04_c08.png -> Pred: 4 (True: 4)
[OK] File: 4_p06_r04_c09.png -> Pred: 4 (True: 4)
[NG] File: 4_p07_r04_c00.png -> Pred: 7 (True: 4)
[NG] File: 4_p07_r04_c01.png -> Pred: 7 (True: 4)
[NG] File: 4_p07_r04_c02.png -> Pred: 9 (True: 4)
[OK] File: 4_p07_r04_c03.png -> Pred: 4 (True: 4)
[OK] File: 4_p07_r04_c04.png -> Pred: 4 (True: 4)
[NG] File: 4_p07_r04_c05.png -> Pred: 5 (True: 4)
[NG] File: 4_p07_r04_c06.png -> Pred: 8 (True: 4)
[NG] File: 4_p07_r04_c07.png -> Pred: 9 (True: 4)
[NG] File: 4_p07_r04_c08.png -> Pred: 9 (True: 4)
[NG] File: 4_p07_r04_c09.png -> Pred: 9 (True: 4)
[NG] File: 4_p08_r04_c00.png -> Pred: 9 (True: 4)
[NG] File: 4_p08_r04_c01.png -> Pred: 8 (True: 4)
[OK] File: 4_p08_r04_c02.png -> Pred: 4 (True: 4)
[NG] File: 4_p08_r04_c03.png -> Pred: 8 (True: 4)
[OK] File: 4_p08_r04_c04.png -> Pred: 4 (True: 4)
[OK] File: 4_p08_r04_c05.png -> Pred: 4 (True: 4)
[OK] File: 4_p08_r04_c06.png -> Pred: 4 (True: 4)
[OK] File: 4_p08_r04_c07.png -> Pred: 4 (True: 4)
[OK] File: 4_p08_r04_c08.png -> Pred: 4 (True: 4)
[OK] File: 4_p08_r04_c09.png -> Pred: 4 (True: 4)
[NG] File: 4_p09_r04_c00.png -> Pred: 7 (True: 4)
[NG] File: 4_p09_r04_c01.png -> Pred: 8 (True: 4)
[NG] File: 4_p09_r04_c02.png -> Pred: 1 (True: 4)
[OK] File: 4_p09_r04_c03.png -> Pred: 4 (True: 4)
[OK] File: 4_p09_r04_c04.png -> Pred: 4 (True: 4)
[OK] File: 4_p09_r04_c05.png -> Pred: 4 (True: 4)
[NG] File: 4_p09_r04_c06.png -> Pred: 1 (True: 4)
[NG] File: 4_p09_r04_c07.png -> Pred: 7 (True: 4)
[NG] File: 4_p09_r04_c08.png -> Pred: 1 (True: 4)
[OK] File: 4_p09_r04_c09.png -> Pred: 4 (True: 4)
[NG] File: 4_p10_r04_c00.png -> Pred: 7 (True: 4)
[OK] File: 4_p10_r04_c01.png -> Pred: 4 (True: 4)
[NG] File: 4_p10_r04_c02.png -> Pred: 9 (True: 4)
[NG] File: 4_p10_r04_c03.png -> Pred: 5 (True: 4)
[NG] File: 4_p10_r04_c04.png -> Pred: 9 (True: 4)
[NG] File: 4_p10_r04_c05.png -> Pred: 9 (True: 4)
[OK] File: 4_p10_r04_c06.png -> Pred: 4 (True: 4)
[NG] File: 4_p10_r04_c07.png -> Pred: 5 (True: 4)
[NG] File: 4_p10_r04_c08.png -> Pred: 5 (True: 4)
[NG] File: 4_p10_r04_c09.png -> Pred: 8 (True: 4)
[OK] File: 5_p01_r05_c00.png -> Pred: 5 (True: 5)
[NG] File: 5_p01_r05_c01.png -> Pred: 7 (True: 5)
[OK] File: 5_p01_r05_c02.png -> Pred: 5 (True: 5)
[OK] File: 5_p01_r05_c03.png -> Pred: 5 (True: 5)
[NG] File: 5_p01_r05_c04.png -> Pred: 8 (True: 5)
[OK] File: 5_p01_r05_c05.png -> Pred: 5 (True: 5)
[OK] File: 5_p01_r05_c06.png -> Pred: 5 (True: 5)
[OK] File: 5_p01_r05_c07.png -> Pred: 5 (True: 5)
[OK] File: 5_p01_r05_c08.png -> Pred: 5 (True: 5)
[OK] File: 5_p01_r05_c09.png -> Pred: 5 (True: 5)
[OK] File: 5_p02_r05_c00.png -> Pred: 5 (True: 5)
[NG] File: 5_p02_r05_c01.png -> Pred: 2 (True: 5)
[NG] File: 5_p02_r05_c02.png -> Pred: 3 (True: 5)
[OK] File: 5_p02_r05_c03.png -> Pred: 5 (True: 5)
[OK] File: 5_p02_r05_c04.png -> Pred: 5 (True: 5)
[OK] File: 5_p02_r05_c05.png -> Pred: 5 (True: 5)
[NG] File: 5_p02_r05_c06.png -> Pred: 9 (True: 5)
[OK] File: 5_p02_r05_c07.png -> Pred: 5 (True: 5)
[OK] File: 5_p02_r05_c08.png -> Pred: 5 (True: 5)
[OK] File: 5_p02_r05_c09.png -> Pred: 5 (True: 5)
[OK] File: 5_p03_r05_c00.png -> Pred: 5 (True: 5)
[NG] File: 5_p03_r05_c01.png -> Pred: 2 (True: 5)
[NG] File: 5_p03_r05_c02.png -> Pred: 7 (True: 5)
[OK] File: 5_p03_r05_c03.png -> Pred: 5 (True: 5)
[OK] File: 5_p03_r05_c04.png -> Pred: 5 (True: 5)
[OK] File: 5_p03_r05_c05.png -> Pred: 5 (True: 5)
[OK] File: 5_p03_r05_c06.png -> Pred: 5 (True: 5)
[OK] File: 5_p03_r05_c07.png -> Pred: 5 (True: 5)
[OK] File: 5_p03_r05_c08.png -> Pred: 5 (True: 5)
[OK] File: 5_p03_r05_c09.png -> Pred: 5 (True: 5)
[OK] File: 5_p04_r05_c00.png -> Pred: 5 (True: 5)
[OK] File: 5_p04_r05_c01.png -> Pred: 5 (True: 5)
[OK] File: 5_p04_r05_c02.png -> Pred: 5 (True: 5)
[OK] File: 5_p04_r05_c03.png -> Pred: 5 (True: 5)
[OK] File: 5_p04_r05_c04.png -> Pred: 5 (True: 5)
[NG] File: 5_p04_r05_c05.png -> Pred: 7 (True: 5)
[OK] File: 5_p04_r05_c06.png -> Pred: 5 (True: 5)
[OK] File: 5_p04_r05_c07.png -> Pred: 5 (True: 5)
[OK] File: 5_p04_r05_c08.png -> Pred: 5 (True: 5)
[OK] File: 5_p04_r05_c09.png -> Pred: 5 (True: 5)
[NG] File: 5_p05_r05_c00.png -> Pred: 7 (True: 5)
[NG] File: 5_p05_r05_c01.png -> Pred: 9 (True: 5)
[NG] File: 5_p05_r05_c02.png -> Pred: 9 (True: 5)
[OK] File: 5_p05_r05_c03.png -> Pred: 5 (True: 5)
[NG] File: 5_p05_r05_c04.png -> Pred: 9 (True: 5)
[NG] File: 5_p05_r05_c05.png -> Pred: 9 (True: 5)
[OK] File: 5_p05_r05_c06.png -> Pred: 5 (True: 5)
[OK] File: 5_p05_r05_c07.png -> Pred: 5 (True: 5)
[NG] File: 5_p05_r05_c08.png -> Pred: 9 (True: 5)
[NG] File: 5_p05_r05_c09.png -> Pred: 9 (True: 5)
[NG] File: 5_p06_r05_c00.png -> Pred: 7 (True: 5)
[NG] File: 5_p06_r05_c01.png -> Pred: 2 (True: 5)
[NG] File: 5_p06_r05_c02.png -> Pred: 7 (True: 5)
[NG] File: 5_p06_r05_c03.png -> Pred: 9 (True: 5)
[OK] File: 5_p06_r05_c04.png -> Pred: 5 (True: 5)
[NG] File: 5_p06_r05_c05.png -> Pred: 9 (True: 5)
[OK] File: 5_p06_r05_c06.png -> Pred: 5 (True: 5)
[NG] File: 5_p06_r05_c07.png -> Pred: 9 (True: 5)
[NG] File: 5_p06_r05_c08.png -> Pred: 0 (True: 5)
[OK] File: 5_p06_r05_c09.png -> Pred: 5 (True: 5)
[NG] File: 5_p07_r05_c00.png -> Pred: 9 (True: 5)
[NG] File: 5_p07_r05_c01.png -> Pred: 9 (True: 5)
[NG] File: 5_p07_r05_c02.png -> Pred: 2 (True: 5)
[OK] File: 5_p07_r05_c03.png -> Pred: 5 (True: 5)
[NG] File: 5_p07_r05_c04.png -> Pred: 8 (True: 5)
[OK] File: 5_p07_r05_c05.png -> Pred: 5 (True: 5)
[OK] File: 5_p07_r05_c06.png -> Pred: 5 (True: 5)
[OK] File: 5_p07_r05_c07.png -> Pred: 5 (True: 5)
[OK] File: 5_p07_r05_c08.png -> Pred: 5 (True: 5)
[OK] File: 5_p07_r05_c09.png -> Pred: 5 (True: 5)
[OK] File: 5_p08_r05_c00.png -> Pred: 5 (True: 5)
[OK] File: 5_p08_r05_c01.png -> Pred: 5 (True: 5)
[NG] File: 5_p08_r05_c02.png -> Pred: 8 (True: 5)
[OK] File: 5_p08_r05_c03.png -> Pred: 5 (True: 5)
[OK] File: 5_p08_r05_c04.png -> Pred: 5 (True: 5)
[OK] File: 5_p08_r05_c05.png -> Pred: 5 (True: 5)
[OK] File: 5_p08_r05_c06.png -> Pred: 5 (True: 5)
[NG] File: 5_p08_r05_c07.png -> Pred: 8 (True: 5)
[OK] File: 5_p08_r05_c08.png -> Pred: 5 (True: 5)
[NG] File: 5_p08_r05_c09.png -> Pred: 8 (True: 5)
[OK] File: 5_p09_r05_c00.png -> Pred: 5 (True: 5)
[NG] File: 5_p09_r05_c01.png -> Pred: 9 (True: 5)
[OK] File: 5_p09_r05_c02.png -> Pred: 5 (True: 5)
[OK] File: 5_p09_r05_c03.png -> Pred: 5 (True: 5)
[NG] File: 5_p09_r05_c04.png -> Pred: 4 (True: 5)
[OK] File: 5_p09_r05_c05.png -> Pred: 5 (True: 5)
[OK] File: 5_p09_r05_c06.png -> Pred: 5 (True: 5)
[OK] File: 5_p09_r05_c07.png -> Pred: 5 (True: 5)
[NG] File: 5_p09_r05_c08.png -> Pred: 2 (True: 5)
[NG] File: 5_p09_r05_c09.png -> Pred: 0 (True: 5)
[NG] File: 5_p10_r05_c00.png -> Pred: 7 (True: 5)
[NG] File: 5_p10_r05_c01.png -> Pred: 7 (True: 5)
[OK] File: 5_p10_r05_c02.png -> Pred: 5 (True: 5)
[OK] File: 5_p10_r05_c03.png -> Pred: 5 (True: 5)
[NG] File: 5_p10_r05_c04.png -> Pred: 3 (True: 5)
[OK] File: 5_p10_r05_c05.png -> Pred: 5 (True: 5)
[NG] File: 5_p10_r05_c06.png -> Pred: 8 (True: 5)
[NG] File: 5_p10_r05_c07.png -> Pred: 0 (True: 5)
[NG] File: 5_p10_r05_c08.png -> Pred: 9 (True: 5)
[OK] File: 5_p10_r05_c09.png -> Pred: 5 (True: 5)
[NG] File: 6_p01_r06_c00.png -> Pred: 4 (True: 6)
[NG] File: 6_p01_r06_c01.png -> Pred: 4 (True: 6)
[NG] File: 6_p01_r06_c02.png -> Pred: 4 (True: 6)
[NG] File: 6_p01_r06_c03.png -> Pred: 9 (True: 6)
[OK] File: 6_p01_r06_c04.png -> Pred: 6 (True: 6)
[OK] File: 6_p01_r06_c05.png -> Pred: 6 (True: 6)
[OK] File: 6_p01_r06_c06.png -> Pred: 6 (True: 6)
[OK] File: 6_p01_r06_c07.png -> Pred: 6 (True: 6)
[OK] File: 6_p01_r06_c08.png -> Pred: 6 (True: 6)
[NG] File: 6_p01_r06_c09.png -> Pred: 9 (True: 6)
[OK] File: 6_p02_r06_c00.png -> Pred: 6 (True: 6)
[NG] File: 6_p02_r06_c01.png -> Pred: 4 (True: 6)
[OK] File: 6_p02_r06_c02.png -> Pred: 6 (True: 6)
[NG] File: 6_p02_r06_c03.png -> Pred: 5 (True: 6)
[OK] File: 6_p02_r06_c04.png -> Pred: 6 (True: 6)
[OK] File: 6_p02_r06_c05.png -> Pred: 6 (True: 6)
[OK] File: 6_p02_r06_c06.png -> Pred: 6 (True: 6)
[OK] File: 6_p02_r06_c07.png -> Pred: 6 (True: 6)
[NG] File: 6_p02_r06_c08.png -> Pred: 2 (True: 6)
[OK] File: 6_p02_r06_c09.png -> Pred: 6 (True: 6)
[NG] File: 6_p03_r06_c00.png -> Pred: 9 (True: 6)
[NG] File: 6_p03_r06_c01.png -> Pred: 7 (True: 6)
[NG] File: 6_p03_r06_c02.png -> Pred: 4 (True: 6)
[NG] File: 6_p03_r06_c03.png -> Pred: 9 (True: 6)
[OK] File: 6_p03_r06_c04.png -> Pred: 6 (True: 6)
[OK] File: 6_p03_r06_c05.png -> Pred: 6 (True: 6)
[NG] File: 6_p03_r06_c06.png -> Pred: 4 (True: 6)
[OK] File: 6_p03_r06_c07.png -> Pred: 6 (True: 6)
[NG] File: 6_p03_r06_c08.png -> Pred: 2 (True: 6)
[OK] File: 6_p03_r06_c09.png -> Pred: 6 (True: 6)
[NG] File: 6_p04_r06_c00.png -> Pred: 9 (True: 6)
[NG] File: 6_p04_r06_c01.png -> Pred: 7 (True: 6)
[NG] File: 6_p04_r06_c02.png -> Pred: 7 (True: 6)
[OK] File: 6_p04_r06_c03.png -> Pred: 6 (True: 6)
[NG] File: 6_p04_r06_c04.png -> Pred: 5 (True: 6)
[OK] File: 6_p04_r06_c05.png -> Pred: 6 (True: 6)
[OK] File: 6_p04_r06_c06.png -> Pred: 6 (True: 6)
[OK] File: 6_p04_r06_c07.png -> Pred: 6 (True: 6)
[NG] File: 6_p04_r06_c08.png -> Pred: 9 (True: 6)
[NG] File: 6_p04_r06_c09.png -> Pred: 4 (True: 6)
[NG] File: 6_p05_r06_c00.png -> Pred: 4 (True: 6)
[NG] File: 6_p05_r06_c01.png -> Pred: 4 (True: 6)
[NG] File: 6_p05_r06_c02.png -> Pred: 9 (True: 6)
[NG] File: 6_p05_r06_c03.png -> Pred: 9 (True: 6)
[OK] File: 6_p05_r06_c04.png -> Pred: 6 (True: 6)
[NG] File: 6_p05_r06_c05.png -> Pred: 9 (True: 6)
[NG] File: 6_p05_r06_c06.png -> Pred: 4 (True: 6)
[NG] File: 6_p05_r06_c07.png -> Pred: 4 (True: 6)
[NG] File: 6_p05_r06_c08.png -> Pred: 7 (True: 6)
[NG] File: 6_p05_r06_c09.png -> Pred: 4 (True: 6)
[NG] File: 6_p06_r06_c00.png -> Pred: 1 (True: 6)
[NG] File: 6_p06_r06_c01.png -> Pred: 7 (True: 6)
[NG] File: 6_p06_r06_c02.png -> Pred: 4 (True: 6)
[NG] File: 6_p06_r06_c03.png -> Pred: 9 (True: 6)
[NG] File: 6_p06_r06_c04.png -> Pred: 9 (True: 6)
[NG] File: 6_p06_r06_c05.png -> Pred: 9 (True: 6)
[NG] File: 6_p06_r06_c06.png -> Pred: 9 (True: 6)
[OK] File: 6_p06_r06_c07.png -> Pred: 6 (True: 6)
[OK] File: 6_p06_r06_c08.png -> Pred: 6 (True: 6)
[NG] File: 6_p06_r06_c09.png -> Pred: 9 (True: 6)
[NG] File: 6_p07_r06_c00.png -> Pred: 9 (True: 6)
[NG] File: 6_p07_r06_c01.png -> Pred: 7 (True: 6)
[OK] File: 6_p07_r06_c02.png -> Pred: 6 (True: 6)
[OK] File: 6_p07_r06_c03.png -> Pred: 6 (True: 6)
[NG] File: 6_p07_r06_c04.png -> Pred: 9 (True: 6)
[NG] File: 6_p07_r06_c05.png -> Pred: 9 (True: 6)
[NG] File: 6_p07_r06_c06.png -> Pred: 9 (True: 6)
[NG] File: 6_p07_r06_c07.png -> Pred: 9 (True: 6)
[NG] File: 6_p07_r06_c08.png -> Pred: 4 (True: 6)
[NG] File: 6_p07_r06_c09.png -> Pred: 4 (True: 6)
[NG] File: 6_p08_r06_c00.png -> Pred: 4 (True: 6)
[NG] File: 6_p08_r06_c01.png -> Pred: 4 (True: 6)
[OK] File: 6_p08_r06_c02.png -> Pred: 6 (True: 6)
[OK] File: 6_p08_r06_c03.png -> Pred: 6 (True: 6)
[OK] File: 6_p08_r06_c04.png -> Pred: 6 (True: 6)
[OK] File: 6_p08_r06_c05.png -> Pred: 6 (True: 6)
[NG] File: 6_p08_r06_c06.png -> Pred: 4 (True: 6)
[OK] File: 6_p08_r06_c07.png -> Pred: 6 (True: 6)
[NG] File: 6_p08_r06_c08.png -> Pred: 2 (True: 6)
[OK] File: 6_p08_r06_c09.png -> Pred: 6 (True: 6)
[NG] File: 6_p09_r06_c00.png -> Pred: 4 (True: 6)
[NG] File: 6_p09_r06_c01.png -> Pred: 7 (True: 6)
[NG] File: 6_p09_r06_c02.png -> Pred: 9 (True: 6)
[OK] File: 6_p09_r06_c03.png -> Pred: 6 (True: 6)
[OK] File: 6_p09_r06_c04.png -> Pred: 6 (True: 6)
[OK] File: 6_p09_r06_c05.png -> Pred: 6 (True: 6)
[OK] File: 6_p09_r06_c06.png -> Pred: 6 (True: 6)
[NG] File: 6_p09_r06_c07.png -> Pred: 3 (True: 6)
[NG] File: 6_p09_r06_c08.png -> Pred: 4 (True: 6)
[NG] File: 6_p09_r06_c09.png -> Pred: 9 (True: 6)
[NG] File: 6_p10_r06_c00.png -> Pred: 9 (True: 6)
[NG] File: 6_p10_r06_c01.png -> Pred: 4 (True: 6)
[NG] File: 6_p10_r06_c02.png -> Pred: 8 (True: 6)
[NG] File: 6_p10_r06_c03.png -> Pred: 2 (True: 6)
[NG] File: 6_p10_r06_c04.png -> Pred: 9 (True: 6)
[NG] File: 6_p10_r06_c05.png -> Pred: 9 (True: 6)
[NG] File: 6_p10_r06_c06.png -> Pred: 4 (True: 6)
[NG] File: 6_p10_r06_c07.png -> Pred: 9 (True: 6)
[NG] File: 6_p10_r06_c08.png -> Pred: 9 (True: 6)
[NG] File: 6_p10_r06_c09.png -> Pred: 9 (True: 6)
[NG] File: 7_p01_r07_c00.png -> Pred: 1 (True: 7)
[NG] File: 7_p01_r07_c01.png -> Pred: 6 (True: 7)
[NG] File: 7_p01_r07_c02.png -> Pred: 1 (True: 7)
[NG] File: 7_p01_r07_c03.png -> Pred: 4 (True: 7)
[NG] File: 7_p01_r07_c04.png -> Pred: 2 (True: 7)
[NG] File: 7_p01_r07_c05.png -> Pred: 1 (True: 7)
[NG] File: 7_p01_r07_c06.png -> Pred: 4 (True: 7)
[OK] File: 7_p01_r07_c07.png -> Pred: 7 (True: 7)
[OK] File: 7_p01_r07_c08.png -> Pred: 7 (True: 7)
[OK] File: 7_p01_r07_c09.png -> Pred: 7 (True: 7)
[NG] File: 7_p02_r07_c00.png -> Pred: 1 (True: 7)
[OK] File: 7_p02_r07_c01.png -> Pred: 7 (True: 7)
[OK] File: 7_p02_r07_c02.png -> Pred: 7 (True: 7)
[OK] File: 7_p02_r07_c03.png -> Pred: 7 (True: 7)
[OK] File: 7_p02_r07_c04.png -> Pred: 7 (True: 7)
[OK] File: 7_p02_r07_c05.png -> Pred: 7 (True: 7)
[OK] File: 7_p02_r07_c06.png -> Pred: 7 (True: 7)
[OK] File: 7_p02_r07_c07.png -> Pred: 7 (True: 7)
[NG] File: 7_p02_r07_c08.png -> Pred: 6 (True: 7)
[OK] File: 7_p02_r07_c09.png -> Pred: 7 (True: 7)
[NG] File: 7_p03_r07_c00.png -> Pred: 2 (True: 7)
[NG] File: 7_p03_r07_c01.png -> Pred: 6 (True: 7)
[NG] File: 7_p03_r07_c02.png -> Pred: 6 (True: 7)
[NG] File: 7_p03_r07_c03.png -> Pred: 6 (True: 7)
[OK] File: 7_p03_r07_c04.png -> Pred: 7 (True: 7)
[NG] File: 7_p03_r07_c05.png -> Pred: 0 (True: 7)
[OK] File: 7_p03_r07_c06.png -> Pred: 7 (True: 7)
[OK] File: 7_p03_r07_c07.png -> Pred: 7 (True: 7)
[OK] File: 7_p03_r07_c08.png -> Pred: 7 (True: 7)
[OK] File: 7_p03_r07_c09.png -> Pred: 7 (True: 7)
[OK] File: 7_p04_r07_c00.png -> Pred: 7 (True: 7)
[OK] File: 7_p04_r07_c01.png -> Pred: 7 (True: 7)
[OK] File: 7_p04_r07_c02.png -> Pred: 7 (True: 7)
[NG] File: 7_p04_r07_c03.png -> Pred: 1 (True: 7)
[OK] File: 7_p04_r07_c04.png -> Pred: 7 (True: 7)
[OK] File: 7_p04_r07_c05.png -> Pred: 7 (True: 7)
[OK] File: 7_p04_r07_c06.png -> Pred: 7 (True: 7)
[OK] File: 7_p04_r07_c07.png -> Pred: 7 (True: 7)
[NG] File: 7_p04_r07_c08.png -> Pred: 1 (True: 7)
[OK] File: 7_p04_r07_c09.png -> Pred: 7 (True: 7)
[NG] File: 7_p05_r07_c00.png -> Pred: 4 (True: 7)
[OK] File: 7_p05_r07_c01.png -> Pred: 7 (True: 7)
[NG] File: 7_p05_r07_c02.png -> Pred: 1 (True: 7)
[NG] File: 7_p05_r07_c03.png -> Pred: 1 (True: 7)
[OK] File: 7_p05_r07_c04.png -> Pred: 7 (True: 7)
[NG] File: 7_p05_r07_c05.png -> Pred: 1 (True: 7)
[NG] File: 7_p05_r07_c06.png -> Pred: 1 (True: 7)
[NG] File: 7_p05_r07_c07.png -> Pred: 4 (True: 7)
[NG] File: 7_p05_r07_c08.png -> Pred: 4 (True: 7)
[OK] File: 7_p05_r07_c09.png -> Pred: 7 (True: 7)
[NG] File: 7_p06_r07_c00.png -> Pred: 6 (True: 7)
[NG] File: 7_p06_r07_c01.png -> Pred: 1 (True: 7)
[NG] File: 7_p06_r07_c02.png -> Pred: 1 (True: 7)
[OK] File: 7_p06_r07_c03.png -> Pred: 7 (True: 7)
[NG] File: 7_p06_r07_c04.png -> Pred: 2 (True: 7)
[NG] File: 7_p06_r07_c05.png -> Pred: 1 (True: 7)
[NG] File: 7_p06_r07_c06.png -> Pred: 2 (True: 7)
[NG] File: 7_p06_r07_c07.png -> Pred: 2 (True: 7)
[NG] File: 7_p06_r07_c08.png -> Pred: 4 (True: 7)
[OK] File: 7_p06_r07_c09.png -> Pred: 7 (True: 7)
[NG] File: 7_p07_r07_c00.png -> Pred: 8 (True: 7)
[OK] File: 7_p07_r07_c01.png -> Pred: 7 (True: 7)
[OK] File: 7_p07_r07_c02.png -> Pred: 7 (True: 7)
[OK] File: 7_p07_r07_c03.png -> Pred: 7 (True: 7)
[OK] File: 7_p07_r07_c04.png -> Pred: 7 (True: 7)
[OK] File: 7_p07_r07_c05.png -> Pred: 7 (True: 7)
[NG] File: 7_p07_r07_c06.png -> Pred: 1 (True: 7)
[OK] File: 7_p07_r07_c07.png -> Pred: 7 (True: 7)
[OK] File: 7_p07_r07_c08.png -> Pred: 7 (True: 7)
[OK] File: 7_p07_r07_c09.png -> Pred: 7 (True: 7)
[OK] File: 7_p08_r07_c00.png -> Pred: 7 (True: 7)
[OK] File: 7_p08_r07_c01.png -> Pred: 7 (True: 7)
[OK] File: 7_p08_r07_c02.png -> Pred: 7 (True: 7)
[OK] File: 7_p08_r07_c03.png -> Pred: 7 (True: 7)
[OK] File: 7_p08_r07_c04.png -> Pred: 7 (True: 7)
[OK] File: 7_p08_r07_c05.png -> Pred: 7 (True: 7)
[OK] File: 7_p08_r07_c06.png -> Pred: 7 (True: 7)
[NG] File: 7_p08_r07_c07.png -> Pred: 4 (True: 7)
[OK] File: 7_p08_r07_c08.png -> Pred: 7 (True: 7)
[NG] File: 7_p08_r07_c09.png -> Pred: 4 (True: 7)
[NG] File: 7_p09_r07_c00.png -> Pred: 1 (True: 7)
[NG] File: 7_p09_r07_c01.png -> Pred: 1 (True: 7)
[NG] File: 7_p09_r07_c02.png -> Pred: 6 (True: 7)
[NG] File: 7_p09_r07_c03.png -> Pred: 2 (True: 7)
[OK] File: 7_p09_r07_c04.png -> Pred: 7 (True: 7)
[NG] File: 7_p09_r07_c05.png -> Pred: 1 (True: 7)
[NG] File: 7_p09_r07_c06.png -> Pred: 2 (True: 7)
[NG] File: 7_p09_r07_c07.png -> Pred: 1 (True: 7)
[NG] File: 7_p09_r07_c08.png -> Pred: 4 (True: 7)
[NG] File: 7_p09_r07_c09.png -> Pred: 2 (True: 7)
[NG] File: 7_p10_r07_c00.png -> Pred: 1 (True: 7)
[OK] File: 7_p10_r07_c01.png -> Pred: 7 (True: 7)
[NG] File: 7_p10_r07_c02.png -> Pred: 2 (True: 7)
[OK] File: 7_p10_r07_c03.png -> Pred: 7 (True: 7)
[NG] File: 7_p10_r07_c04.png -> Pred: 1 (True: 7)
[NG] File: 7_p10_r07_c05.png -> Pred: 2 (True: 7)
[NG] File: 7_p10_r07_c06.png -> Pred: 1 (True: 7)
[NG] File: 7_p10_r07_c07.png -> Pred: 1 (True: 7)
[OK] File: 7_p10_r07_c08.png -> Pred: 7 (True: 7)
[NG] File: 7_p10_r07_c09.png -> Pred: 1 (True: 7)
[OK] File: 8_p01_r08_c00.png -> Pred: 8 (True: 8)
[NG] File: 8_p01_r08_c01.png -> Pred: 1 (True: 8)
[OK] File: 8_p01_r08_c02.png -> Pred: 8 (True: 8)
[OK] File: 8_p01_r08_c03.png -> Pred: 8 (True: 8)
[OK] File: 8_p01_r08_c04.png -> Pred: 8 (True: 8)
[OK] File: 8_p01_r08_c05.png -> Pred: 8 (True: 8)
[OK] File: 8_p01_r08_c06.png -> Pred: 8 (True: 8)
[OK] File: 8_p01_r08_c07.png -> Pred: 8 (True: 8)
[OK] File: 8_p01_r08_c08.png -> Pred: 8 (True: 8)
[NG] File: 8_p01_r08_c09.png -> Pred: 6 (True: 8)
[OK] File: 8_p02_r08_c00.png -> Pred: 8 (True: 8)
[OK] File: 8_p02_r08_c01.png -> Pred: 8 (True: 8)
[OK] File: 8_p02_r08_c02.png -> Pred: 8 (True: 8)
[NG] File: 8_p02_r08_c03.png -> Pred: 9 (True: 8)
[NG] File: 8_p02_r08_c04.png -> Pred: 2 (True: 8)
[OK] File: 8_p02_r08_c05.png -> Pred: 8 (True: 8)
[OK] File: 8_p02_r08_c06.png -> Pred: 8 (True: 8)
[OK] File: 8_p02_r08_c07.png -> Pred: 8 (True: 8)
[NG] File: 8_p02_r08_c08.png -> Pred: 3 (True: 8)
[OK] File: 8_p02_r08_c09.png -> Pred: 8 (True: 8)
[OK] File: 8_p03_r08_c00.png -> Pred: 8 (True: 8)
[NG] File: 8_p03_r08_c01.png -> Pred: 1 (True: 8)
[NG] File: 8_p03_r08_c02.png -> Pred: 0 (True: 8)
[OK] File: 8_p03_r08_c03.png -> Pred: 8 (True: 8)
[OK] File: 8_p03_r08_c04.png -> Pred: 8 (True: 8)
[OK] File: 8_p03_r08_c05.png -> Pred: 8 (True: 8)
[OK] File: 8_p03_r08_c06.png -> Pred: 8 (True: 8)
[OK] File: 8_p03_r08_c07.png -> Pred: 8 (True: 8)
[NG] File: 8_p03_r08_c08.png -> Pred: 6 (True: 8)
[OK] File: 8_p03_r08_c09.png -> Pred: 8 (True: 8)
[OK] File: 8_p04_r08_c00.png -> Pred: 8 (True: 8)
[NG] File: 8_p04_r08_c01.png -> Pred: 4 (True: 8)
[OK] File: 8_p04_r08_c02.png -> Pred: 8 (True: 8)
[OK] File: 8_p04_r08_c03.png -> Pred: 8 (True: 8)
[NG] File: 8_p04_r08_c04.png -> Pred: 0 (True: 8)
[OK] File: 8_p04_r08_c05.png -> Pred: 8 (True: 8)
[OK] File: 8_p04_r08_c06.png -> Pred: 8 (True: 8)
[NG] File: 8_p04_r08_c07.png -> Pred: 9 (True: 8)
[OK] File: 8_p04_r08_c08.png -> Pred: 8 (True: 8)
[NG] File: 8_p04_r08_c09.png -> Pred: 3 (True: 8)
[NG] File: 8_p05_r08_c00.png -> Pred: 4 (True: 8)
[NG] File: 8_p05_r08_c01.png -> Pred: 1 (True: 8)
[OK] File: 8_p05_r08_c02.png -> Pred: 8 (True: 8)
[NG] File: 8_p05_r08_c03.png -> Pred: 4 (True: 8)
[OK] File: 8_p05_r08_c04.png -> Pred: 8 (True: 8)
[OK] File: 8_p05_r08_c05.png -> Pred: 8 (True: 8)
[OK] File: 8_p05_r08_c06.png -> Pred: 8 (True: 8)
[NG] File: 8_p05_r08_c07.png -> Pred: 6 (True: 8)
[OK] File: 8_p05_r08_c08.png -> Pred: 8 (True: 8)
[OK] File: 8_p05_r08_c09.png -> Pred: 8 (True: 8)
[NG] File: 8_p06_r08_c00.png -> Pred: 4 (True: 8)
[NG] File: 8_p06_r08_c01.png -> Pred: 1 (True: 8)
[OK] File: 8_p06_r08_c02.png -> Pred: 8 (True: 8)
[OK] File: 8_p06_r08_c03.png -> Pred: 8 (True: 8)
[OK] File: 8_p06_r08_c04.png -> Pred: 8 (True: 8)
[OK] File: 8_p06_r08_c05.png -> Pred: 8 (True: 8)
[OK] File: 8_p06_r08_c06.png -> Pred: 8 (True: 8)
[NG] File: 8_p06_r08_c07.png -> Pred: 9 (True: 8)
[NG] File: 8_p06_r08_c08.png -> Pred: 3 (True: 8)
[OK] File: 8_p06_r08_c09.png -> Pred: 8 (True: 8)
[NG] File: 8_p07_r08_c00.png -> Pred: 4 (True: 8)
[NG] File: 8_p07_r08_c01.png -> Pred: 4 (True: 8)
[OK] File: 8_p07_r08_c02.png -> Pred: 8 (True: 8)
[OK] File: 8_p07_r08_c03.png -> Pred: 8 (True: 8)
[OK] File: 8_p07_r08_c04.png -> Pred: 8 (True: 8)
[OK] File: 8_p07_r08_c05.png -> Pred: 8 (True: 8)
[OK] File: 8_p07_r08_c06.png -> Pred: 8 (True: 8)
[NG] File: 8_p07_r08_c07.png -> Pred: 9 (True: 8)
[OK] File: 8_p07_r08_c08.png -> Pred: 8 (True: 8)
[NG] File: 8_p07_r08_c09.png -> Pred: 9 (True: 8)
[OK] File: 8_p08_r08_c00.png -> Pred: 8 (True: 8)
[NG] File: 8_p08_r08_c01.png -> Pred: 0 (True: 8)
[NG] File: 8_p08_r08_c02.png -> Pred: 9 (True: 8)
[NG] File: 8_p08_r08_c03.png -> Pred: 2 (True: 8)
[NG] File: 8_p08_r08_c04.png -> Pred: 9 (True: 8)
[NG] File: 8_p08_r08_c05.png -> Pred: 6 (True: 8)
[NG] File: 8_p08_r08_c06.png -> Pred: 6 (True: 8)
[NG] File: 8_p08_r08_c07.png -> Pred: 2 (True: 8)
[NG] File: 8_p08_r08_c08.png -> Pred: 2 (True: 8)
[NG] File: 8_p08_r08_c09.png -> Pred: 6 (True: 8)
[OK] File: 8_p09_r08_c00.png -> Pred: 8 (True: 8)
[NG] File: 8_p09_r08_c01.png -> Pred: 4 (True: 8)
[OK] File: 8_p09_r08_c02.png -> Pred: 8 (True: 8)
[NG] File: 8_p09_r08_c03.png -> Pred: 4 (True: 8)
[OK] File: 8_p09_r08_c04.png -> Pred: 8 (True: 8)
[NG] File: 8_p09_r08_c05.png -> Pred: 1 (True: 8)
[OK] File: 8_p09_r08_c06.png -> Pred: 8 (True: 8)
[OK] File: 8_p09_r08_c07.png -> Pred: 8 (True: 8)
[OK] File: 8_p09_r08_c08.png -> Pred: 8 (True: 8)
[OK] File: 8_p09_r08_c09.png -> Pred: 8 (True: 8)
[OK] File: 8_p10_r08_c00.png -> Pred: 8 (True: 8)
[NG] File: 8_p10_r08_c01.png -> Pred: 0 (True: 8)
[OK] File: 8_p10_r08_c02.png -> Pred: 8 (True: 8)
[OK] File: 8_p10_r08_c03.png -> Pred: 8 (True: 8)
[OK] File: 8_p10_r08_c04.png -> Pred: 8 (True: 8)
[OK] File: 8_p10_r08_c05.png -> Pred: 8 (True: 8)
[NG] File: 8_p10_r08_c06.png -> Pred: 9 (True: 8)
[OK] File: 8_p10_r08_c07.png -> Pred: 8 (True: 8)
[OK] File: 8_p10_r08_c08.png -> Pred: 8 (True: 8)
[NG] File: 8_p10_r08_c09.png -> Pred: 9 (True: 8)
[NG] File: 9_p01_r09_c00.png -> Pred: 1 (True: 9)
[NG] File: 9_p01_r09_c01.png -> Pred: 1 (True: 9)
[OK] File: 9_p01_r09_c02.png -> Pred: 9 (True: 9)
[OK] File: 9_p01_r09_c03.png -> Pred: 9 (True: 9)
[OK] File: 9_p01_r09_c04.png -> Pred: 9 (True: 9)
[NG] File: 9_p01_r09_c05.png -> Pred: 7 (True: 9)
[OK] File: 9_p01_r09_c06.png -> Pred: 9 (True: 9)
[NG] File: 9_p01_r09_c07.png -> Pred: 2 (True: 9)
[NG] File: 9_p01_r09_c08.png -> Pred: 7 (True: 9)
[NG] File: 9_p01_r09_c09.png -> Pred: 4 (True: 9)
[NG] File: 9_p02_r09_c00.png -> Pred: 4 (True: 9)
[NG] File: 9_p02_r09_c01.png -> Pred: 1 (True: 9)
[NG] File: 9_p02_r09_c02.png -> Pred: 7 (True: 9)
[NG] File: 9_p02_r09_c03.png -> Pred: 4 (True: 9)
[OK] File: 9_p02_r09_c04.png -> Pred: 9 (True: 9)
[OK] File: 9_p02_r09_c05.png -> Pred: 9 (True: 9)
[NG] File: 9_p02_r09_c06.png -> Pred: 4 (True: 9)
[OK] File: 9_p02_r09_c07.png -> Pred: 9 (True: 9)
[NG] File: 9_p02_r09_c08.png -> Pred: 7 (True: 9)
[OK] File: 9_p02_r09_c09.png -> Pred: 9 (True: 9)
[NG] File: 9_p03_r09_c00.png -> Pred: 7 (True: 9)
[NG] File: 9_p03_r09_c01.png -> Pred: 7 (True: 9)
[NG] File: 9_p03_r09_c02.png -> Pred: 4 (True: 9)
[OK] File: 9_p03_r09_c03.png -> Pred: 9 (True: 9)
[NG] File: 9_p03_r09_c04.png -> Pred: 4 (True: 9)
[OK] File: 9_p03_r09_c05.png -> Pred: 9 (True: 9)
[OK] File: 9_p03_r09_c06.png -> Pred: 9 (True: 9)
[OK] File: 9_p03_r09_c07.png -> Pred: 9 (True: 9)
[NG] File: 9_p03_r09_c08.png -> Pred: 8 (True: 9)
[OK] File: 9_p03_r09_c09.png -> Pred: 9 (True: 9)
[NG] File: 9_p04_r09_c00.png -> Pred: 7 (True: 9)
[NG] File: 9_p04_r09_c01.png -> Pred: 7 (True: 9)
[NG] File: 9_p04_r09_c02.png -> Pred: 8 (True: 9)
[OK] File: 9_p04_r09_c03.png -> Pred: 9 (True: 9)
[OK] File: 9_p04_r09_c04.png -> Pred: 9 (True: 9)
[OK] File: 9_p04_r09_c05.png -> Pred: 9 (True: 9)
[NG] File: 9_p04_r09_c06.png -> Pred: 7 (True: 9)
[OK] File: 9_p04_r09_c07.png -> Pred: 9 (True: 9)
[NG] File: 9_p04_r09_c08.png -> Pred: 4 (True: 9)
[NG] File: 9_p04_r09_c09.png -> Pred: 4 (True: 9)
[NG] File: 9_p05_r09_c00.png -> Pred: 8 (True: 9)
[NG] File: 9_p05_r09_c01.png -> Pred: 4 (True: 9)
[OK] File: 9_p05_r09_c02.png -> Pred: 9 (True: 9)
[OK] File: 9_p05_r09_c03.png -> Pred: 9 (True: 9)
[OK] File: 9_p05_r09_c04.png -> Pred: 9 (True: 9)
[OK] File: 9_p05_r09_c05.png -> Pred: 9 (True: 9)
[OK] File: 9_p05_r09_c06.png -> Pred: 9 (True: 9)
[NG] File: 9_p05_r09_c07.png -> Pred: 4 (True: 9)
[NG] File: 9_p05_r09_c08.png -> Pred: 4 (True: 9)
[NG] File: 9_p05_r09_c09.png -> Pred: 4 (True: 9)
[NG] File: 9_p06_r09_c00.png -> Pred: 4 (True: 9)
[NG] File: 9_p06_r09_c01.png -> Pred: 7 (True: 9)
[NG] File: 9_p06_r09_c02.png -> Pred: 7 (True: 9)
[OK] File: 9_p06_r09_c03.png -> Pred: 9 (True: 9)
[NG] File: 9_p06_r09_c04.png -> Pred: 7 (True: 9)
[NG] File: 9_p06_r09_c05.png -> Pred: 1 (True: 9)
[OK] File: 9_p06_r09_c06.png -> Pred: 9 (True: 9)
[NG] File: 9_p06_r09_c07.png -> Pred: 7 (True: 9)
[OK] File: 9_p06_r09_c08.png -> Pred: 9 (True: 9)
[OK] File: 9_p06_r09_c09.png -> Pred: 9 (True: 9)
[NG] File: 9_p07_r09_c00.png -> Pred: 1 (True: 9)
[NG] File: 9_p07_r09_c01.png -> Pred: 1 (True: 9)
[NG] File: 9_p07_r09_c02.png -> Pred: 7 (True: 9)
[OK] File: 9_p07_r09_c03.png -> Pred: 9 (True: 9)
[NG] File: 9_p07_r09_c04.png -> Pred: 1 (True: 9)
[OK] File: 9_p07_r09_c05.png -> Pred: 9 (True: 9)
[NG] File: 9_p07_r09_c06.png -> Pred: 1 (True: 9)
[OK] File: 9_p07_r09_c07.png -> Pred: 9 (True: 9)
[OK] File: 9_p07_r09_c08.png -> Pred: 9 (True: 9)
[OK] File: 9_p07_r09_c09.png -> Pred: 9 (True: 9)
[OK] File: 9_p08_r09_c00.png -> Pred: 9 (True: 9)
[OK] File: 9_p08_r09_c01.png -> Pred: 9 (True: 9)
[NG] File: 9_p08_r09_c02.png -> Pred: 7 (True: 9)
[NG] File: 9_p08_r09_c03.png -> Pred: 4 (True: 9)
[NG] File: 9_p08_r09_c04.png -> Pred: 4 (True: 9)
[OK] File: 9_p08_r09_c05.png -> Pred: 9 (True: 9)
[NG] File: 9_p08_r09_c06.png -> Pred: 4 (True: 9)
[NG] File: 9_p08_r09_c07.png -> Pred: 6 (True: 9)
[NG] File: 9_p08_r09_c08.png -> Pred: 6 (True: 9)
[NG] File: 9_p08_r09_c09.png -> Pred: 6 (True: 9)
[NG] File: 9_p09_r09_c00.png -> Pred: 1 (True: 9)
[NG] File: 9_p09_r09_c01.png -> Pred: 0 (True: 9)
[NG] File: 9_p09_r09_c02.png -> Pred: 7 (True: 9)
[NG] File: 9_p09_r09_c03.png -> Pred: 1 (True: 9)
[NG] File: 9_p09_r09_c04.png -> Pred: 1 (True: 9)
[OK] File: 9_p09_r09_c05.png -> Pred: 9 (True: 9)
[NG] File: 9_p09_r09_c06.png -> Pred: 4 (True: 9)
[NG] File: 9_p09_r09_c07.png -> Pred: 7 (True: 9)
[NG] File: 9_p09_r09_c08.png -> Pred: 7 (True: 9)
[OK] File: 9_p09_r09_c09.png -> Pred: 9 (True: 9)
[OK] File: 9_p10_r09_c00.png -> Pred: 9 (True: 9)
[OK] File: 9_p10_r09_c01.png -> Pred: 9 (True: 9)
[NG] File: 9_p10_r09_c02.png -> Pred: 1 (True: 9)
[OK] File: 9_p10_r09_c03.png -> Pred: 9 (True: 9)
[OK] File: 9_p10_r09_c04.png -> Pred: 9 (True: 9)
[OK] File: 9_p10_r09_c05.png -> Pred: 9 (True: 9)
[OK] File: 9_p10_r09_c06.png -> Pred: 9 (True: 9)
[NG] File: 9_p10_r09_c07.png -> Pred: 3 (True: 9)
[NG] File: 9_p10_r09_c08.png -> Pred: 7 (True: 9)
[OK] File: 9_p10_r09_c09.png -> Pred: 9 (True: 9)

--- 正答率の内訳 ---
数字 [0]: 2.00% (2/100)
数字 [1]: 43.00% (43/100)
数字 [2]: 24.00% (24/100)
数字 [3]: 32.00% (32/100)
数字 [4]: 40.00% (40/100)
数字 [5]: 61.00% (61/100)
数字 [6]: 35.00% (35/100)
数字 [7]: 49.00% (49/100)
数字 [8]: 61.00% (61/100)
数字 [9]: 43.00% (43/100)

全体の正答率: 39.00% (390/1000)
-----------------------------------------------------------------------------------------------------------------------------------
[NOTE]
MNIST_simple_TEST.py は Google Colaboratory ではなく、ローカル上で実行した。
-----------------------------------------------------------------------------------------------------------------------------------
