-----------------------------------------------------------------------------------------------------------------------------------
[Colab setting]
!nvidia-smi
-----------------------------------------------------------------------------------------------------------------------------------
[OUTPUT]
Sat Jan 31 13:06:06 2026       
+-----------------------------------------------------------------------------------------+
| NVIDIA-SMI 550.54.15              Driver Version: 550.54.15      CUDA Version: 12.4     |
|-----------------------------------------+------------------------+----------------------+
| GPU  Name                 Persistence-M | Bus-Id          Disp.A | Volatile Uncorr. ECC |
| Fan  Temp   Perf          Pwr:Usage/Cap |           Memory-Usage | GPU-Util  Compute M. |
|                                         |                        |               MIG M. |
|=========================================+========================+======================|
|   0  Tesla T4                       Off |   00000000:00:04.0 Off |                    0 |
| N/A   56C    P8             10W /   70W |       0MiB /  15360MiB |      0%      Default |
|                                         |                        |                  N/A |
+-----------------------------------------+------------------------+----------------------+
                                                                                         
+-----------------------------------------------------------------------------------------+
| Processes:                                                                              |
|  GPU   GI   CI        PID   Type   Process name                              GPU Memory |
|        ID   ID                                                               Usage      |
|=========================================================================================|
|  No running processes found                                                             |
+-----------------------------------------------------------------------------------------+
-----------------------------------------------------------------------------------------------------------------------------------
[COMMAND]
python MNIST_complex.py
-----------------------------------------------------------------------------------------------------------------------------------
[OUTPUT]
x_train shape: (60000, 28, 28, 1)
60000 train samples
10000 test samples
Epoch 1/100
469/469 ━━━━━━━━━━━━━━━━━━━━ 23s 35ms/step - accuracy: 0.8320 - loss: 0.4887 - val_accuracy: 0.9889 - val_loss: 0.0352
Epoch 2/100
469/469 ━━━━━━━━━━━━━━━━━━━━ 10s 20ms/step - accuracy: 0.9852 - loss: 0.0518 - val_accuracy: 0.9935 - val_loss: 0.0231
Epoch 3/100
469/469 ━━━━━━━━━━━━━━━━━━━━ 10s 20ms/step - accuracy: 0.9904 - loss: 0.0328 - val_accuracy: 0.9921 - val_loss: 0.0272
Epoch 4/100
469/469 ━━━━━━━━━━━━━━━━━━━━ 10s 21ms/step - accuracy: 0.9913 - loss: 0.0306 - val_accuracy: 0.9910 - val_loss: 0.0289
Epoch 5/100
469/469 ━━━━━━━━━━━━━━━━━━━━ 10s 20ms/step - accuracy: 0.9934 - loss: 0.0231 - val_accuracy: 0.9893 - val_loss: 0.0391
Epoch 6/100
469/469 ━━━━━━━━━━━━━━━━━━━━ 10s 20ms/step - accuracy: 0.9941 - loss: 0.0206 - val_accuracy: 0.9918 - val_loss: 0.0299
Epoch 7/100
469/469 ━━━━━━━━━━━━━━━━━━━━ 10s 20ms/step - accuracy: 0.9952 - loss: 0.0176 - val_accuracy: 0.9931 - val_loss: 0.0232
Epoch 8/100
469/469 ━━━━━━━━━━━━━━━━━━━━ 9s 20ms/step - accuracy: 0.9959 - loss: 0.0141 - val_accuracy: 0.9940 - val_loss: 0.0232
Epoch 9/100
469/469 ━━━━━━━━━━━━━━━━━━━━ 10s 20ms/step - accuracy: 0.9962 - loss: 0.0125 - val_accuracy: 0.9934 - val_loss: 0.0303
Epoch 10/100
469/469 ━━━━━━━━━━━━━━━━━━━━ 10s 20ms/step - accuracy: 0.9960 - loss: 0.0138 - val_accuracy: 0.9938 - val_loss: 0.0239
Epoch 11/100
469/469 ━━━━━━━━━━━━━━━━━━━━ 10s 20ms/step - accuracy: 0.9968 - loss: 0.0114 - val_accuracy: 0.9907 - val_loss: 0.0363
Epoch 12/100
469/469 ━━━━━━━━━━━━━━━━━━━━ 10s 20ms/step - accuracy: 0.9959 - loss: 0.0147 - val_accuracy: 0.9907 - val_loss: 0.0416
Epoch 13/100
469/469 ━━━━━━━━━━━━━━━━━━━━ 10s 20ms/step - accuracy: 0.9966 - loss: 0.0117 - val_accuracy: 0.9932 - val_loss: 0.0302
Epoch 14/100
469/469 ━━━━━━━━━━━━━━━━━━━━ 10s 20ms/step - accuracy: 0.9975 - loss: 0.0083 - val_accuracy: 0.9941 - val_loss: 0.0275
Epoch 15/100
469/469 ━━━━━━━━━━━━━━━━━━━━ 10s 20ms/step - accuracy: 0.9977 - loss: 0.0081 - val_accuracy: 0.9915 - val_loss: 0.0331
Epoch 16/100
469/469 ━━━━━━━━━━━━━━━━━━━━ 10s 20ms/step - accuracy: 0.9972 - loss: 0.0101 - val_accuracy: 0.9918 - val_loss: 0.0390
Epoch 17/100
469/469 ━━━━━━━━━━━━━━━━━━━━ 9s 20ms/step - accuracy: 0.9978 - loss: 0.0073 - val_accuracy: 0.9929 - val_loss: 0.0375
Epoch 18/100
469/469 ━━━━━━━━━━━━━━━━━━━━ 9s 20ms/step - accuracy: 0.9980 - loss: 0.0073 - val_accuracy: 0.9939 - val_loss: 0.0358
Epoch 19/100
469/469 ━━━━━━━━━━━━━━━━━━━━ 9s 20ms/step - accuracy: 0.9983 - loss: 0.0072 - val_accuracy: 0.9929 - val_loss: 0.0387
Epoch 20/100
469/469 ━━━━━━━━━━━━━━━━━━━━ 9s 20ms/step - accuracy: 0.9984 - loss: 0.0061 - val_accuracy: 0.9949 - val_loss: 0.0312
Epoch 21/100
469/469 ━━━━━━━━━━━━━━━━━━━━ 9s 20ms/step - accuracy: 0.9985 - loss: 0.0056 - val_accuracy: 0.9943 - val_loss: 0.0393
Epoch 22/100
469/469 ━━━━━━━━━━━━━━━━━━━━ 10s 20ms/step - accuracy: 0.9978 - loss: 0.0082 - val_accuracy: 0.9925 - val_loss: 0.0402
Epoch 23/100
469/469 ━━━━━━━━━━━━━━━━━━━━ 9s 20ms/step - accuracy: 0.9983 - loss: 0.0056 - val_accuracy: 0.9940 - val_loss: 0.0335
Epoch 24/100
469/469 ━━━━━━━━━━━━━━━━━━━━ 9s 20ms/step - accuracy: 0.9985 - loss: 0.0063 - val_accuracy: 0.9940 - val_loss: 0.0375
Epoch 25/100
469/469 ━━━━━━━━━━━━━━━━━━━━ 9s 20ms/step - accuracy: 0.9978 - loss: 0.0082 - val_accuracy: 0.9917 - val_loss: 0.0520
Epoch 26/100
469/469 ━━━━━━━━━━━━━━━━━━━━ 9s 20ms/step - accuracy: 0.9985 - loss: 0.0061 - val_accuracy: 0.9940 - val_loss: 0.0299
Epoch 27/100
469/469 ━━━━━━━━━━━━━━━━━━━━ 10s 20ms/step - accuracy: 0.9986 - loss: 0.0050 - val_accuracy: 0.9929 - val_loss: 0.0460
Epoch 28/100
469/469 ━━━━━━━━━━━━━━━━━━━━ 9s 20ms/step - accuracy: 0.9984 - loss: 0.0074 - val_accuracy: 0.9938 - val_loss: 0.0413
Epoch 29/100
469/469 ━━━━━━━━━━━━━━━━━━━━ 9s 20ms/step - accuracy: 0.9987 - loss: 0.0047 - val_accuracy: 0.9944 - val_loss: 0.0426
Epoch 30/100
469/469 ━━━━━━━━━━━━━━━━━━━━ 9s 20ms/step - accuracy: 0.9980 - loss: 0.0084 - val_accuracy: 0.9936 - val_loss: 0.0434
Epoch 31/100
469/469 ━━━━━━━━━━━━━━━━━━━━ 10s 20ms/step - accuracy: 0.9990 - loss: 0.0050 - val_accuracy: 0.9922 - val_loss: 0.0465
Epoch 32/100
469/469 ━━━━━━━━━━━━━━━━━━━━ 9s 20ms/step - accuracy: 0.9976 - loss: 0.0102 - val_accuracy: 0.9931 - val_loss: 0.0571
Epoch 33/100
469/469 ━━━━━━━━━━━━━━━━━━━━ 9s 20ms/step - accuracy: 0.9985 - loss: 0.0072 - val_accuracy: 0.9936 - val_loss: 0.0498
Epoch 34/100
469/469 ━━━━━━━━━━━━━━━━━━━━ 9s 20ms/step - accuracy: 0.9982 - loss: 0.0072 - val_accuracy: 0.9949 - val_loss: 0.0409
Epoch 35/100
469/469 ━━━━━━━━━━━━━━━━━━━━ 9s 20ms/step - accuracy: 0.9990 - loss: 0.0046 - val_accuracy: 0.9940 - val_loss: 0.0576
Epoch 36/100
469/469 ━━━━━━━━━━━━━━━━━━━━ 10s 20ms/step - accuracy: 0.9985 - loss: 0.0061 - val_accuracy: 0.9931 - val_loss: 0.0427
Epoch 37/100
469/469 ━━━━━━━━━━━━━━━━━━━━ 10s 20ms/step - accuracy: 0.9984 - loss: 0.0075 - val_accuracy: 0.9935 - val_loss: 0.0484
Epoch 38/100
469/469 ━━━━━━━━━━━━━━━━━━━━ 9s 20ms/step - accuracy: 0.9974 - loss: 0.0119 - val_accuracy: 0.9935 - val_loss: 0.0405
Epoch 39/100
469/469 ━━━━━━━━━━━━━━━━━━━━ 10s 20ms/step - accuracy: 0.9987 - loss: 0.0057 - val_accuracy: 0.9944 - val_loss: 0.0474
Epoch 40/100
469/469 ━━━━━━━━━━━━━━━━━━━━ 9s 20ms/step - accuracy: 0.9987 - loss: 0.0052 - val_accuracy: 0.9929 - val_loss: 0.0626
Epoch 41/100
469/469 ━━━━━━━━━━━━━━━━━━━━ 9s 20ms/step - accuracy: 0.9985 - loss: 0.0065 - val_accuracy: 0.9933 - val_loss: 0.0475
Epoch 42/100
469/469 ━━━━━━━━━━━━━━━━━━━━ 9s 20ms/step - accuracy: 0.9990 - loss: 0.0044 - val_accuracy: 0.9951 - val_loss: 0.0448
Epoch 43/100
469/469 ━━━━━━━━━━━━━━━━━━━━ 9s 20ms/step - accuracy: 0.9985 - loss: 0.0088 - val_accuracy: 0.9929 - val_loss: 0.0555
Epoch 44/100
469/469 ━━━━━━━━━━━━━━━━━━━━ 9s 20ms/step - accuracy: 0.9988 - loss: 0.0046 - val_accuracy: 0.9945 - val_loss: 0.0568
Epoch 45/100
469/469 ━━━━━━━━━━━━━━━━━━━━ 9s 20ms/step - accuracy: 0.9987 - loss: 0.0070 - val_accuracy: 0.9932 - val_loss: 0.0512
Epoch 46/100
469/469 ━━━━━━━━━━━━━━━━━━━━ 9s 20ms/step - accuracy: 0.9993 - loss: 0.0033 - val_accuracy: 0.9931 - val_loss: 0.0636
Epoch 47/100
469/469 ━━━━━━━━━━━━━━━━━━━━ 9s 20ms/step - accuracy: 0.9984 - loss: 0.0098 - val_accuracy: 0.9943 - val_loss: 0.0512
Epoch 48/100
469/469 ━━━━━━━━━━━━━━━━━━━━ 9s 20ms/step - accuracy: 0.9991 - loss: 0.0049 - val_accuracy: 0.9947 - val_loss: 0.0463
Epoch 49/100
469/469 ━━━━━━━━━━━━━━━━━━━━ 9s 20ms/step - accuracy: 0.9986 - loss: 0.0085 - val_accuracy: 0.9943 - val_loss: 0.0500
Epoch 50/100
469/469 ━━━━━━━━━━━━━━━━━━━━ 9s 20ms/step - accuracy: 0.9988 - loss: 0.0052 - val_accuracy: 0.9946 - val_loss: 0.0560
Epoch 51/100
469/469 ━━━━━━━━━━━━━━━━━━━━ 9s 20ms/step - accuracy: 0.9989 - loss: 0.0053 - val_accuracy: 0.9945 - val_loss: 0.0523
Epoch 52/100
469/469 ━━━━━━━━━━━━━━━━━━━━ 9s 20ms/step - accuracy: 0.9990 - loss: 0.0044 - val_accuracy: 0.9941 - val_loss: 0.0643
Epoch 53/100
469/469 ━━━━━━━━━━━━━━━━━━━━ 9s 20ms/step - accuracy: 0.9985 - loss: 0.0085 - val_accuracy: 0.9944 - val_loss: 0.0583
Epoch 54/100
469/469 ━━━━━━━━━━━━━━━━━━━━ 9s 20ms/step - accuracy: 0.9987 - loss: 0.0066 - val_accuracy: 0.9940 - val_loss: 0.0701
Epoch 55/100
469/469 ━━━━━━━━━━━━━━━━━━━━ 9s 20ms/step - accuracy: 0.9989 - loss: 0.0049 - val_accuracy: 0.9932 - val_loss: 0.0918
Epoch 56/100
469/469 ━━━━━━━━━━━━━━━━━━━━ 9s 20ms/step - accuracy: 0.9989 - loss: 0.0075 - val_accuracy: 0.9934 - val_loss: 0.0789
Epoch 57/100
469/469 ━━━━━━━━━━━━━━━━━━━━ 9s 20ms/step - accuracy: 0.9987 - loss: 0.0088 - val_accuracy: 0.9932 - val_loss: 0.0689
Epoch 58/100
469/469 ━━━━━━━━━━━━━━━━━━━━ 9s 20ms/step - accuracy: 0.9990 - loss: 0.0047 - val_accuracy: 0.9947 - val_loss: 0.0692
Epoch 59/100
469/469 ━━━━━━━━━━━━━━━━━━━━ 9s 20ms/step - accuracy: 0.9995 - loss: 0.0030 - val_accuracy: 0.9938 - val_loss: 0.0895
Epoch 60/100
469/469 ━━━━━━━━━━━━━━━━━━━━ 9s 20ms/step - accuracy: 0.9992 - loss: 0.0046 - val_accuracy: 0.9935 - val_loss: 0.0651
Epoch 61/100
469/469 ━━━━━━━━━━━━━━━━━━━━ 9s 20ms/step - accuracy: 0.9994 - loss: 0.0023 - val_accuracy: 0.9943 - val_loss: 0.0759
Epoch 62/100
469/469 ━━━━━━━━━━━━━━━━━━━━ 9s 20ms/step - accuracy: 0.9988 - loss: 0.0073 - val_accuracy: 0.9937 - val_loss: 0.0972
Epoch 63/100
469/469 ━━━━━━━━━━━━━━━━━━━━ 9s 20ms/step - accuracy: 0.9987 - loss: 0.0088 - val_accuracy: 0.9935 - val_loss: 0.0777
Epoch 64/100
469/469 ━━━━━━━━━━━━━━━━━━━━ 9s 20ms/step - accuracy: 0.9984 - loss: 0.0075 - val_accuracy: 0.9943 - val_loss: 0.0873
Epoch 65/100
469/469 ━━━━━━━━━━━━━━━━━━━━ 9s 20ms/step - accuracy: 0.9992 - loss: 0.0045 - val_accuracy: 0.9940 - val_loss: 0.1005
Epoch 66/100
469/469 ━━━━━━━━━━━━━━━━━━━━ 9s 20ms/step - accuracy: 0.9984 - loss: 0.0113 - val_accuracy: 0.9938 - val_loss: 0.0589
Epoch 67/100
469/469 ━━━━━━━━━━━━━━━━━━━━ 9s 20ms/step - accuracy: 0.9995 - loss: 0.0021 - val_accuracy: 0.9950 - val_loss: 0.0735
Epoch 68/100
469/469 ━━━━━━━━━━━━━━━━━━━━ 9s 20ms/step - accuracy: 0.9994 - loss: 0.0034 - val_accuracy: 0.9951 - val_loss: 0.0698
Epoch 69/100
469/469 ━━━━━━━━━━━━━━━━━━━━ 9s 20ms/step - accuracy: 0.9991 - loss: 0.0060 - val_accuracy: 0.9939 - val_loss: 0.0674
Epoch 70/100
469/469 ━━━━━━━━━━━━━━━━━━━━ 9s 20ms/step - accuracy: 0.9992 - loss: 0.0039 - val_accuracy: 0.9940 - val_loss: 0.0661
Epoch 71/100
469/469 ━━━━━━━━━━━━━━━━━━━━ 9s 20ms/step - accuracy: 0.9992 - loss: 0.0042 - val_accuracy: 0.9935 - val_loss: 0.0681
Epoch 72/100
469/469 ━━━━━━━━━━━━━━━━━━━━ 9s 20ms/step - accuracy: 0.9987 - loss: 0.0079 - val_accuracy: 0.9944 - val_loss: 0.0912
Epoch 73/100
469/469 ━━━━━━━━━━━━━━━━━━━━ 9s 20ms/step - accuracy: 0.9988 - loss: 0.0059 - val_accuracy: 0.9938 - val_loss: 0.0983
Epoch 74/100
469/469 ━━━━━━━━━━━━━━━━━━━━ 9s 20ms/step - accuracy: 0.9987 - loss: 0.0109 - val_accuracy: 0.9951 - val_loss: 0.0532
Epoch 75/100
469/469 ━━━━━━━━━━━━━━━━━━━━ 9s 20ms/step - accuracy: 0.9990 - loss: 0.0049 - val_accuracy: 0.9952 - val_loss: 0.0656
Epoch 76/100
469/469 ━━━━━━━━━━━━━━━━━━━━ 9s 20ms/step - accuracy: 0.9991 - loss: 0.0049 - val_accuracy: 0.9948 - val_loss: 0.0669
Epoch 77/100
469/469 ━━━━━━━━━━━━━━━━━━━━ 9s 20ms/step - accuracy: 0.9993 - loss: 0.0024 - val_accuracy: 0.9942 - val_loss: 0.0816
Epoch 78/100
469/469 ━━━━━━━━━━━━━━━━━━━━ 9s 20ms/step - accuracy: 0.9991 - loss: 0.0058 - val_accuracy: 0.9929 - val_loss: 0.0807
Epoch 79/100
469/469 ━━━━━━━━━━━━━━━━━━━━ 9s 20ms/step - accuracy: 0.9983 - loss: 0.0098 - val_accuracy: 0.9934 - val_loss: 0.0761
Epoch 80/100
469/469 ━━━━━━━━━━━━━━━━━━━━ 9s 20ms/step - accuracy: 0.9988 - loss: 0.0073 - val_accuracy: 0.9933 - val_loss: 0.0860
Epoch 81/100
469/469 ━━━━━━━━━━━━━━━━━━━━ 9s 20ms/step - accuracy: 0.9993 - loss: 0.0041 - val_accuracy: 0.9926 - val_loss: 0.1043
Epoch 82/100
469/469 ━━━━━━━━━━━━━━━━━━━━ 9s 20ms/step - accuracy: 0.9984 - loss: 0.0118 - val_accuracy: 0.9946 - val_loss: 0.0948
Epoch 83/100
469/469 ━━━━━━━━━━━━━━━━━━━━ 9s 20ms/step - accuracy: 0.9984 - loss: 0.0097 - val_accuracy: 0.9933 - val_loss: 0.0869
Epoch 84/100
469/469 ━━━━━━━━━━━━━━━━━━━━ 9s 20ms/step - accuracy: 0.9990 - loss: 0.0066 - val_accuracy: 0.9935 - val_loss: 0.0922
Epoch 85/100
469/469 ━━━━━━━━━━━━━━━━━━━━ 9s 20ms/step - accuracy: 0.9993 - loss: 0.0049 - val_accuracy: 0.9938 - val_loss: 0.0823
Epoch 86/100
469/469 ━━━━━━━━━━━━━━━━━━━━ 9s 20ms/step - accuracy: 0.9988 - loss: 0.0079 - val_accuracy: 0.9944 - val_loss: 0.0946
Epoch 87/100
469/469 ━━━━━━━━━━━━━━━━━━━━ 9s 20ms/step - accuracy: 0.9993 - loss: 0.0038 - val_accuracy: 0.9911 - val_loss: 0.2311
Epoch 88/100
469/469 ━━━━━━━━━━━━━━━━━━━━ 9s 20ms/step - accuracy: 0.9980 - loss: 0.0189 - val_accuracy: 0.9937 - val_loss: 0.0889
Epoch 89/100
469/469 ━━━━━━━━━━━━━━━━━━━━ 9s 20ms/step - accuracy: 0.9993 - loss: 0.0031 - val_accuracy: 0.9943 - val_loss: 0.1115
Epoch 90/100
469/469 ━━━━━━━━━━━━━━━━━━━━ 9s 20ms/step - accuracy: 0.9995 - loss: 0.0033 - val_accuracy: 0.9928 - val_loss: 0.1121
Epoch 91/100
469/469 ━━━━━━━━━━━━━━━━━━━━ 9s 20ms/step - accuracy: 0.9991 - loss: 0.0058 - val_accuracy: 0.9911 - val_loss: 0.0856
Epoch 92/100
469/469 ━━━━━━━━━━━━━━━━━━━━ 9s 20ms/step - accuracy: 0.9983 - loss: 0.0124 - val_accuracy: 0.9938 - val_loss: 0.0856
Epoch 93/100
469/469 ━━━━━━━━━━━━━━━━━━━━ 9s 20ms/step - accuracy: 0.9990 - loss: 0.0078 - val_accuracy: 0.9935 - val_loss: 0.0949
Epoch 94/100
469/469 ━━━━━━━━━━━━━━━━━━━━ 9s 20ms/step - accuracy: 0.9992 - loss: 0.0057 - val_accuracy: 0.9942 - val_loss: 0.0996
Epoch 95/100
469/469 ━━━━━━━━━━━━━━━━━━━━ 9s 20ms/step - accuracy: 0.9995 - loss: 0.0036 - val_accuracy: 0.9938 - val_loss: 0.0707
Epoch 96/100
469/469 ━━━━━━━━━━━━━━━━━━━━ 9s 20ms/step - accuracy: 0.9988 - loss: 0.0094 - val_accuracy: 0.9942 - val_loss: 0.0690
Epoch 97/100
469/469 ━━━━━━━━━━━━━━━━━━━━ 9s 20ms/step - accuracy: 0.9994 - loss: 0.0035 - val_accuracy: 0.9937 - val_loss: 0.0982
Epoch 98/100
469/469 ━━━━━━━━━━━━━━━━━━━━ 9s 20ms/step - accuracy: 0.9995 - loss: 0.0046 - val_accuracy: 0.9930 - val_loss: 0.1242
Epoch 99/100
469/469 ━━━━━━━━━━━━━━━━━━━━ 9s 20ms/step - accuracy: 0.9989 - loss: 0.0082 - val_accuracy: 0.9942 - val_loss: 0.1001
Epoch 100/100
469/469 ━━━━━━━━━━━━━━━━━━━━ 9s 20ms/step - accuracy: 0.9991 - loss: 0.0059 - val_accuracy: 0.9914 - val_loss: 0.1342
Test loss: 0.13418112695217133
Test accuracy: 0.9914000034332275
学習時間（100epochs）: 958.74 秒
-----------------------------------------------------------------------------------------------------------------------------------
[NOTE]
GPU 実行時の計測結果。
同一条件で CPU 実行時は 8032.4 秒であった。
-----------------------------------------------------------------------------------------------------------------------------------


-----------------------------------------------------------------------------------------------------------------------------------
[COMMAND]
python MNIST_complex_TEST.py
-----------------------------------------------------------------------------------------------------------------------------------
[OUTPUT]
/Users/yoshihide/.pyenv/versions/prog-spe2-3.11.9/lib/python3.11/site-packages/keras/src/layers/convolutional/base_conv.py:113: UserWarning: Do not pass an `input_shape`/`input_dim` argument to a layer. When using Sequential models, prefer using an `Input(shape)` object as the first layer in the model instead.
  super().__init__(activity_regularizer=activity_regularizer, **kwargs)
[NG] File: 0_p01_r00_c00.png -> Pred: 7 (True: 0)
[NG] File: 0_p01_r00_c01.png -> Pred: 1 (True: 0)
[OK] File: 0_p01_r00_c02.png -> Pred: 0 (True: 0)
[NG] File: 0_p01_r00_c03.png -> Pred: 9 (True: 0)
[NG] File: 0_p01_r00_c04.png -> Pred: 9 (True: 0)
[NG] File: 0_p01_r00_c05.png -> Pred: 9 (True: 0)
[OK] File: 0_p01_r00_c06.png -> Pred: 0 (True: 0)
[NG] File: 0_p01_r00_c07.png -> Pred: 9 (True: 0)
[NG] File: 0_p01_r00_c08.png -> Pred: 3 (True: 0)
[NG] File: 0_p01_r00_c09.png -> Pred: 9 (True: 0)
[NG] File: 0_p02_r00_c00.png -> Pred: 7 (True: 0)
[NG] File: 0_p02_r00_c01.png -> Pred: 7 (True: 0)
[NG] File: 0_p02_r00_c02.png -> Pred: 5 (True: 0)
[NG] File: 0_p02_r00_c03.png -> Pred: 7 (True: 0)
[NG] File: 0_p02_r00_c04.png -> Pred: 7 (True: 0)
[NG] File: 0_p02_r00_c05.png -> Pred: 9 (True: 0)
[NG] File: 0_p02_r00_c06.png -> Pred: 9 (True: 0)
[OK] File: 0_p02_r00_c07.png -> Pred: 0 (True: 0)
[OK] File: 0_p02_r00_c08.png -> Pred: 0 (True: 0)
[OK] File: 0_p02_r00_c09.png -> Pred: 0 (True: 0)
[NG] File: 0_p03_r00_c00.png -> Pred: 7 (True: 0)
[NG] File: 0_p03_r00_c01.png -> Pred: 7 (True: 0)
[NG] File: 0_p03_r00_c02.png -> Pred: 1 (True: 0)
[NG] File: 0_p03_r00_c03.png -> Pred: 9 (True: 0)
[NG] File: 0_p03_r00_c04.png -> Pred: 9 (True: 0)
[NG] File: 0_p03_r00_c05.png -> Pred: 9 (True: 0)
[NG] File: 0_p03_r00_c06.png -> Pred: 5 (True: 0)
[NG] File: 0_p03_r00_c07.png -> Pred: 9 (True: 0)
[NG] File: 0_p03_r00_c08.png -> Pred: 9 (True: 0)
[NG] File: 0_p03_r00_c09.png -> Pred: 9 (True: 0)
[NG] File: 0_p04_r00_c00.png -> Pred: 7 (True: 0)
[NG] File: 0_p04_r00_c01.png -> Pred: 7 (True: 0)
[NG] File: 0_p04_r00_c02.png -> Pred: 7 (True: 0)
[NG] File: 0_p04_r00_c03.png -> Pred: 9 (True: 0)
[NG] File: 0_p04_r00_c04.png -> Pred: 9 (True: 0)
[NG] File: 0_p04_r00_c05.png -> Pred: 9 (True: 0)
[OK] File: 0_p04_r00_c06.png -> Pred: 0 (True: 0)
[OK] File: 0_p04_r00_c07.png -> Pred: 0 (True: 0)
[NG] File: 0_p04_r00_c08.png -> Pred: 5 (True: 0)
[NG] File: 0_p04_r00_c09.png -> Pred: 5 (True: 0)
[NG] File: 0_p05_r00_c00.png -> Pred: 7 (True: 0)
[NG] File: 0_p05_r00_c01.png -> Pred: 7 (True: 0)
[NG] File: 0_p05_r00_c02.png -> Pred: 9 (True: 0)
[NG] File: 0_p05_r00_c03.png -> Pred: 7 (True: 0)
[NG] File: 0_p05_r00_c04.png -> Pred: 5 (True: 0)
[NG] File: 0_p05_r00_c05.png -> Pred: 5 (True: 0)
[NG] File: 0_p05_r00_c06.png -> Pred: 7 (True: 0)
[NG] File: 0_p05_r00_c07.png -> Pred: 5 (True: 0)
[NG] File: 0_p05_r00_c08.png -> Pred: 5 (True: 0)
[NG] File: 0_p05_r00_c09.png -> Pred: 5 (True: 0)
[NG] File: 0_p06_r00_c00.png -> Pred: 9 (True: 0)
[NG] File: 0_p06_r00_c01.png -> Pred: 7 (True: 0)
[NG] File: 0_p06_r00_c02.png -> Pred: 7 (True: 0)
[NG] File: 0_p06_r00_c03.png -> Pred: 2 (True: 0)
[NG] File: 0_p06_r00_c04.png -> Pred: 9 (True: 0)
[NG] File: 0_p06_r00_c05.png -> Pred: 1 (True: 0)
[NG] File: 0_p06_r00_c06.png -> Pred: 5 (True: 0)
[NG] File: 0_p06_r00_c07.png -> Pred: 9 (True: 0)
[NG] File: 0_p06_r00_c08.png -> Pred: 5 (True: 0)
[NG] File: 0_p06_r00_c09.png -> Pred: 5 (True: 0)
[NG] File: 0_p07_r00_c00.png -> Pred: 7 (True: 0)
[NG] File: 0_p07_r00_c01.png -> Pred: 7 (True: 0)
[NG] File: 0_p07_r00_c02.png -> Pred: 7 (True: 0)
[NG] File: 0_p07_r00_c03.png -> Pred: 7 (True: 0)
[NG] File: 0_p07_r00_c04.png -> Pred: 2 (True: 0)
[NG] File: 0_p07_r00_c05.png -> Pred: 9 (True: 0)
[NG] File: 0_p07_r00_c06.png -> Pred: 9 (True: 0)
[NG] File: 0_p07_r00_c07.png -> Pred: 3 (True: 0)
[NG] File: 0_p07_r00_c08.png -> Pred: 9 (True: 0)
[NG] File: 0_p07_r00_c09.png -> Pred: 5 (True: 0)
[NG] File: 0_p08_r00_c00.png -> Pred: 9 (True: 0)
[NG] File: 0_p08_r00_c01.png -> Pred: 9 (True: 0)
[NG] File: 0_p08_r00_c02.png -> Pred: 9 (True: 0)
[NG] File: 0_p08_r00_c03.png -> Pred: 9 (True: 0)
[NG] File: 0_p08_r00_c04.png -> Pred: 9 (True: 0)
[NG] File: 0_p08_r00_c05.png -> Pred: 7 (True: 0)
[NG] File: 0_p08_r00_c06.png -> Pred: 7 (True: 0)
[NG] File: 0_p08_r00_c07.png -> Pred: 9 (True: 0)
[NG] File: 0_p08_r00_c08.png -> Pred: 5 (True: 0)
[NG] File: 0_p08_r00_c09.png -> Pred: 5 (True: 0)
[NG] File: 0_p09_r00_c00.png -> Pred: 7 (True: 0)
[NG] File: 0_p09_r00_c01.png -> Pred: 9 (True: 0)
[NG] File: 0_p09_r00_c02.png -> Pred: 5 (True: 0)
[NG] File: 0_p09_r00_c03.png -> Pred: 9 (True: 0)
[NG] File: 0_p09_r00_c04.png -> Pred: 7 (True: 0)
[NG] File: 0_p09_r00_c05.png -> Pred: 5 (True: 0)
[NG] File: 0_p09_r00_c06.png -> Pred: 5 (True: 0)
[NG] File: 0_p09_r00_c07.png -> Pred: 5 (True: 0)
[NG] File: 0_p09_r00_c08.png -> Pred: 5 (True: 0)
[NG] File: 0_p09_r00_c09.png -> Pred: 5 (True: 0)
[NG] File: 0_p10_r00_c00.png -> Pred: 9 (True: 0)
[NG] File: 0_p10_r00_c01.png -> Pred: 7 (True: 0)
[NG] File: 0_p10_r00_c02.png -> Pred: 9 (True: 0)
[NG] File: 0_p10_r00_c03.png -> Pred: 9 (True: 0)
[NG] File: 0_p10_r00_c04.png -> Pred: 9 (True: 0)
[NG] File: 0_p10_r00_c05.png -> Pred: 5 (True: 0)
[NG] File: 0_p10_r00_c06.png -> Pred: 5 (True: 0)
[NG] File: 0_p10_r00_c07.png -> Pred: 5 (True: 0)
[NG] File: 0_p10_r00_c08.png -> Pred: 5 (True: 0)
[NG] File: 0_p10_r00_c09.png -> Pred: 9 (True: 0)
[OK] File: 1_p01_r01_c00.png -> Pred: 1 (True: 1)
[NG] File: 1_p01_r01_c01.png -> Pred: 4 (True: 1)
[OK] File: 1_p01_r01_c02.png -> Pred: 1 (True: 1)
[OK] File: 1_p01_r01_c03.png -> Pred: 1 (True: 1)
[OK] File: 1_p01_r01_c04.png -> Pred: 1 (True: 1)
[OK] File: 1_p01_r01_c05.png -> Pred: 1 (True: 1)
[OK] File: 1_p01_r01_c06.png -> Pred: 1 (True: 1)
[OK] File: 1_p01_r01_c07.png -> Pred: 1 (True: 1)
[OK] File: 1_p01_r01_c08.png -> Pred: 1 (True: 1)
[OK] File: 1_p01_r01_c09.png -> Pred: 1 (True: 1)
[NG] File: 1_p02_r01_c00.png -> Pred: 0 (True: 1)
[NG] File: 1_p02_r01_c01.png -> Pred: 0 (True: 1)
[NG] File: 1_p02_r01_c02.png -> Pred: 0 (True: 1)
[OK] File: 1_p02_r01_c03.png -> Pred: 1 (True: 1)
[OK] File: 1_p02_r01_c04.png -> Pred: 1 (True: 1)
[NG] File: 1_p02_r01_c05.png -> Pred: 4 (True: 1)
[NG] File: 1_p02_r01_c06.png -> Pred: 4 (True: 1)
[OK] File: 1_p02_r01_c07.png -> Pred: 1 (True: 1)
[OK] File: 1_p02_r01_c08.png -> Pred: 1 (True: 1)
[OK] File: 1_p02_r01_c09.png -> Pred: 1 (True: 1)
[NG] File: 1_p03_r01_c00.png -> Pred: 7 (True: 1)
[NG] File: 1_p03_r01_c01.png -> Pred: 7 (True: 1)
[NG] File: 1_p03_r01_c02.png -> Pred: 5 (True: 1)
[OK] File: 1_p03_r01_c03.png -> Pred: 1 (True: 1)
[NG] File: 1_p03_r01_c04.png -> Pred: 7 (True: 1)
[OK] File: 1_p03_r01_c05.png -> Pred: 1 (True: 1)
[NG] File: 1_p03_r01_c06.png -> Pred: 5 (True: 1)
[NG] File: 1_p03_r01_c07.png -> Pred: 6 (True: 1)
[NG] File: 1_p03_r01_c08.png -> Pred: 5 (True: 1)
[NG] File: 1_p03_r01_c09.png -> Pred: 6 (True: 1)
[NG] File: 1_p04_r01_c00.png -> Pred: 6 (True: 1)
[NG] File: 1_p04_r01_c01.png -> Pred: 6 (True: 1)
[NG] File: 1_p04_r01_c02.png -> Pred: 6 (True: 1)
[NG] File: 1_p04_r01_c03.png -> Pred: 6 (True: 1)
[NG] File: 1_p04_r01_c04.png -> Pred: 5 (True: 1)
[NG] File: 1_p04_r01_c05.png -> Pred: 6 (True: 1)
[NG] File: 1_p04_r01_c06.png -> Pred: 5 (True: 1)
[OK] File: 1_p04_r01_c07.png -> Pred: 1 (True: 1)
[OK] File: 1_p04_r01_c08.png -> Pred: 1 (True: 1)
[OK] File: 1_p04_r01_c09.png -> Pred: 1 (True: 1)
[NG] File: 1_p05_r01_c00.png -> Pred: 7 (True: 1)
[OK] File: 1_p05_r01_c01.png -> Pred: 1 (True: 1)
[NG] File: 1_p05_r01_c02.png -> Pred: 5 (True: 1)
[OK] File: 1_p05_r01_c03.png -> Pred: 1 (True: 1)
[NG] File: 1_p05_r01_c04.png -> Pred: 5 (True: 1)
[NG] File: 1_p05_r01_c05.png -> Pred: 5 (True: 1)
[NG] File: 1_p05_r01_c06.png -> Pred: 5 (True: 1)
[NG] File: 1_p05_r01_c07.png -> Pred: 5 (True: 1)
[NG] File: 1_p05_r01_c08.png -> Pred: 5 (True: 1)
[NG] File: 1_p05_r01_c09.png -> Pred: 5 (True: 1)
[NG] File: 1_p06_r01_c00.png -> Pred: 7 (True: 1)
[OK] File: 1_p06_r01_c01.png -> Pred: 1 (True: 1)
[NG] File: 1_p06_r01_c02.png -> Pred: 2 (True: 1)
[NG] File: 1_p06_r01_c03.png -> Pred: 2 (True: 1)
[NG] File: 1_p06_r01_c04.png -> Pred: 7 (True: 1)
[OK] File: 1_p06_r01_c05.png -> Pred: 1 (True: 1)
[NG] File: 1_p06_r01_c06.png -> Pred: 7 (True: 1)
[NG] File: 1_p06_r01_c07.png -> Pred: 2 (True: 1)
[NG] File: 1_p06_r01_c08.png -> Pred: 5 (True: 1)
[NG] File: 1_p06_r01_c09.png -> Pred: 5 (True: 1)
[NG] File: 1_p07_r01_c00.png -> Pred: 7 (True: 1)
[NG] File: 1_p07_r01_c01.png -> Pred: 7 (True: 1)
[NG] File: 1_p07_r01_c02.png -> Pred: 5 (True: 1)
[OK] File: 1_p07_r01_c03.png -> Pred: 1 (True: 1)
[NG] File: 1_p07_r01_c04.png -> Pred: 5 (True: 1)
[NG] File: 1_p07_r01_c05.png -> Pred: 5 (True: 1)
[NG] File: 1_p07_r01_c06.png -> Pred: 5 (True: 1)
[NG] File: 1_p07_r01_c07.png -> Pred: 5 (True: 1)
[NG] File: 1_p07_r01_c08.png -> Pred: 5 (True: 1)
[NG] File: 1_p07_r01_c09.png -> Pred: 4 (True: 1)
[OK] File: 1_p08_r01_c00.png -> Pred: 1 (True: 1)
[OK] File: 1_p08_r01_c01.png -> Pred: 1 (True: 1)
[NG] File: 1_p08_r01_c02.png -> Pred: 5 (True: 1)
[NG] File: 1_p08_r01_c03.png -> Pred: 5 (True: 1)
[NG] File: 1_p08_r01_c04.png -> Pred: 5 (True: 1)
[NG] File: 1_p08_r01_c05.png -> Pred: 2 (True: 1)
[NG] File: 1_p08_r01_c06.png -> Pred: 5 (True: 1)
[OK] File: 1_p08_r01_c07.png -> Pred: 1 (True: 1)
[NG] File: 1_p08_r01_c08.png -> Pred: 2 (True: 1)
[NG] File: 1_p08_r01_c09.png -> Pred: 5 (True: 1)
[NG] File: 1_p09_r01_c00.png -> Pred: 2 (True: 1)
[NG] File: 1_p09_r01_c01.png -> Pred: 6 (True: 1)
[NG] File: 1_p09_r01_c02.png -> Pred: 7 (True: 1)
[NG] File: 1_p09_r01_c03.png -> Pred: 6 (True: 1)
[NG] File: 1_p09_r01_c04.png -> Pred: 6 (True: 1)
[NG] File: 1_p09_r01_c05.png -> Pred: 4 (True: 1)
[OK] File: 1_p09_r01_c06.png -> Pred: 1 (True: 1)
[NG] File: 1_p09_r01_c07.png -> Pred: 5 (True: 1)
[NG] File: 1_p09_r01_c08.png -> Pred: 5 (True: 1)
[NG] File: 1_p09_r01_c09.png -> Pred: 7 (True: 1)
[NG] File: 1_p10_r01_c00.png -> Pred: 7 (True: 1)
[NG] File: 1_p10_r01_c01.png -> Pred: 6 (True: 1)
[NG] File: 1_p10_r01_c02.png -> Pred: 4 (True: 1)
[OK] File: 1_p10_r01_c03.png -> Pred: 1 (True: 1)
[NG] File: 1_p10_r01_c04.png -> Pred: 5 (True: 1)
[NG] File: 1_p10_r01_c05.png -> Pred: 5 (True: 1)
[OK] File: 1_p10_r01_c06.png -> Pred: 1 (True: 1)
[NG] File: 1_p10_r01_c07.png -> Pred: 5 (True: 1)
[NG] File: 1_p10_r01_c08.png -> Pred: 0 (True: 1)
[NG] File: 1_p10_r01_c09.png -> Pred: 6 (True: 1)
[OK] File: 2_p01_r02_c00.png -> Pred: 2 (True: 2)
[NG] File: 2_p01_r02_c01.png -> Pred: 4 (True: 2)
[OK] File: 2_p01_r02_c02.png -> Pred: 2 (True: 2)
[OK] File: 2_p01_r02_c03.png -> Pred: 2 (True: 2)
[OK] File: 2_p01_r02_c04.png -> Pred: 2 (True: 2)
[OK] File: 2_p01_r02_c05.png -> Pred: 2 (True: 2)
[OK] File: 2_p01_r02_c06.png -> Pred: 2 (True: 2)
[OK] File: 2_p01_r02_c07.png -> Pred: 2 (True: 2)
[OK] File: 2_p01_r02_c08.png -> Pred: 2 (True: 2)
[OK] File: 2_p01_r02_c09.png -> Pred: 2 (True: 2)
[OK] File: 2_p02_r02_c00.png -> Pred: 2 (True: 2)
[OK] File: 2_p02_r02_c01.png -> Pred: 2 (True: 2)
[OK] File: 2_p02_r02_c02.png -> Pred: 2 (True: 2)
[OK] File: 2_p02_r02_c03.png -> Pred: 2 (True: 2)
[OK] File: 2_p02_r02_c04.png -> Pred: 2 (True: 2)
[OK] File: 2_p02_r02_c05.png -> Pred: 2 (True: 2)
[OK] File: 2_p02_r02_c06.png -> Pred: 2 (True: 2)
[OK] File: 2_p02_r02_c07.png -> Pred: 2 (True: 2)
[OK] File: 2_p02_r02_c08.png -> Pred: 2 (True: 2)
[OK] File: 2_p02_r02_c09.png -> Pred: 2 (True: 2)
[OK] File: 2_p03_r02_c00.png -> Pred: 2 (True: 2)
[NG] File: 2_p03_r02_c01.png -> Pred: 4 (True: 2)
[OK] File: 2_p03_r02_c02.png -> Pred: 2 (True: 2)
[OK] File: 2_p03_r02_c03.png -> Pred: 2 (True: 2)
[NG] File: 2_p03_r02_c04.png -> Pred: 3 (True: 2)
[OK] File: 2_p03_r02_c05.png -> Pred: 2 (True: 2)
[OK] File: 2_p03_r02_c06.png -> Pred: 2 (True: 2)
[OK] File: 2_p03_r02_c07.png -> Pred: 2 (True: 2)
[NG] File: 2_p03_r02_c08.png -> Pred: 3 (True: 2)
[OK] File: 2_p03_r02_c09.png -> Pred: 2 (True: 2)
[NG] File: 2_p04_r02_c00.png -> Pred: 4 (True: 2)
[NG] File: 2_p04_r02_c01.png -> Pred: 4 (True: 2)
[NG] File: 2_p04_r02_c02.png -> Pred: 4 (True: 2)
[OK] File: 2_p04_r02_c03.png -> Pred: 2 (True: 2)
[OK] File: 2_p04_r02_c04.png -> Pred: 2 (True: 2)
[OK] File: 2_p04_r02_c05.png -> Pred: 2 (True: 2)
[OK] File: 2_p04_r02_c06.png -> Pred: 2 (True: 2)
[OK] File: 2_p04_r02_c07.png -> Pred: 2 (True: 2)
[NG] File: 2_p04_r02_c08.png -> Pred: 3 (True: 2)
[OK] File: 2_p04_r02_c09.png -> Pred: 2 (True: 2)
[NG] File: 2_p05_r02_c00.png -> Pred: 4 (True: 2)
[NG] File: 2_p05_r02_c01.png -> Pred: 4 (True: 2)
[NG] File: 2_p05_r02_c02.png -> Pred: 7 (True: 2)
[NG] File: 2_p05_r02_c03.png -> Pred: 3 (True: 2)
[NG] File: 2_p05_r02_c04.png -> Pred: 5 (True: 2)
[NG] File: 2_p05_r02_c05.png -> Pred: 3 (True: 2)
[NG] File: 2_p05_r02_c06.png -> Pred: 5 (True: 2)
[NG] File: 2_p05_r02_c07.png -> Pred: 5 (True: 2)
[OK] File: 2_p05_r02_c08.png -> Pred: 2 (True: 2)
[NG] File: 2_p05_r02_c09.png -> Pred: 3 (True: 2)
[NG] File: 2_p06_r02_c00.png -> Pred: 7 (True: 2)
[NG] File: 2_p06_r02_c01.png -> Pred: 7 (True: 2)
[NG] File: 2_p06_r02_c02.png -> Pred: 7 (True: 2)
[NG] File: 2_p06_r02_c03.png -> Pred: 5 (True: 2)
[NG] File: 2_p06_r02_c04.png -> Pred: 3 (True: 2)
[OK] File: 2_p06_r02_c05.png -> Pred: 2 (True: 2)
[NG] File: 2_p06_r02_c06.png -> Pred: 5 (True: 2)
[NG] File: 2_p06_r02_c07.png -> Pred: 7 (True: 2)
[OK] File: 2_p06_r02_c08.png -> Pred: 2 (True: 2)
[NG] File: 2_p06_r02_c09.png -> Pred: 5 (True: 2)
[NG] File: 2_p07_r02_c00.png -> Pred: 7 (True: 2)
[NG] File: 2_p07_r02_c01.png -> Pred: 4 (True: 2)
[NG] File: 2_p07_r02_c02.png -> Pred: 4 (True: 2)
[OK] File: 2_p07_r02_c03.png -> Pred: 2 (True: 2)
[OK] File: 2_p07_r02_c04.png -> Pred: 2 (True: 2)
[OK] File: 2_p07_r02_c05.png -> Pred: 2 (True: 2)
[OK] File: 2_p07_r02_c06.png -> Pred: 2 (True: 2)
[OK] File: 2_p07_r02_c07.png -> Pred: 2 (True: 2)
[OK] File: 2_p07_r02_c08.png -> Pred: 2 (True: 2)
[OK] File: 2_p07_r02_c09.png -> Pred: 2 (True: 2)
[OK] File: 2_p08_r02_c00.png -> Pred: 2 (True: 2)
[OK] File: 2_p08_r02_c01.png -> Pred: 2 (True: 2)
[OK] File: 2_p08_r02_c02.png -> Pred: 2 (True: 2)
[OK] File: 2_p08_r02_c03.png -> Pred: 2 (True: 2)
[OK] File: 2_p08_r02_c04.png -> Pred: 2 (True: 2)
[OK] File: 2_p08_r02_c05.png -> Pred: 2 (True: 2)
[NG] File: 2_p08_r02_c06.png -> Pred: 5 (True: 2)
[OK] File: 2_p08_r02_c07.png -> Pred: 2 (True: 2)
[NG] File: 2_p08_r02_c08.png -> Pred: 1 (True: 2)
[OK] File: 2_p08_r02_c09.png -> Pred: 2 (True: 2)
[OK] File: 2_p09_r02_c00.png -> Pred: 2 (True: 2)
[NG] File: 2_p09_r02_c01.png -> Pred: 4 (True: 2)
[NG] File: 2_p09_r02_c02.png -> Pred: 4 (True: 2)
[OK] File: 2_p09_r02_c03.png -> Pred: 2 (True: 2)
[NG] File: 2_p09_r02_c04.png -> Pred: 3 (True: 2)
[NG] File: 2_p09_r02_c05.png -> Pred: 5 (True: 2)
[NG] File: 2_p09_r02_c06.png -> Pred: 3 (True: 2)
[NG] File: 2_p09_r02_c07.png -> Pred: 5 (True: 2)
[NG] File: 2_p09_r02_c08.png -> Pred: 5 (True: 2)
[NG] File: 2_p09_r02_c09.png -> Pred: 5 (True: 2)
[NG] File: 2_p10_r02_c00.png -> Pred: 7 (True: 2)
[NG] File: 2_p10_r02_c01.png -> Pred: 4 (True: 2)
[NG] File: 2_p10_r02_c02.png -> Pred: 4 (True: 2)
[OK] File: 2_p10_r02_c03.png -> Pred: 2 (True: 2)
[OK] File: 2_p10_r02_c04.png -> Pred: 2 (True: 2)
[NG] File: 2_p10_r02_c05.png -> Pred: 3 (True: 2)
[OK] File: 2_p10_r02_c06.png -> Pred: 2 (True: 2)
[NG] File: 2_p10_r02_c07.png -> Pred: 3 (True: 2)
[OK] File: 2_p10_r02_c08.png -> Pred: 2 (True: 2)
[NG] File: 2_p10_r02_c09.png -> Pred: 3 (True: 2)
[OK] File: 3_p01_r03_c00.png -> Pred: 3 (True: 3)
[NG] File: 3_p01_r03_c01.png -> Pred: 4 (True: 3)
[NG] File: 3_p01_r03_c02.png -> Pred: 2 (True: 3)
[NG] File: 3_p01_r03_c03.png -> Pred: 2 (True: 3)
[NG] File: 3_p01_r03_c04.png -> Pred: 7 (True: 3)
[NG] File: 3_p01_r03_c05.png -> Pred: 7 (True: 3)
[NG] File: 3_p01_r03_c06.png -> Pred: 7 (True: 3)
[OK] File: 3_p01_r03_c07.png -> Pred: 3 (True: 3)
[OK] File: 3_p01_r03_c08.png -> Pred: 3 (True: 3)
[NG] File: 3_p01_r03_c09.png -> Pred: 7 (True: 3)
[NG] File: 3_p02_r03_c00.png -> Pred: 5 (True: 3)
[NG] File: 3_p02_r03_c01.png -> Pred: 7 (True: 3)
[NG] File: 3_p02_r03_c02.png -> Pred: 2 (True: 3)
[OK] File: 3_p02_r03_c03.png -> Pred: 3 (True: 3)
[OK] File: 3_p02_r03_c04.png -> Pred: 3 (True: 3)
[OK] File: 3_p02_r03_c05.png -> Pred: 3 (True: 3)
[OK] File: 3_p02_r03_c06.png -> Pred: 3 (True: 3)
[OK] File: 3_p02_r03_c07.png -> Pred: 3 (True: 3)
[NG] File: 3_p02_r03_c08.png -> Pred: 5 (True: 3)
[OK] File: 3_p02_r03_c09.png -> Pred: 3 (True: 3)
[NG] File: 3_p03_r03_c00.png -> Pred: 7 (True: 3)
[NG] File: 3_p03_r03_c01.png -> Pred: 4 (True: 3)
[OK] File: 3_p03_r03_c02.png -> Pred: 3 (True: 3)
[OK] File: 3_p03_r03_c03.png -> Pred: 3 (True: 3)
[OK] File: 3_p03_r03_c04.png -> Pred: 3 (True: 3)
[OK] File: 3_p03_r03_c05.png -> Pred: 3 (True: 3)
[OK] File: 3_p03_r03_c06.png -> Pred: 3 (True: 3)
[OK] File: 3_p03_r03_c07.png -> Pred: 3 (True: 3)
[NG] File: 3_p03_r03_c08.png -> Pred: 2 (True: 3)
[NG] File: 3_p03_r03_c09.png -> Pred: 2 (True: 3)
[NG] File: 3_p04_r03_c00.png -> Pred: 2 (True: 3)
[NG] File: 3_p04_r03_c01.png -> Pred: 4 (True: 3)
[NG] File: 3_p04_r03_c02.png -> Pred: 2 (True: 3)
[OK] File: 3_p04_r03_c03.png -> Pred: 3 (True: 3)
[NG] File: 3_p04_r03_c04.png -> Pred: 1 (True: 3)
[NG] File: 3_p04_r03_c05.png -> Pred: 9 (True: 3)
[NG] File: 3_p04_r03_c06.png -> Pred: 2 (True: 3)
[OK] File: 3_p04_r03_c07.png -> Pred: 3 (True: 3)
[NG] File: 3_p04_r03_c08.png -> Pred: 5 (True: 3)
[OK] File: 3_p04_r03_c09.png -> Pred: 3 (True: 3)
[NG] File: 3_p05_r03_c00.png -> Pred: 7 (True: 3)
[NG] File: 3_p05_r03_c01.png -> Pred: 4 (True: 3)
[NG] File: 3_p05_r03_c02.png -> Pred: 2 (True: 3)
[NG] File: 3_p05_r03_c03.png -> Pred: 2 (True: 3)
[NG] File: 3_p05_r03_c04.png -> Pred: 7 (True: 3)
[NG] File: 3_p05_r03_c05.png -> Pred: 7 (True: 3)
[NG] File: 3_p05_r03_c06.png -> Pred: 7 (True: 3)
[NG] File: 3_p05_r03_c07.png -> Pred: 7 (True: 3)
[NG] File: 3_p05_r03_c08.png -> Pred: 5 (True: 3)
[NG] File: 3_p05_r03_c09.png -> Pred: 2 (True: 3)
[NG] File: 3_p06_r03_c00.png -> Pred: 7 (True: 3)
[NG] File: 3_p06_r03_c01.png -> Pred: 7 (True: 3)
[NG] File: 3_p06_r03_c02.png -> Pred: 7 (True: 3)
[NG] File: 3_p06_r03_c03.png -> Pred: 2 (True: 3)
[OK] File: 3_p06_r03_c04.png -> Pred: 3 (True: 3)
[NG] File: 3_p06_r03_c05.png -> Pred: 7 (True: 3)
[NG] File: 3_p06_r03_c06.png -> Pred: 2 (True: 3)
[NG] File: 3_p06_r03_c07.png -> Pred: 2 (True: 3)
[OK] File: 3_p06_r03_c08.png -> Pred: 3 (True: 3)
[OK] File: 3_p06_r03_c09.png -> Pred: 3 (True: 3)
[NG] File: 3_p07_r03_c00.png -> Pred: 7 (True: 3)
[NG] File: 3_p07_r03_c01.png -> Pred: 7 (True: 3)
[NG] File: 3_p07_r03_c02.png -> Pred: 7 (True: 3)
[NG] File: 3_p07_r03_c03.png -> Pred: 2 (True: 3)
[NG] File: 3_p07_r03_c04.png -> Pred: 7 (True: 3)
[NG] File: 3_p07_r03_c05.png -> Pred: 2 (True: 3)
[NG] File: 3_p07_r03_c06.png -> Pred: 2 (True: 3)
[OK] File: 3_p07_r03_c07.png -> Pred: 3 (True: 3)
[OK] File: 3_p07_r03_c08.png -> Pred: 3 (True: 3)
[OK] File: 3_p07_r03_c09.png -> Pred: 3 (True: 3)
[OK] File: 3_p08_r03_c00.png -> Pred: 3 (True: 3)
[NG] File: 3_p08_r03_c01.png -> Pred: 7 (True: 3)
[OK] File: 3_p08_r03_c02.png -> Pred: 3 (True: 3)
[OK] File: 3_p08_r03_c03.png -> Pred: 3 (True: 3)
[NG] File: 3_p08_r03_c04.png -> Pred: 2 (True: 3)
[OK] File: 3_p08_r03_c05.png -> Pred: 3 (True: 3)
[NG] File: 3_p08_r03_c06.png -> Pred: 5 (True: 3)
[NG] File: 3_p08_r03_c07.png -> Pred: 2 (True: 3)
[NG] File: 3_p08_r03_c08.png -> Pred: 5 (True: 3)
[OK] File: 3_p08_r03_c09.png -> Pred: 3 (True: 3)
[OK] File: 3_p09_r03_c00.png -> Pred: 3 (True: 3)
[NG] File: 3_p09_r03_c01.png -> Pred: 7 (True: 3)
[NG] File: 3_p09_r03_c02.png -> Pred: 7 (True: 3)
[NG] File: 3_p09_r03_c03.png -> Pred: 2 (True: 3)
[OK] File: 3_p09_r03_c04.png -> Pred: 3 (True: 3)
[OK] File: 3_p09_r03_c05.png -> Pred: 3 (True: 3)
[NG] File: 3_p09_r03_c06.png -> Pred: 2 (True: 3)
[NG] File: 3_p09_r03_c07.png -> Pred: 2 (True: 3)
[NG] File: 3_p09_r03_c08.png -> Pred: 2 (True: 3)
[OK] File: 3_p09_r03_c09.png -> Pred: 3 (True: 3)
[NG] File: 3_p10_r03_c00.png -> Pred: 7 (True: 3)
[NG] File: 3_p10_r03_c01.png -> Pred: 7 (True: 3)
[NG] File: 3_p10_r03_c02.png -> Pred: 2 (True: 3)
[NG] File: 3_p10_r03_c03.png -> Pred: 2 (True: 3)
[OK] File: 3_p10_r03_c04.png -> Pred: 3 (True: 3)
[NG] File: 3_p10_r03_c05.png -> Pred: 2 (True: 3)
[OK] File: 3_p10_r03_c06.png -> Pred: 3 (True: 3)
[OK] File: 3_p10_r03_c07.png -> Pred: 3 (True: 3)
[NG] File: 3_p10_r03_c08.png -> Pred: 2 (True: 3)
[NG] File: 3_p10_r03_c09.png -> Pred: 7 (True: 3)
[NG] File: 4_p01_r04_c00.png -> Pred: 9 (True: 4)
[NG] File: 4_p01_r04_c01.png -> Pred: 0 (True: 4)
[NG] File: 4_p01_r04_c02.png -> Pred: 5 (True: 4)
[NG] File: 4_p01_r04_c03.png -> Pred: 9 (True: 4)
[NG] File: 4_p01_r04_c04.png -> Pred: 5 (True: 4)
[OK] File: 4_p01_r04_c05.png -> Pred: 4 (True: 4)
[NG] File: 4_p01_r04_c06.png -> Pred: 8 (True: 4)
[NG] File: 4_p01_r04_c07.png -> Pred: 8 (True: 4)
[NG] File: 4_p01_r04_c08.png -> Pred: 8 (True: 4)
[OK] File: 4_p01_r04_c09.png -> Pred: 4 (True: 4)
[NG] File: 4_p02_r04_c00.png -> Pred: 5 (True: 4)
[NG] File: 4_p02_r04_c01.png -> Pred: 5 (True: 4)
[NG] File: 4_p02_r04_c02.png -> Pred: 5 (True: 4)
[NG] File: 4_p02_r04_c03.png -> Pred: 0 (True: 4)
[OK] File: 4_p02_r04_c04.png -> Pred: 4 (True: 4)
[NG] File: 4_p02_r04_c05.png -> Pred: 5 (True: 4)
[OK] File: 4_p02_r04_c06.png -> Pred: 4 (True: 4)
[NG] File: 4_p02_r04_c07.png -> Pred: 8 (True: 4)
[NG] File: 4_p02_r04_c08.png -> Pred: 5 (True: 4)
[OK] File: 4_p02_r04_c09.png -> Pred: 4 (True: 4)
[NG] File: 4_p03_r04_c00.png -> Pred: 5 (True: 4)
[NG] File: 4_p03_r04_c01.png -> Pred: 7 (True: 4)
[OK] File: 4_p03_r04_c02.png -> Pred: 4 (True: 4)
[NG] File: 4_p03_r04_c03.png -> Pred: 8 (True: 4)
[NG] File: 4_p03_r04_c04.png -> Pred: 5 (True: 4)
[NG] File: 4_p03_r04_c05.png -> Pred: 8 (True: 4)
[NG] File: 4_p03_r04_c06.png -> Pred: 5 (True: 4)
[NG] File: 4_p03_r04_c07.png -> Pred: 1 (True: 4)
[NG] File: 4_p03_r04_c08.png -> Pred: 7 (True: 4)
[NG] File: 4_p03_r04_c09.png -> Pred: 5 (True: 4)
[NG] File: 4_p04_r04_c00.png -> Pred: 7 (True: 4)
[OK] File: 4_p04_r04_c01.png -> Pred: 4 (True: 4)
[NG] File: 4_p04_r04_c02.png -> Pred: 7 (True: 4)
[NG] File: 4_p04_r04_c03.png -> Pred: 5 (True: 4)
[OK] File: 4_p04_r04_c04.png -> Pred: 4 (True: 4)
[OK] File: 4_p04_r04_c05.png -> Pred: 4 (True: 4)
[NG] File: 4_p04_r04_c06.png -> Pred: 8 (True: 4)
[OK] File: 4_p04_r04_c07.png -> Pred: 4 (True: 4)
[OK] File: 4_p04_r04_c08.png -> Pred: 4 (True: 4)
[OK] File: 4_p04_r04_c09.png -> Pred: 4 (True: 4)
[NG] File: 4_p05_r04_c00.png -> Pred: 7 (True: 4)
[NG] File: 4_p05_r04_c01.png -> Pred: 5 (True: 4)
[NG] File: 4_p05_r04_c02.png -> Pred: 5 (True: 4)
[NG] File: 4_p05_r04_c03.png -> Pred: 5 (True: 4)
[NG] File: 4_p05_r04_c04.png -> Pred: 7 (True: 4)
[NG] File: 4_p05_r04_c05.png -> Pred: 7 (True: 4)
[NG] File: 4_p05_r04_c06.png -> Pred: 7 (True: 4)
[NG] File: 4_p05_r04_c07.png -> Pred: 7 (True: 4)
[NG] File: 4_p05_r04_c08.png -> Pred: 5 (True: 4)
[NG] File: 4_p05_r04_c09.png -> Pred: 5 (True: 4)
[NG] File: 4_p06_r04_c00.png -> Pred: 7 (True: 4)
[NG] File: 4_p06_r04_c01.png -> Pred: 7 (True: 4)
[NG] File: 4_p06_r04_c02.png -> Pred: 5 (True: 4)
[NG] File: 4_p06_r04_c03.png -> Pred: 5 (True: 4)
[NG] File: 4_p06_r04_c04.png -> Pred: 7 (True: 4)
[NG] File: 4_p06_r04_c05.png -> Pred: 7 (True: 4)
[NG] File: 4_p06_r04_c06.png -> Pred: 8 (True: 4)
[NG] File: 4_p06_r04_c07.png -> Pred: 7 (True: 4)
[NG] File: 4_p06_r04_c08.png -> Pred: 0 (True: 4)
[OK] File: 4_p06_r04_c09.png -> Pred: 4 (True: 4)
[NG] File: 4_p07_r04_c00.png -> Pred: 5 (True: 4)
[NG] File: 4_p07_r04_c01.png -> Pred: 7 (True: 4)
[NG] File: 4_p07_r04_c02.png -> Pred: 5 (True: 4)
[NG] File: 4_p07_r04_c03.png -> Pred: 3 (True: 4)
[OK] File: 4_p07_r04_c04.png -> Pred: 4 (True: 4)
[NG] File: 4_p07_r04_c05.png -> Pred: 5 (True: 4)
[NG] File: 4_p07_r04_c06.png -> Pred: 8 (True: 4)
[NG] File: 4_p07_r04_c07.png -> Pred: 7 (True: 4)
[OK] File: 4_p07_r04_c08.png -> Pred: 4 (True: 4)
[NG] File: 4_p07_r04_c09.png -> Pred: 5 (True: 4)
[NG] File: 4_p08_r04_c00.png -> Pred: 5 (True: 4)
[NG] File: 4_p08_r04_c01.png -> Pred: 9 (True: 4)
[OK] File: 4_p08_r04_c02.png -> Pred: 4 (True: 4)
[OK] File: 4_p08_r04_c03.png -> Pred: 4 (True: 4)
[OK] File: 4_p08_r04_c04.png -> Pred: 4 (True: 4)
[NG] File: 4_p08_r04_c05.png -> Pred: 5 (True: 4)
[OK] File: 4_p08_r04_c06.png -> Pred: 4 (True: 4)
[NG] File: 4_p08_r04_c07.png -> Pred: 7 (True: 4)
[NG] File: 4_p08_r04_c08.png -> Pred: 7 (True: 4)
[OK] File: 4_p08_r04_c09.png -> Pred: 4 (True: 4)
[NG] File: 4_p09_r04_c00.png -> Pred: 7 (True: 4)
[OK] File: 4_p09_r04_c01.png -> Pred: 4 (True: 4)
[OK] File: 4_p09_r04_c02.png -> Pred: 4 (True: 4)
[NG] File: 4_p09_r04_c03.png -> Pred: 2 (True: 4)
[NG] File: 4_p09_r04_c04.png -> Pred: 7 (True: 4)
[OK] File: 4_p09_r04_c05.png -> Pred: 4 (True: 4)
[NG] File: 4_p09_r04_c06.png -> Pred: 5 (True: 4)
[NG] File: 4_p09_r04_c07.png -> Pred: 7 (True: 4)
[NG] File: 4_p09_r04_c08.png -> Pred: 5 (True: 4)
[NG] File: 4_p09_r04_c09.png -> Pred: 7 (True: 4)
[NG] File: 4_p10_r04_c00.png -> Pred: 7 (True: 4)
[NG] File: 4_p10_r04_c01.png -> Pred: 7 (True: 4)
[NG] File: 4_p10_r04_c02.png -> Pred: 7 (True: 4)
[NG] File: 4_p10_r04_c03.png -> Pred: 5 (True: 4)
[NG] File: 4_p10_r04_c04.png -> Pred: 5 (True: 4)
[NG] File: 4_p10_r04_c05.png -> Pred: 5 (True: 4)
[NG] File: 4_p10_r04_c06.png -> Pred: 5 (True: 4)
[NG] File: 4_p10_r04_c07.png -> Pred: 8 (True: 4)
[NG] File: 4_p10_r04_c08.png -> Pred: 5 (True: 4)
[OK] File: 4_p10_r04_c09.png -> Pred: 4 (True: 4)
[OK] File: 5_p01_r05_c00.png -> Pred: 5 (True: 5)
[OK] File: 5_p01_r05_c01.png -> Pred: 5 (True: 5)
[OK] File: 5_p01_r05_c02.png -> Pred: 5 (True: 5)
[OK] File: 5_p01_r05_c03.png -> Pred: 5 (True: 5)
[OK] File: 5_p01_r05_c04.png -> Pred: 5 (True: 5)
[OK] File: 5_p01_r05_c05.png -> Pred: 5 (True: 5)
[OK] File: 5_p01_r05_c06.png -> Pred: 5 (True: 5)
[OK] File: 5_p01_r05_c07.png -> Pred: 5 (True: 5)
[OK] File: 5_p01_r05_c08.png -> Pred: 5 (True: 5)
[OK] File: 5_p01_r05_c09.png -> Pred: 5 (True: 5)
[NG] File: 5_p02_r05_c00.png -> Pred: 7 (True: 5)
[OK] File: 5_p02_r05_c01.png -> Pred: 5 (True: 5)
[NG] File: 5_p02_r05_c02.png -> Pred: 3 (True: 5)
[OK] File: 5_p02_r05_c03.png -> Pred: 5 (True: 5)
[OK] File: 5_p02_r05_c04.png -> Pred: 5 (True: 5)
[OK] File: 5_p02_r05_c05.png -> Pred: 5 (True: 5)
[OK] File: 5_p02_r05_c06.png -> Pred: 5 (True: 5)
[OK] File: 5_p02_r05_c07.png -> Pred: 5 (True: 5)
[OK] File: 5_p02_r05_c08.png -> Pred: 5 (True: 5)
[OK] File: 5_p02_r05_c09.png -> Pred: 5 (True: 5)
[OK] File: 5_p03_r05_c00.png -> Pred: 5 (True: 5)
[NG] File: 5_p03_r05_c01.png -> Pred: 7 (True: 5)
[NG] File: 5_p03_r05_c02.png -> Pred: 7 (True: 5)
[OK] File: 5_p03_r05_c03.png -> Pred: 5 (True: 5)
[OK] File: 5_p03_r05_c04.png -> Pred: 5 (True: 5)
[OK] File: 5_p03_r05_c05.png -> Pred: 5 (True: 5)
[OK] File: 5_p03_r05_c06.png -> Pred: 5 (True: 5)
[OK] File: 5_p03_r05_c07.png -> Pred: 5 (True: 5)
[OK] File: 5_p03_r05_c08.png -> Pred: 5 (True: 5)
[OK] File: 5_p03_r05_c09.png -> Pred: 5 (True: 5)
[OK] File: 5_p04_r05_c00.png -> Pred: 5 (True: 5)
[OK] File: 5_p04_r05_c01.png -> Pred: 5 (True: 5)
[OK] File: 5_p04_r05_c02.png -> Pred: 5 (True: 5)
[OK] File: 5_p04_r05_c03.png -> Pred: 5 (True: 5)
[OK] File: 5_p04_r05_c04.png -> Pred: 5 (True: 5)
[OK] File: 5_p04_r05_c05.png -> Pred: 5 (True: 5)
[OK] File: 5_p04_r05_c06.png -> Pred: 5 (True: 5)
[OK] File: 5_p04_r05_c07.png -> Pred: 5 (True: 5)
[OK] File: 5_p04_r05_c08.png -> Pred: 5 (True: 5)
[OK] File: 5_p04_r05_c09.png -> Pred: 5 (True: 5)
[NG] File: 5_p05_r05_c00.png -> Pred: 7 (True: 5)
[OK] File: 5_p05_r05_c01.png -> Pred: 5 (True: 5)
[OK] File: 5_p05_r05_c02.png -> Pred: 5 (True: 5)
[OK] File: 5_p05_r05_c03.png -> Pred: 5 (True: 5)
[OK] File: 5_p05_r05_c04.png -> Pred: 5 (True: 5)
[NG] File: 5_p05_r05_c05.png -> Pred: 7 (True: 5)
[OK] File: 5_p05_r05_c06.png -> Pred: 5 (True: 5)
[OK] File: 5_p05_r05_c07.png -> Pred: 5 (True: 5)
[OK] File: 5_p05_r05_c08.png -> Pred: 5 (True: 5)
[OK] File: 5_p05_r05_c09.png -> Pred: 5 (True: 5)
[NG] File: 5_p06_r05_c00.png -> Pred: 7 (True: 5)
[NG] File: 5_p06_r05_c01.png -> Pred: 7 (True: 5)
[NG] File: 5_p06_r05_c02.png -> Pred: 2 (True: 5)
[OK] File: 5_p06_r05_c03.png -> Pred: 5 (True: 5)
[OK] File: 5_p06_r05_c04.png -> Pred: 5 (True: 5)
[OK] File: 5_p06_r05_c05.png -> Pred: 5 (True: 5)
[OK] File: 5_p06_r05_c06.png -> Pred: 5 (True: 5)
[OK] File: 5_p06_r05_c07.png -> Pred: 5 (True: 5)
[NG] File: 5_p06_r05_c08.png -> Pred: 7 (True: 5)
[OK] File: 5_p06_r05_c09.png -> Pred: 5 (True: 5)
[NG] File: 5_p07_r05_c00.png -> Pred: 7 (True: 5)
[OK] File: 5_p07_r05_c01.png -> Pred: 5 (True: 5)
[OK] File: 5_p07_r05_c02.png -> Pred: 5 (True: 5)
[OK] File: 5_p07_r05_c03.png -> Pred: 5 (True: 5)
[OK] File: 5_p07_r05_c04.png -> Pred: 5 (True: 5)
[OK] File: 5_p07_r05_c05.png -> Pred: 5 (True: 5)
[OK] File: 5_p07_r05_c06.png -> Pred: 5 (True: 5)
[OK] File: 5_p07_r05_c07.png -> Pred: 5 (True: 5)
[OK] File: 5_p07_r05_c08.png -> Pred: 5 (True: 5)
[OK] File: 5_p07_r05_c09.png -> Pred: 5 (True: 5)
[OK] File: 5_p08_r05_c00.png -> Pred: 5 (True: 5)
[OK] File: 5_p08_r05_c01.png -> Pred: 5 (True: 5)
[OK] File: 5_p08_r05_c02.png -> Pred: 5 (True: 5)
[OK] File: 5_p08_r05_c03.png -> Pred: 5 (True: 5)
[OK] File: 5_p08_r05_c04.png -> Pred: 5 (True: 5)
[OK] File: 5_p08_r05_c05.png -> Pred: 5 (True: 5)
[OK] File: 5_p08_r05_c06.png -> Pred: 5 (True: 5)
[OK] File: 5_p08_r05_c07.png -> Pred: 5 (True: 5)
[OK] File: 5_p08_r05_c08.png -> Pred: 5 (True: 5)
[OK] File: 5_p08_r05_c09.png -> Pred: 5 (True: 5)
[NG] File: 5_p09_r05_c00.png -> Pred: 2 (True: 5)
[OK] File: 5_p09_r05_c01.png -> Pred: 5 (True: 5)
[OK] File: 5_p09_r05_c02.png -> Pred: 5 (True: 5)
[OK] File: 5_p09_r05_c03.png -> Pred: 5 (True: 5)
[OK] File: 5_p09_r05_c04.png -> Pred: 5 (True: 5)
[OK] File: 5_p09_r05_c05.png -> Pred: 5 (True: 5)
[OK] File: 5_p09_r05_c06.png -> Pred: 5 (True: 5)
[OK] File: 5_p09_r05_c07.png -> Pred: 5 (True: 5)
[NG] File: 5_p09_r05_c08.png -> Pred: 2 (True: 5)
[NG] File: 5_p09_r05_c09.png -> Pred: 2 (True: 5)
[NG] File: 5_p10_r05_c00.png -> Pred: 7 (True: 5)
[NG] File: 5_p10_r05_c01.png -> Pred: 7 (True: 5)
[OK] File: 5_p10_r05_c02.png -> Pred: 5 (True: 5)
[OK] File: 5_p10_r05_c03.png -> Pred: 5 (True: 5)
[OK] File: 5_p10_r05_c04.png -> Pred: 5 (True: 5)
[OK] File: 5_p10_r05_c05.png -> Pred: 5 (True: 5)
[OK] File: 5_p10_r05_c06.png -> Pred: 5 (True: 5)
[NG] File: 5_p10_r05_c07.png -> Pred: 0 (True: 5)
[OK] File: 5_p10_r05_c08.png -> Pred: 5 (True: 5)
[OK] File: 5_p10_r05_c09.png -> Pred: 5 (True: 5)
[NG] File: 6_p01_r06_c00.png -> Pred: 5 (True: 6)
[NG] File: 6_p01_r06_c01.png -> Pred: 7 (True: 6)
[NG] File: 6_p01_r06_c02.png -> Pred: 5 (True: 6)
[OK] File: 6_p01_r06_c03.png -> Pred: 6 (True: 6)
[OK] File: 6_p01_r06_c04.png -> Pred: 6 (True: 6)
[OK] File: 6_p01_r06_c05.png -> Pred: 6 (True: 6)
[OK] File: 6_p01_r06_c06.png -> Pred: 6 (True: 6)
[OK] File: 6_p01_r06_c07.png -> Pred: 6 (True: 6)
[OK] File: 6_p01_r06_c08.png -> Pred: 6 (True: 6)
[NG] File: 6_p01_r06_c09.png -> Pred: 5 (True: 6)
[NG] File: 6_p02_r06_c00.png -> Pred: 4 (True: 6)
[NG] File: 6_p02_r06_c01.png -> Pred: 7 (True: 6)
[OK] File: 6_p02_r06_c02.png -> Pred: 6 (True: 6)
[NG] File: 6_p02_r06_c03.png -> Pred: 5 (True: 6)
[OK] File: 6_p02_r06_c04.png -> Pred: 6 (True: 6)
[NG] File: 6_p02_r06_c05.png -> Pred: 5 (True: 6)
[OK] File: 6_p02_r06_c06.png -> Pred: 6 (True: 6)
[OK] File: 6_p02_r06_c07.png -> Pred: 6 (True: 6)
[NG] File: 6_p02_r06_c08.png -> Pred: 8 (True: 6)
[OK] File: 6_p02_r06_c09.png -> Pred: 6 (True: 6)
[NG] File: 6_p03_r06_c00.png -> Pred: 2 (True: 6)
[NG] File: 6_p03_r06_c01.png -> Pred: 7 (True: 6)
[NG] File: 6_p03_r06_c02.png -> Pred: 5 (True: 6)
[NG] File: 6_p03_r06_c03.png -> Pred: 5 (True: 6)
[OK] File: 6_p03_r06_c04.png -> Pred: 6 (True: 6)
[OK] File: 6_p03_r06_c05.png -> Pred: 6 (True: 6)
[NG] File: 6_p03_r06_c06.png -> Pred: 5 (True: 6)
[OK] File: 6_p03_r06_c07.png -> Pred: 6 (True: 6)
[NG] File: 6_p03_r06_c08.png -> Pred: 1 (True: 6)
[OK] File: 6_p03_r06_c09.png -> Pred: 6 (True: 6)
[NG] File: 6_p04_r06_c00.png -> Pred: 5 (True: 6)
[NG] File: 6_p04_r06_c01.png -> Pred: 7 (True: 6)
[NG] File: 6_p04_r06_c02.png -> Pred: 5 (True: 6)
[OK] File: 6_p04_r06_c03.png -> Pred: 6 (True: 6)
[NG] File: 6_p04_r06_c04.png -> Pred: 0 (True: 6)
[NG] File: 6_p04_r06_c05.png -> Pred: 5 (True: 6)
[OK] File: 6_p04_r06_c06.png -> Pred: 6 (True: 6)
[OK] File: 6_p04_r06_c07.png -> Pred: 6 (True: 6)
[OK] File: 6_p04_r06_c08.png -> Pred: 6 (True: 6)
[OK] File: 6_p04_r06_c09.png -> Pred: 6 (True: 6)
[NG] File: 6_p05_r06_c00.png -> Pred: 7 (True: 6)
[NG] File: 6_p05_r06_c01.png -> Pred: 7 (True: 6)
[NG] File: 6_p05_r06_c02.png -> Pred: 9 (True: 6)
[OK] File: 6_p05_r06_c03.png -> Pred: 6 (True: 6)
[NG] File: 6_p05_r06_c04.png -> Pred: 0 (True: 6)
[NG] File: 6_p05_r06_c05.png -> Pred: 9 (True: 6)
[OK] File: 6_p05_r06_c06.png -> Pred: 6 (True: 6)
[NG] File: 6_p05_r06_c07.png -> Pred: 5 (True: 6)
[NG] File: 6_p05_r06_c08.png -> Pred: 3 (True: 6)
[NG] File: 6_p05_r06_c09.png -> Pred: 5 (True: 6)
[NG] File: 6_p06_r06_c00.png -> Pred: 7 (True: 6)
[NG] File: 6_p06_r06_c01.png -> Pred: 7 (True: 6)
[NG] File: 6_p06_r06_c02.png -> Pred: 7 (True: 6)
[NG] File: 6_p06_r06_c03.png -> Pred: 9 (True: 6)
[NG] File: 6_p06_r06_c04.png -> Pred: 5 (True: 6)
[NG] File: 6_p06_r06_c05.png -> Pred: 9 (True: 6)
[NG] File: 6_p06_r06_c06.png -> Pred: 9 (True: 6)
[OK] File: 6_p06_r06_c07.png -> Pred: 6 (True: 6)
[OK] File: 6_p06_r06_c08.png -> Pred: 6 (True: 6)
[NG] File: 6_p06_r06_c09.png -> Pred: 5 (True: 6)
[NG] File: 6_p07_r06_c00.png -> Pred: 9 (True: 6)
[NG] File: 6_p07_r06_c01.png -> Pred: 7 (True: 6)
[NG] File: 6_p07_r06_c02.png -> Pred: 5 (True: 6)
[NG] File: 6_p07_r06_c03.png -> Pred: 5 (True: 6)
[NG] File: 6_p07_r06_c04.png -> Pred: 5 (True: 6)
[NG] File: 6_p07_r06_c05.png -> Pred: 9 (True: 6)
[NG] File: 6_p07_r06_c06.png -> Pred: 9 (True: 6)
[NG] File: 6_p07_r06_c07.png -> Pred: 9 (True: 6)
[NG] File: 6_p07_r06_c08.png -> Pred: 1 (True: 6)
[NG] File: 6_p07_r06_c09.png -> Pred: 5 (True: 6)
[NG] File: 6_p08_r06_c00.png -> Pred: 7 (True: 6)
[NG] File: 6_p08_r06_c01.png -> Pred: 5 (True: 6)
[OK] File: 6_p08_r06_c02.png -> Pred: 6 (True: 6)
[OK] File: 6_p08_r06_c03.png -> Pred: 6 (True: 6)
[OK] File: 6_p08_r06_c04.png -> Pred: 6 (True: 6)
[OK] File: 6_p08_r06_c05.png -> Pred: 6 (True: 6)
[NG] File: 6_p08_r06_c06.png -> Pred: 2 (True: 6)
[OK] File: 6_p08_r06_c07.png -> Pred: 6 (True: 6)
[NG] File: 6_p08_r06_c08.png -> Pred: 2 (True: 6)
[NG] File: 6_p08_r06_c09.png -> Pred: 2 (True: 6)
[NG] File: 6_p09_r06_c00.png -> Pred: 5 (True: 6)
[NG] File: 6_p09_r06_c01.png -> Pred: 7 (True: 6)
[NG] File: 6_p09_r06_c02.png -> Pred: 5 (True: 6)
[OK] File: 6_p09_r06_c03.png -> Pred: 6 (True: 6)
[OK] File: 6_p09_r06_c04.png -> Pred: 6 (True: 6)
[OK] File: 6_p09_r06_c05.png -> Pred: 6 (True: 6)
[OK] File: 6_p09_r06_c06.png -> Pred: 6 (True: 6)
[OK] File: 6_p09_r06_c07.png -> Pred: 6 (True: 6)
[NG] File: 6_p09_r06_c08.png -> Pred: 2 (True: 6)
[NG] File: 6_p09_r06_c09.png -> Pred: 5 (True: 6)
[NG] File: 6_p10_r06_c00.png -> Pred: 9 (True: 6)
[NG] File: 6_p10_r06_c01.png -> Pred: 5 (True: 6)
[NG] File: 6_p10_r06_c02.png -> Pred: 5 (True: 6)
[NG] File: 6_p10_r06_c03.png -> Pred: 5 (True: 6)
[NG] File: 6_p10_r06_c04.png -> Pred: 5 (True: 6)
[OK] File: 6_p10_r06_c05.png -> Pred: 6 (True: 6)
[NG] File: 6_p10_r06_c06.png -> Pred: 5 (True: 6)
[NG] File: 6_p10_r06_c07.png -> Pred: 9 (True: 6)
[OK] File: 6_p10_r06_c08.png -> Pred: 6 (True: 6)
[NG] File: 6_p10_r06_c09.png -> Pred: 5 (True: 6)
[NG] File: 7_p01_r07_c00.png -> Pred: 2 (True: 7)
[NG] File: 7_p01_r07_c01.png -> Pred: 2 (True: 7)
[NG] File: 7_p01_r07_c02.png -> Pred: 2 (True: 7)
[NG] File: 7_p01_r07_c03.png -> Pred: 2 (True: 7)
[NG] File: 7_p01_r07_c04.png -> Pred: 2 (True: 7)
[NG] File: 7_p01_r07_c05.png -> Pred: 2 (True: 7)
[NG] File: 7_p01_r07_c06.png -> Pred: 2 (True: 7)
[OK] File: 7_p01_r07_c07.png -> Pred: 7 (True: 7)
[OK] File: 7_p01_r07_c08.png -> Pred: 7 (True: 7)
[OK] File: 7_p01_r07_c09.png -> Pred: 7 (True: 7)
[OK] File: 7_p02_r07_c00.png -> Pred: 7 (True: 7)
[NG] File: 7_p02_r07_c01.png -> Pred: 0 (True: 7)
[OK] File: 7_p02_r07_c02.png -> Pred: 7 (True: 7)
[OK] File: 7_p02_r07_c03.png -> Pred: 7 (True: 7)
[OK] File: 7_p02_r07_c04.png -> Pred: 7 (True: 7)
[OK] File: 7_p02_r07_c05.png -> Pred: 7 (True: 7)
[OK] File: 7_p02_r07_c06.png -> Pred: 7 (True: 7)
[OK] File: 7_p02_r07_c07.png -> Pred: 7 (True: 7)
[NG] File: 7_p02_r07_c08.png -> Pred: 0 (True: 7)
[OK] File: 7_p02_r07_c09.png -> Pred: 7 (True: 7)
[NG] File: 7_p03_r07_c00.png -> Pred: 1 (True: 7)
[NG] File: 7_p03_r07_c01.png -> Pred: 4 (True: 7)
[NG] File: 7_p03_r07_c02.png -> Pred: 2 (True: 7)
[NG] File: 7_p03_r07_c03.png -> Pred: 1 (True: 7)
[OK] File: 7_p03_r07_c04.png -> Pred: 7 (True: 7)
[OK] File: 7_p03_r07_c05.png -> Pred: 7 (True: 7)
[OK] File: 7_p03_r07_c06.png -> Pred: 7 (True: 7)
[OK] File: 7_p03_r07_c07.png -> Pred: 7 (True: 7)
[OK] File: 7_p03_r07_c08.png -> Pred: 7 (True: 7)
[OK] File: 7_p03_r07_c09.png -> Pred: 7 (True: 7)
[NG] File: 7_p04_r07_c00.png -> Pred: 0 (True: 7)
[NG] File: 7_p04_r07_c01.png -> Pred: 0 (True: 7)
[OK] File: 7_p04_r07_c02.png -> Pred: 7 (True: 7)
[NG] File: 7_p04_r07_c03.png -> Pred: 2 (True: 7)
[NG] File: 7_p04_r07_c04.png -> Pred: 2 (True: 7)
[NG] File: 7_p04_r07_c05.png -> Pred: 2 (True: 7)
[NG] File: 7_p04_r07_c06.png -> Pred: 2 (True: 7)
[OK] File: 7_p04_r07_c07.png -> Pred: 7 (True: 7)
[OK] File: 7_p04_r07_c08.png -> Pred: 7 (True: 7)
[OK] File: 7_p04_r07_c09.png -> Pred: 7 (True: 7)
[NG] File: 7_p05_r07_c00.png -> Pred: 2 (True: 7)
[NG] File: 7_p05_r07_c01.png -> Pred: 4 (True: 7)
[NG] File: 7_p05_r07_c02.png -> Pred: 2 (True: 7)
[NG] File: 7_p05_r07_c03.png -> Pred: 2 (True: 7)
[OK] File: 7_p05_r07_c04.png -> Pred: 7 (True: 7)
[NG] File: 7_p05_r07_c05.png -> Pred: 1 (True: 7)
[NG] File: 7_p05_r07_c06.png -> Pred: 2 (True: 7)
[NG] File: 7_p05_r07_c07.png -> Pred: 0 (True: 7)
[NG] File: 7_p05_r07_c08.png -> Pred: 5 (True: 7)
[NG] File: 7_p05_r07_c09.png -> Pred: 2 (True: 7)
[NG] File: 7_p06_r07_c00.png -> Pred: 2 (True: 7)
[NG] File: 7_p06_r07_c01.png -> Pred: 4 (True: 7)
[NG] File: 7_p06_r07_c02.png -> Pred: 2 (True: 7)
[NG] File: 7_p06_r07_c03.png -> Pred: 2 (True: 7)
[NG] File: 7_p06_r07_c04.png -> Pred: 2 (True: 7)
[NG] File: 7_p06_r07_c05.png -> Pred: 1 (True: 7)
[NG] File: 7_p06_r07_c06.png -> Pred: 2 (True: 7)
[NG] File: 7_p06_r07_c07.png -> Pred: 2 (True: 7)
[NG] File: 7_p06_r07_c08.png -> Pred: 2 (True: 7)
[OK] File: 7_p06_r07_c09.png -> Pred: 7 (True: 7)
[NG] File: 7_p07_r07_c00.png -> Pred: 8 (True: 7)
[NG] File: 7_p07_r07_c01.png -> Pred: 4 (True: 7)
[NG] File: 7_p07_r07_c02.png -> Pred: 2 (True: 7)
[OK] File: 7_p07_r07_c03.png -> Pred: 7 (True: 7)
[OK] File: 7_p07_r07_c04.png -> Pred: 7 (True: 7)
[NG] File: 7_p07_r07_c05.png -> Pred: 2 (True: 7)
[NG] File: 7_p07_r07_c06.png -> Pred: 1 (True: 7)
[OK] File: 7_p07_r07_c07.png -> Pred: 7 (True: 7)
[NG] File: 7_p07_r07_c08.png -> Pred: 1 (True: 7)
[OK] File: 7_p07_r07_c09.png -> Pred: 7 (True: 7)
[OK] File: 7_p08_r07_c00.png -> Pred: 7 (True: 7)
[OK] File: 7_p08_r07_c01.png -> Pred: 7 (True: 7)
[OK] File: 7_p08_r07_c02.png -> Pred: 7 (True: 7)
[OK] File: 7_p08_r07_c03.png -> Pred: 7 (True: 7)
[OK] File: 7_p08_r07_c04.png -> Pred: 7 (True: 7)
[OK] File: 7_p08_r07_c05.png -> Pred: 7 (True: 7)
[OK] File: 7_p08_r07_c06.png -> Pred: 7 (True: 7)
[NG] File: 7_p08_r07_c07.png -> Pred: 0 (True: 7)
[OK] File: 7_p08_r07_c08.png -> Pred: 7 (True: 7)
[NG] File: 7_p08_r07_c09.png -> Pred: 0 (True: 7)
[NG] File: 7_p09_r07_c00.png -> Pred: 2 (True: 7)
[NG] File: 7_p09_r07_c01.png -> Pred: 2 (True: 7)
[NG] File: 7_p09_r07_c02.png -> Pred: 2 (True: 7)
[NG] File: 7_p09_r07_c03.png -> Pred: 2 (True: 7)
[OK] File: 7_p09_r07_c04.png -> Pred: 7 (True: 7)
[NG] File: 7_p09_r07_c05.png -> Pred: 1 (True: 7)
[OK] File: 7_p09_r07_c06.png -> Pred: 7 (True: 7)
[NG] File: 7_p09_r07_c07.png -> Pred: 2 (True: 7)
[NG] File: 7_p09_r07_c08.png -> Pred: 2 (True: 7)
[OK] File: 7_p09_r07_c09.png -> Pred: 7 (True: 7)
[NG] File: 7_p10_r07_c00.png -> Pred: 2 (True: 7)
[NG] File: 7_p10_r07_c01.png -> Pred: 2 (True: 7)
[NG] File: 7_p10_r07_c02.png -> Pred: 2 (True: 7)
[NG] File: 7_p10_r07_c03.png -> Pred: 2 (True: 7)
[NG] File: 7_p10_r07_c04.png -> Pred: 2 (True: 7)
[NG] File: 7_p10_r07_c05.png -> Pred: 1 (True: 7)
[NG] File: 7_p10_r07_c06.png -> Pred: 1 (True: 7)
[NG] File: 7_p10_r07_c07.png -> Pred: 2 (True: 7)
[OK] File: 7_p10_r07_c08.png -> Pred: 7 (True: 7)
[NG] File: 7_p10_r07_c09.png -> Pred: 2 (True: 7)
[OK] File: 8_p01_r08_c00.png -> Pred: 8 (True: 8)
[NG] File: 8_p01_r08_c01.png -> Pred: 5 (True: 8)
[OK] File: 8_p01_r08_c02.png -> Pred: 8 (True: 8)
[OK] File: 8_p01_r08_c03.png -> Pred: 8 (True: 8)
[NG] File: 8_p01_r08_c04.png -> Pred: 5 (True: 8)
[NG] File: 8_p01_r08_c05.png -> Pred: 5 (True: 8)
[OK] File: 8_p01_r08_c06.png -> Pred: 8 (True: 8)
[OK] File: 8_p01_r08_c07.png -> Pred: 8 (True: 8)
[OK] File: 8_p01_r08_c08.png -> Pred: 8 (True: 8)
[OK] File: 8_p01_r08_c09.png -> Pred: 8 (True: 8)
[NG] File: 8_p02_r08_c00.png -> Pred: 5 (True: 8)
[NG] File: 8_p02_r08_c01.png -> Pred: 5 (True: 8)
[OK] File: 8_p02_r08_c02.png -> Pred: 8 (True: 8)
[OK] File: 8_p02_r08_c03.png -> Pred: 8 (True: 8)
[NG] File: 8_p02_r08_c04.png -> Pred: 2 (True: 8)
[OK] File: 8_p02_r08_c05.png -> Pred: 8 (True: 8)
[NG] File: 8_p02_r08_c06.png -> Pred: 3 (True: 8)
[OK] File: 8_p02_r08_c07.png -> Pred: 8 (True: 8)
[NG] File: 8_p02_r08_c08.png -> Pred: 3 (True: 8)
[OK] File: 8_p02_r08_c09.png -> Pred: 8 (True: 8)
[NG] File: 8_p03_r08_c00.png -> Pred: 5 (True: 8)
[NG] File: 8_p03_r08_c01.png -> Pred: 4 (True: 8)
[NG] File: 8_p03_r08_c02.png -> Pred: 5 (True: 8)
[OK] File: 8_p03_r08_c03.png -> Pred: 8 (True: 8)
[OK] File: 8_p03_r08_c04.png -> Pred: 8 (True: 8)
[NG] File: 8_p03_r08_c05.png -> Pred: 5 (True: 8)
[OK] File: 8_p03_r08_c06.png -> Pred: 8 (True: 8)
[NG] File: 8_p03_r08_c07.png -> Pred: 5 (True: 8)
[NG] File: 8_p03_r08_c08.png -> Pred: 5 (True: 8)
[OK] File: 8_p03_r08_c09.png -> Pred: 8 (True: 8)
[NG] File: 8_p04_r08_c00.png -> Pred: 3 (True: 8)
[NG] File: 8_p04_r08_c01.png -> Pred: 5 (True: 8)
[OK] File: 8_p04_r08_c02.png -> Pred: 8 (True: 8)
[OK] File: 8_p04_r08_c03.png -> Pred: 8 (True: 8)
[NG] File: 8_p04_r08_c04.png -> Pred: 5 (True: 8)
[OK] File: 8_p04_r08_c05.png -> Pred: 8 (True: 8)
[OK] File: 8_p04_r08_c06.png -> Pred: 8 (True: 8)
[NG] File: 8_p04_r08_c07.png -> Pred: 9 (True: 8)
[OK] File: 8_p04_r08_c08.png -> Pred: 8 (True: 8)
[NG] File: 8_p04_r08_c09.png -> Pred: 5 (True: 8)
[NG] File: 8_p05_r08_c00.png -> Pred: 5 (True: 8)
[NG] File: 8_p05_r08_c01.png -> Pred: 5 (True: 8)
[NG] File: 8_p05_r08_c02.png -> Pred: 4 (True: 8)
[NG] File: 8_p05_r08_c03.png -> Pred: 7 (True: 8)
[OK] File: 8_p05_r08_c04.png -> Pred: 8 (True: 8)
[OK] File: 8_p05_r08_c05.png -> Pred: 8 (True: 8)
[NG] File: 8_p05_r08_c06.png -> Pred: 5 (True: 8)
[NG] File: 8_p05_r08_c07.png -> Pred: 5 (True: 8)
[OK] File: 8_p05_r08_c08.png -> Pred: 8 (True: 8)
[OK] File: 8_p05_r08_c09.png -> Pred: 8 (True: 8)
[NG] File: 8_p06_r08_c00.png -> Pred: 7 (True: 8)
[NG] File: 8_p06_r08_c01.png -> Pred: 4 (True: 8)
[OK] File: 8_p06_r08_c02.png -> Pred: 8 (True: 8)
[OK] File: 8_p06_r08_c03.png -> Pred: 8 (True: 8)
[OK] File: 8_p06_r08_c04.png -> Pred: 8 (True: 8)
[OK] File: 8_p06_r08_c05.png -> Pred: 8 (True: 8)
[OK] File: 8_p06_r08_c06.png -> Pred: 8 (True: 8)
[NG] File: 8_p06_r08_c07.png -> Pred: 9 (True: 8)
[NG] File: 8_p06_r08_c08.png -> Pred: 3 (True: 8)
[OK] File: 8_p06_r08_c09.png -> Pred: 8 (True: 8)
[NG] File: 8_p07_r08_c00.png -> Pred: 5 (True: 8)
[NG] File: 8_p07_r08_c01.png -> Pred: 7 (True: 8)
[OK] File: 8_p07_r08_c02.png -> Pred: 8 (True: 8)
[OK] File: 8_p07_r08_c03.png -> Pred: 8 (True: 8)
[NG] File: 8_p07_r08_c04.png -> Pred: 5 (True: 8)
[NG] File: 8_p07_r08_c05.png -> Pred: 3 (True: 8)
[NG] File: 8_p07_r08_c06.png -> Pred: 2 (True: 8)
[NG] File: 8_p07_r08_c07.png -> Pred: 5 (True: 8)
[NG] File: 8_p07_r08_c08.png -> Pred: 3 (True: 8)
[OK] File: 8_p07_r08_c09.png -> Pred: 8 (True: 8)
[OK] File: 8_p08_r08_c00.png -> Pred: 8 (True: 8)
[NG] File: 8_p08_r08_c01.png -> Pred: 5 (True: 8)
[NG] File: 8_p08_r08_c02.png -> Pred: 9 (True: 8)
[NG] File: 8_p08_r08_c03.png -> Pred: 2 (True: 8)
[NG] File: 8_p08_r08_c04.png -> Pred: 9 (True: 8)
[OK] File: 8_p08_r08_c05.png -> Pred: 8 (True: 8)
[NG] File: 8_p08_r08_c06.png -> Pred: 2 (True: 8)
[NG] File: 8_p08_r08_c07.png -> Pred: 2 (True: 8)
[NG] File: 8_p08_r08_c08.png -> Pred: 2 (True: 8)
[NG] File: 8_p08_r08_c09.png -> Pred: 2 (True: 8)
[NG] File: 8_p09_r08_c00.png -> Pred: 2 (True: 8)
[NG] File: 8_p09_r08_c01.png -> Pred: 5 (True: 8)
[NG] File: 8_p09_r08_c02.png -> Pred: 5 (True: 8)
[OK] File: 8_p09_r08_c03.png -> Pred: 8 (True: 8)
[OK] File: 8_p09_r08_c04.png -> Pred: 8 (True: 8)
[OK] File: 8_p09_r08_c05.png -> Pred: 8 (True: 8)
[OK] File: 8_p09_r08_c06.png -> Pred: 8 (True: 8)
[NG] File: 8_p09_r08_c07.png -> Pred: 3 (True: 8)
[OK] File: 8_p09_r08_c08.png -> Pred: 8 (True: 8)
[OK] File: 8_p09_r08_c09.png -> Pred: 8 (True: 8)
[NG] File: 8_p10_r08_c00.png -> Pred: 5 (True: 8)
[NG] File: 8_p10_r08_c01.png -> Pred: 5 (True: 8)
[OK] File: 8_p10_r08_c02.png -> Pred: 8 (True: 8)
[OK] File: 8_p10_r08_c03.png -> Pred: 8 (True: 8)
[NG] File: 8_p10_r08_c04.png -> Pred: 5 (True: 8)
[OK] File: 8_p10_r08_c05.png -> Pred: 8 (True: 8)
[NG] File: 8_p10_r08_c06.png -> Pred: 5 (True: 8)
[OK] File: 8_p10_r08_c07.png -> Pred: 8 (True: 8)
[OK] File: 8_p10_r08_c08.png -> Pred: 8 (True: 8)
[NG] File: 8_p10_r08_c09.png -> Pred: 5 (True: 8)
[OK] File: 9_p01_r09_c00.png -> Pred: 9 (True: 9)
[NG] File: 9_p01_r09_c01.png -> Pred: 7 (True: 9)
[OK] File: 9_p01_r09_c02.png -> Pred: 9 (True: 9)
[OK] File: 9_p01_r09_c03.png -> Pred: 9 (True: 9)
[OK] File: 9_p01_r09_c04.png -> Pred: 9 (True: 9)
[NG] File: 9_p01_r09_c05.png -> Pred: 7 (True: 9)
[OK] File: 9_p01_r09_c06.png -> Pred: 9 (True: 9)
[NG] File: 9_p01_r09_c07.png -> Pred: 2 (True: 9)
[NG] File: 9_p01_r09_c08.png -> Pred: 5 (True: 9)
[OK] File: 9_p01_r09_c09.png -> Pred: 9 (True: 9)
[OK] File: 9_p02_r09_c00.png -> Pred: 9 (True: 9)
[NG] File: 9_p02_r09_c01.png -> Pred: 0 (True: 9)
[NG] File: 9_p02_r09_c02.png -> Pred: 7 (True: 9)
[OK] File: 9_p02_r09_c03.png -> Pred: 9 (True: 9)
[OK] File: 9_p02_r09_c04.png -> Pred: 9 (True: 9)
[OK] File: 9_p02_r09_c05.png -> Pred: 9 (True: 9)
[OK] File: 9_p02_r09_c06.png -> Pred: 9 (True: 9)
[OK] File: 9_p02_r09_c07.png -> Pred: 9 (True: 9)
[NG] File: 9_p02_r09_c08.png -> Pred: 7 (True: 9)
[OK] File: 9_p02_r09_c09.png -> Pred: 9 (True: 9)
[NG] File: 9_p03_r09_c00.png -> Pred: 0 (True: 9)
[NG] File: 9_p03_r09_c01.png -> Pred: 0 (True: 9)
[OK] File: 9_p03_r09_c02.png -> Pred: 9 (True: 9)
[OK] File: 9_p03_r09_c03.png -> Pred: 9 (True: 9)
[NG] File: 9_p03_r09_c04.png -> Pred: 2 (True: 9)
[OK] File: 9_p03_r09_c05.png -> Pred: 9 (True: 9)
[OK] File: 9_p03_r09_c06.png -> Pred: 9 (True: 9)
[OK] File: 9_p03_r09_c07.png -> Pred: 9 (True: 9)
[NG] File: 9_p03_r09_c08.png -> Pred: 0 (True: 9)
[OK] File: 9_p03_r09_c09.png -> Pred: 9 (True: 9)
[NG] File: 9_p04_r09_c00.png -> Pred: 0 (True: 9)
[NG] File: 9_p04_r09_c01.png -> Pred: 7 (True: 9)
[NG] File: 9_p04_r09_c02.png -> Pred: 1 (True: 9)
[OK] File: 9_p04_r09_c03.png -> Pred: 9 (True: 9)
[OK] File: 9_p04_r09_c04.png -> Pred: 9 (True: 9)
[OK] File: 9_p04_r09_c05.png -> Pred: 9 (True: 9)
[OK] File: 9_p04_r09_c06.png -> Pred: 9 (True: 9)
[OK] File: 9_p04_r09_c07.png -> Pred: 9 (True: 9)
[OK] File: 9_p04_r09_c08.png -> Pred: 9 (True: 9)
[OK] File: 9_p04_r09_c09.png -> Pred: 9 (True: 9)
[NG] File: 9_p05_r09_c00.png -> Pred: 7 (True: 9)
[NG] File: 9_p05_r09_c01.png -> Pred: 7 (True: 9)
[OK] File: 9_p05_r09_c02.png -> Pred: 9 (True: 9)
[OK] File: 9_p05_r09_c03.png -> Pred: 9 (True: 9)
[OK] File: 9_p05_r09_c04.png -> Pred: 9 (True: 9)
[OK] File: 9_p05_r09_c05.png -> Pred: 9 (True: 9)
[NG] File: 9_p05_r09_c06.png -> Pred: 0 (True: 9)
[OK] File: 9_p05_r09_c07.png -> Pred: 9 (True: 9)
[NG] File: 9_p05_r09_c08.png -> Pred: 0 (True: 9)
[NG] File: 9_p05_r09_c09.png -> Pred: 5 (True: 9)
[NG] File: 9_p06_r09_c00.png -> Pred: 4 (True: 9)
[NG] File: 9_p06_r09_c01.png -> Pred: 0 (True: 9)
[NG] File: 9_p06_r09_c02.png -> Pred: 7 (True: 9)
[OK] File: 9_p06_r09_c03.png -> Pred: 9 (True: 9)
[OK] File: 9_p06_r09_c04.png -> Pred: 9 (True: 9)
[OK] File: 9_p06_r09_c05.png -> Pred: 9 (True: 9)
[NG] File: 9_p06_r09_c06.png -> Pred: 7 (True: 9)
[NG] File: 9_p06_r09_c07.png -> Pred: 7 (True: 9)
[OK] File: 9_p06_r09_c08.png -> Pred: 9 (True: 9)
[OK] File: 9_p06_r09_c09.png -> Pred: 9 (True: 9)
[NG] File: 9_p07_r09_c00.png -> Pred: 7 (True: 9)
[NG] File: 9_p07_r09_c01.png -> Pred: 4 (True: 9)
[NG] File: 9_p07_r09_c02.png -> Pred: 7 (True: 9)
[OK] File: 9_p07_r09_c03.png -> Pred: 9 (True: 9)
[NG] File: 9_p07_r09_c04.png -> Pred: 2 (True: 9)
[OK] File: 9_p07_r09_c05.png -> Pred: 9 (True: 9)
[OK] File: 9_p07_r09_c06.png -> Pred: 9 (True: 9)
[OK] File: 9_p07_r09_c07.png -> Pred: 9 (True: 9)
[NG] File: 9_p07_r09_c08.png -> Pred: 1 (True: 9)
[NG] File: 9_p07_r09_c09.png -> Pred: 7 (True: 9)
[OK] File: 9_p08_r09_c00.png -> Pred: 9 (True: 9)
[OK] File: 9_p08_r09_c01.png -> Pred: 9 (True: 9)
[NG] File: 9_p08_r09_c02.png -> Pred: 7 (True: 9)
[NG] File: 9_p08_r09_c03.png -> Pred: 7 (True: 9)
[OK] File: 9_p08_r09_c04.png -> Pred: 9 (True: 9)
[NG] File: 9_p08_r09_c05.png -> Pred: 7 (True: 9)
[OK] File: 9_p08_r09_c06.png -> Pred: 9 (True: 9)
[NG] File: 9_p08_r09_c07.png -> Pred: 5 (True: 9)
[NG] File: 9_p08_r09_c08.png -> Pred: 6 (True: 9)
[NG] File: 9_p08_r09_c09.png -> Pred: 6 (True: 9)
[NG] File: 9_p09_r09_c00.png -> Pred: 5 (True: 9)
[NG] File: 9_p09_r09_c01.png -> Pred: 0 (True: 9)
[OK] File: 9_p09_r09_c02.png -> Pred: 9 (True: 9)
[NG] File: 9_p09_r09_c03.png -> Pred: 1 (True: 9)
[NG] File: 9_p09_r09_c04.png -> Pred: 7 (True: 9)
[OK] File: 9_p09_r09_c05.png -> Pred: 9 (True: 9)
[NG] File: 9_p09_r09_c06.png -> Pred: 2 (True: 9)
[NG] File: 9_p09_r09_c07.png -> Pred: 2 (True: 9)
[NG] File: 9_p09_r09_c08.png -> Pred: 7 (True: 9)
[OK] File: 9_p09_r09_c09.png -> Pred: 9 (True: 9)
[OK] File: 9_p10_r09_c00.png -> Pred: 9 (True: 9)
[OK] File: 9_p10_r09_c01.png -> Pred: 9 (True: 9)
[OK] File: 9_p10_r09_c02.png -> Pred: 9 (True: 9)
[OK] File: 9_p10_r09_c03.png -> Pred: 9 (True: 9)
[OK] File: 9_p10_r09_c04.png -> Pred: 9 (True: 9)
[OK] File: 9_p10_r09_c05.png -> Pred: 9 (True: 9)
[OK] File: 9_p10_r09_c06.png -> Pred: 9 (True: 9)
[OK] File: 9_p10_r09_c07.png -> Pred: 9 (True: 9)
[OK] File: 9_p10_r09_c08.png -> Pred: 9 (True: 9)
[OK] File: 9_p10_r09_c09.png -> Pred: 9 (True: 9)

--- 正答率の内訳 ---
数字 [0]: 7.00% (7/100)
数字 [1]: 30.00% (30/100)
数字 [2]: 56.00% (56/100)
数字 [3]: 36.00% (36/100)
数字 [4]: 24.00% (24/100)
数字 [5]: 83.00% (83/100)
数字 [6]: 36.00% (36/100)
数字 [7]: 39.00% (39/100)
数字 [8]: 47.00% (47/100)
数字 [9]: 57.00% (57/100)

全体の正答率: 41.50% (415/1000)
-----------------------------------------------------------------------------------------------------------------------------------
[NOTE]
MNIST_complex_TEST.py は Google Colaboratory ではなく、ローカル上で実行した。
-----------------------------------------------------------------------------------------------------------------------------------
