-----------------------------------------------------------------------------------------------------------------------------------
[Colab setting]
!nvidia-smi
-----------------------------------------------------------------------------------------------------------------------------------
[OUTPUT]
Sat Jan 31 13:06:06 2026       
+-----------------------------------------------------------------------------------------+
| NVIDIA-SMI 550.54.15              Driver Version: 550.54.15      CUDA Version: 12.4     |
|-----------------------------------------+------------------------+----------------------+
| GPU  Name                 Persistence-M | Bus-Id          Disp.A | Volatile Uncorr. ECC |
| Fan  Temp   Perf          Pwr:Usage/Cap |           Memory-Usage | GPU-Util  Compute M. |
|                                         |                        |               MIG M. |
|=========================================+========================+======================|
|   0  Tesla T4                       Off |   00000000:00:04.0 Off |                    0 |
| N/A   56C    P8             10W /   70W |       0MiB /  15360MiB |      0%      Default |
|                                         |                        |                  N/A |
+-----------------------------------------+------------------------+----------------------+
                                                                                         
+-----------------------------------------------------------------------------------------+
| Processes:                                                                              |
|  GPU   GI   CI        PID   Type   Process name                              GPU Memory |
|        ID   ID                                                               Usage      |
|=========================================================================================|
|  No running processes found                                                             |
+-----------------------------------------------------------------------------------------+
-----------------------------------------------------------------------------------------------------------------------------------
[COMMAND]
python src/MNIST_more_complex.py
-----------------------------------------------------------------------------------------------------------------------------------
[OUTPUT]
x_train shape: (60000, 28, 28, 1)
60000 train samples
10000 test samples
Epoch 1/100
469/469 ━━━━━━━━━━━━━━━━━━━━ 73s 124ms/step - accuracy: 0.6529 - loss: 0.9430 - val_accuracy: 0.9807 - val_loss: 0.0608
Epoch 2/100
469/469 ━━━━━━━━━━━━━━━━━━━━ 44s 93ms/step - accuracy: 0.9806 - loss: 0.0686 - val_accuracy: 0.9886 - val_loss: 0.0440
Epoch 3/100
469/469 ━━━━━━━━━━━━━━━━━━━━ 44s 93ms/step - accuracy: 0.9861 - loss: 0.0495 - val_accuracy: 0.9888 - val_loss: 0.0403
Epoch 4/100
469/469 ━━━━━━━━━━━━━━━━━━━━ 44s 93ms/step - accuracy: 0.9893 - loss: 0.0373 - val_accuracy: 0.9885 - val_loss: 0.0456
Epoch 5/100
469/469 ━━━━━━━━━━━━━━━━━━━━ 44s 93ms/step - accuracy: 0.9912 - loss: 0.0345 - val_accuracy: 0.9862 - val_loss: 0.0457
Epoch 6/100
469/469 ━━━━━━━━━━━━━━━━━━━━ 44s 93ms/step - accuracy: 0.9922 - loss: 0.0288 - val_accuracy: 0.9908 - val_loss: 0.0312
Epoch 7/100
469/469 ━━━━━━━━━━━━━━━━━━━━ 44s 93ms/step - accuracy: 0.9921 - loss: 0.0289 - val_accuracy: 0.9897 - val_loss: 0.0436
Epoch 8/100
469/469 ━━━━━━━━━━━━━━━━━━━━ 43s 93ms/step - accuracy: 0.9929 - loss: 0.0252 - val_accuracy: 0.9897 - val_loss: 0.0413
Epoch 9/100
469/469 ━━━━━━━━━━━━━━━━━━━━ 43s 92ms/step - accuracy: 0.9944 - loss: 0.0235 - val_accuracy: 0.9907 - val_loss: 0.0454
Epoch 10/100
469/469 ━━━━━━━━━━━━━━━━━━━━ 43s 92ms/step - accuracy: 0.9938 - loss: 0.0245 - val_accuracy: 0.9915 - val_loss: 0.0358
Epoch 11/100
469/469 ━━━━━━━━━━━━━━━━━━━━ 43s 92ms/step - accuracy: 0.9944 - loss: 0.0208 - val_accuracy: 0.9908 - val_loss: 0.0353
Epoch 12/100
469/469 ━━━━━━━━━━━━━━━━━━━━ 43s 92ms/step - accuracy: 0.9950 - loss: 0.0203 - val_accuracy: 0.9905 - val_loss: 0.0467
Epoch 13/100
469/469 ━━━━━━━━━━━━━━━━━━━━ 43s 92ms/step - accuracy: 0.9950 - loss: 0.0196 - val_accuracy: 0.9887 - val_loss: 0.0453
Epoch 14/100
469/469 ━━━━━━━━━━━━━━━━━━━━ 43s 92ms/step - accuracy: 0.9961 - loss: 0.0147 - val_accuracy: 0.9914 - val_loss: 0.0309
Epoch 15/100
469/469 ━━━━━━━━━━━━━━━━━━━━ 43s 92ms/step - accuracy: 0.9955 - loss: 0.0172 - val_accuracy: 0.9908 - val_loss: 0.0514
Epoch 16/100
469/469 ━━━━━━━━━━━━━━━━━━━━ 43s 92ms/step - accuracy: 0.9963 - loss: 0.0158 - val_accuracy: 0.9921 - val_loss: 0.0423
Epoch 17/100
469/469 ━━━━━━━━━━━━━━━━━━━━ 43s 92ms/step - accuracy: 0.9959 - loss: 0.0158 - val_accuracy: 0.9915 - val_loss: 0.0362
Epoch 18/100
469/469 ━━━━━━━━━━━━━━━━━━━━ 43s 92ms/step - accuracy: 0.9961 - loss: 0.0179 - val_accuracy: 0.9922 - val_loss: 0.0343
Epoch 19/100
469/469 ━━━━━━━━━━━━━━━━━━━━ 43s 92ms/step - accuracy: 0.9964 - loss: 0.0135 - val_accuracy: 0.9914 - val_loss: 0.0436
Epoch 20/100
469/469 ━━━━━━━━━━━━━━━━━━━━ 43s 92ms/step - accuracy: 0.9961 - loss: 0.0154 - val_accuracy: 0.9912 - val_loss: 0.0594
Epoch 21/100
469/469 ━━━━━━━━━━━━━━━━━━━━ 43s 92ms/step - accuracy: 0.9966 - loss: 0.0149 - val_accuracy: 0.9926 - val_loss: 0.0433
Epoch 22/100
469/469 ━━━━━━━━━━━━━━━━━━━━ 43s 92ms/step - accuracy: 0.9969 - loss: 0.0133 - val_accuracy: 0.9927 - val_loss: 0.0561
Epoch 23/100
469/469 ━━━━━━━━━━━━━━━━━━━━ 43s 92ms/step - accuracy: 0.9964 - loss: 0.0152 - val_accuracy: 0.9930 - val_loss: 0.0468
Epoch 24/100
469/469 ━━━━━━━━━━━━━━━━━━━━ 43s 92ms/step - accuracy: 0.9975 - loss: 0.0093 - val_accuracy: 0.9920 - val_loss: 0.0405
Epoch 25/100
469/469 ━━━━━━━━━━━━━━━━━━━━ 43s 92ms/step - accuracy: 0.9971 - loss: 0.0106 - val_accuracy: 0.9917 - val_loss: 0.0428
Epoch 26/100
469/469 ━━━━━━━━━━━━━━━━━━━━ 43s 92ms/step - accuracy: 0.9969 - loss: 0.0131 - val_accuracy: 0.9929 - val_loss: 0.0628
Epoch 27/100
469/469 ━━━━━━━━━━━━━━━━━━━━ 43s 92ms/step - accuracy: 0.9971 - loss: 0.0116 - val_accuracy: 0.9890 - val_loss: 0.0775
Epoch 28/100
469/469 ━━━━━━━━━━━━━━━━━━━━ 43s 92ms/step - accuracy: 0.9974 - loss: 0.0104 - val_accuracy: 0.9925 - val_loss: 0.0452
Epoch 29/100
469/469 ━━━━━━━━━━━━━━━━━━━━ 43s 92ms/step - accuracy: 0.9985 - loss: 0.0065 - val_accuracy: 0.9937 - val_loss: 0.0551
Epoch 30/100
469/469 ━━━━━━━━━━━━━━━━━━━━ 43s 92ms/step - accuracy: 0.9980 - loss: 0.0094 - val_accuracy: 0.9935 - val_loss: 0.0578
Epoch 31/100
469/469 ━━━━━━━━━━━━━━━━━━━━ 43s 92ms/step - accuracy: 0.9960 - loss: 0.0176 - val_accuracy: 0.9908 - val_loss: 0.0757
Epoch 32/100
469/469 ━━━━━━━━━━━━━━━━━━━━ 43s 92ms/step - accuracy: 0.9975 - loss: 0.0128 - val_accuracy: 0.9928 - val_loss: 0.0378
Epoch 33/100
469/469 ━━━━━━━━━━━━━━━━━━━━ 43s 92ms/step - accuracy: 0.9983 - loss: 0.0076 - val_accuracy: 0.9917 - val_loss: 0.0514
Epoch 34/100
469/469 ━━━━━━━━━━━━━━━━━━━━ 43s 91ms/step - accuracy: 0.9979 - loss: 0.0078 - val_accuracy: 0.9916 - val_loss: 0.0524
Epoch 35/100
469/469 ━━━━━━━━━━━━━━━━━━━━ 43s 91ms/step - accuracy: 0.9966 - loss: 0.0148 - val_accuracy: 0.9908 - val_loss: 0.0612
Epoch 36/100
469/469 ━━━━━━━━━━━━━━━━━━━━ 43s 92ms/step - accuracy: 0.9982 - loss: 0.0087 - val_accuracy: 0.9919 - val_loss: 0.0428
Epoch 37/100
469/469 ━━━━━━━━━━━━━━━━━━━━ 43s 91ms/step - accuracy: 0.9988 - loss: 0.0048 - val_accuracy: 0.9919 - val_loss: 0.0476
Epoch 38/100
469/469 ━━━━━━━━━━━━━━━━━━━━ 43s 91ms/step - accuracy: 0.9965 - loss: 0.0155 - val_accuracy: 0.9913 - val_loss: 0.0575
Epoch 39/100
469/469 ━━━━━━━━━━━━━━━━━━━━ 43s 92ms/step - accuracy: 0.9981 - loss: 0.0099 - val_accuracy: 0.9905 - val_loss: 0.0507
Epoch 40/100
469/469 ━━━━━━━━━━━━━━━━━━━━ 43s 91ms/step - accuracy: 0.9970 - loss: 0.0138 - val_accuracy: 0.9927 - val_loss: 0.0595
Epoch 41/100
469/469 ━━━━━━━━━━━━━━━━━━━━ 43s 91ms/step - accuracy: 0.9971 - loss: 0.0146 - val_accuracy: 0.9937 - val_loss: 0.0552
Epoch 42/100
469/469 ━━━━━━━━━━━━━━━━━━━━ 43s 91ms/step - accuracy: 0.9982 - loss: 0.0086 - val_accuracy: 0.9933 - val_loss: 0.0490
Epoch 43/100
469/469 ━━━━━━━━━━━━━━━━━━━━ 43s 91ms/step - accuracy: 0.9974 - loss: 0.0138 - val_accuracy: 0.9895 - val_loss: 0.0875
Epoch 44/100
469/469 ━━━━━━━━━━━━━━━━━━━━ 43s 92ms/step - accuracy: 0.9968 - loss: 0.0170 - val_accuracy: 0.9920 - val_loss: 0.0698
Epoch 45/100
469/469 ━━━━━━━━━━━━━━━━━━━━ 43s 91ms/step - accuracy: 0.9971 - loss: 0.0124 - val_accuracy: 0.9932 - val_loss: 0.0474
Epoch 46/100
469/469 ━━━━━━━━━━━━━━━━━━━━ 43s 91ms/step - accuracy: 0.9976 - loss: 0.0119 - val_accuracy: 0.9930 - val_loss: 0.0447
Epoch 47/100
469/469 ━━━━━━━━━━━━━━━━━━━━ 43s 91ms/step - accuracy: 0.9982 - loss: 0.0100 - val_accuracy: 0.9927 - val_loss: 0.0463
Epoch 48/100
469/469 ━━━━━━━━━━━━━━━━━━━━ 43s 91ms/step - accuracy: 0.9986 - loss: 0.0066 - val_accuracy: 0.9934 - val_loss: 0.0471
Epoch 49/100
469/469 ━━━━━━━━━━━━━━━━━━━━ 43s 91ms/step - accuracy: 0.9982 - loss: 0.0080 - val_accuracy: 0.9927 - val_loss: 0.0737
Epoch 50/100
469/469 ━━━━━━━━━━━━━━━━━━━━ 43s 91ms/step - accuracy: 0.9983 - loss: 0.0096 - val_accuracy: 0.9898 - val_loss: 0.0787
Epoch 51/100
469/469 ━━━━━━━━━━━━━━━━━━━━ 43s 91ms/step - accuracy: 0.9971 - loss: 0.0140 - val_accuracy: 0.9932 - val_loss: 0.0534
Epoch 52/100
469/469 ━━━━━━━━━━━━━━━━━━━━ 43s 91ms/step - accuracy: 0.9973 - loss: 0.0146 - val_accuracy: 0.9932 - val_loss: 0.0651
Epoch 53/100
469/469 ━━━━━━━━━━━━━━━━━━━━ 43s 91ms/step - accuracy: 0.9983 - loss: 0.0108 - val_accuracy: 0.9915 - val_loss: 0.0730
Epoch 54/100
469/469 ━━━━━━━━━━━━━━━━━━━━ 43s 91ms/step - accuracy: 0.9974 - loss: 0.0133 - val_accuracy: 0.9923 - val_loss: 0.0685
Epoch 55/100
469/469 ━━━━━━━━━━━━━━━━━━━━ 43s 91ms/step - accuracy: 0.9985 - loss: 0.0083 - val_accuracy: 0.9919 - val_loss: 0.0496
Epoch 56/100
469/469 ━━━━━━━━━━━━━━━━━━━━ 43s 91ms/step - accuracy: 0.9979 - loss: 0.0126 - val_accuracy: 0.9910 - val_loss: 0.0981
Epoch 57/100
469/469 ━━━━━━━━━━━━━━━━━━━━ 43s 91ms/step - accuracy: 0.9981 - loss: 0.0108 - val_accuracy: 0.9932 - val_loss: 0.0695
Epoch 58/100
469/469 ━━━━━━━━━━━━━━━━━━━━ 43s 91ms/step - accuracy: 0.9983 - loss: 0.0082 - val_accuracy: 0.9909 - val_loss: 0.0674
Epoch 59/100
469/469 ━━━━━━━━━━━━━━━━━━━━ 43s 91ms/step - accuracy: 0.9969 - loss: 0.0165 - val_accuracy: 0.9944 - val_loss: 0.0704
Epoch 60/100
469/469 ━━━━━━━━━━━━━━━━━━━━ 43s 91ms/step - accuracy: 0.9981 - loss: 0.0102 - val_accuracy: 0.9935 - val_loss: 0.0563
Epoch 61/100
469/469 ━━━━━━━━━━━━━━━━━━━━ 43s 91ms/step - accuracy: 0.9987 - loss: 0.0071 - val_accuracy: 0.9927 - val_loss: 0.0592
Epoch 62/100
469/469 ━━━━━━━━━━━━━━━━━━━━ 43s 91ms/step - accuracy: 0.9976 - loss: 0.0126 - val_accuracy: 0.9917 - val_loss: 0.0614
Epoch 63/100
469/469 ━━━━━━━━━━━━━━━━━━━━ 43s 91ms/step - accuracy: 0.9977 - loss: 0.0113 - val_accuracy: 0.9931 - val_loss: 0.0680
Epoch 64/100
469/469 ━━━━━━━━━━━━━━━━━━━━ 43s 91ms/step - accuracy: 0.9986 - loss: 0.0063 - val_accuracy: 0.9921 - val_loss: 0.1005
Epoch 65/100
469/469 ━━━━━━━━━━━━━━━━━━━━ 43s 91ms/step - accuracy: 0.9983 - loss: 0.0103 - val_accuracy: 0.9922 - val_loss: 0.0840
Epoch 66/100
469/469 ━━━━━━━━━━━━━━━━━━━━ 43s 91ms/step - accuracy: 0.9972 - loss: 0.0155 - val_accuracy: 0.9906 - val_loss: 0.0650
Epoch 67/100
469/469 ━━━━━━━━━━━━━━━━━━━━ 43s 91ms/step - accuracy: 0.9979 - loss: 0.0109 - val_accuracy: 0.9929 - val_loss: 0.0688
Epoch 68/100
469/469 ━━━━━━━━━━━━━━━━━━━━ 43s 91ms/step - accuracy: 0.9983 - loss: 0.0097 - val_accuracy: 0.9917 - val_loss: 0.0572
Epoch 69/100
469/469 ━━━━━━━━━━━━━━━━━━━━ 43s 91ms/step - accuracy: 0.9976 - loss: 0.0113 - val_accuracy: 0.9926 - val_loss: 0.0672
Epoch 70/100
469/469 ━━━━━━━━━━━━━━━━━━━━ 43s 91ms/step - accuracy: 0.9973 - loss: 0.0154 - val_accuracy: 0.9923 - val_loss: 0.0542
Epoch 71/100
469/469 ━━━━━━━━━━━━━━━━━━━━ 43s 91ms/step - accuracy: 0.9978 - loss: 0.0115 - val_accuracy: 0.9919 - val_loss: 0.0519
Epoch 72/100
469/469 ━━━━━━━━━━━━━━━━━━━━ 43s 91ms/step - accuracy: 0.9982 - loss: 0.0090 - val_accuracy: 0.9927 - val_loss: 0.1158
Epoch 73/100
469/469 ━━━━━━━━━━━━━━━━━━━━ 43s 91ms/step - accuracy: 0.9974 - loss: 0.0175 - val_accuracy: 0.9918 - val_loss: 0.0915
Epoch 74/100
469/469 ━━━━━━━━━━━━━━━━━━━━ 43s 91ms/step - accuracy: 0.9982 - loss: 0.0111 - val_accuracy: 0.9911 - val_loss: 0.0632
Epoch 75/100
469/469 ━━━━━━━━━━━━━━━━━━━━ 43s 91ms/step - accuracy: 0.9981 - loss: 0.0106 - val_accuracy: 0.9927 - val_loss: 0.0752
Epoch 76/100
469/469 ━━━━━━━━━━━━━━━━━━━━ 43s 91ms/step - accuracy: 0.9982 - loss: 0.0101 - val_accuracy: 0.9915 - val_loss: 0.0833
Epoch 77/100
469/469 ━━━━━━━━━━━━━━━━━━━━ 43s 91ms/step - accuracy: 0.9986 - loss: 0.0092 - val_accuracy: 0.9927 - val_loss: 0.1008
Epoch 78/100
469/469 ━━━━━━━━━━━━━━━━━━━━ 43s 91ms/step - accuracy: 0.9986 - loss: 0.0074 - val_accuracy: 0.9914 - val_loss: 0.1106
Epoch 79/100
469/469 ━━━━━━━━━━━━━━━━━━━━ 43s 91ms/step - accuracy: 0.9972 - loss: 0.0187 - val_accuracy: 0.9907 - val_loss: 0.1347
Epoch 80/100
469/469 ━━━━━━━━━━━━━━━━━━━━ 43s 91ms/step - accuracy: 0.9976 - loss: 0.0147 - val_accuracy: 0.9916 - val_loss: 0.0758
Epoch 81/100
469/469 ━━━━━━━━━━━━━━━━━━━━ 43s 91ms/step - accuracy: 0.9979 - loss: 0.0109 - val_accuracy: 0.9907 - val_loss: 0.0798
Epoch 82/100
469/469 ━━━━━━━━━━━━━━━━━━━━ 43s 91ms/step - accuracy: 0.9966 - loss: 0.0201 - val_accuracy: 0.9926 - val_loss: 0.0870
Epoch 83/100
469/469 ━━━━━━━━━━━━━━━━━━━━ 43s 91ms/step - accuracy: 0.9986 - loss: 0.0055 - val_accuracy: 0.9937 - val_loss: 0.0886
Epoch 84/100
469/469 ━━━━━━━━━━━━━━━━━━━━ 43s 91ms/step - accuracy: 0.9969 - loss: 0.0185 - val_accuracy: 0.9923 - val_loss: 0.0885
Epoch 85/100
469/469 ━━━━━━━━━━━━━━━━━━━━ 43s 91ms/step - accuracy: 0.9980 - loss: 0.0125 - val_accuracy: 0.9919 - val_loss: 0.1053
Epoch 86/100
469/469 ━━━━━━━━━━━━━━━━━━━━ 43s 91ms/step - accuracy: 0.9976 - loss: 0.0149 - val_accuracy: 0.9934 - val_loss: 0.0901
Epoch 87/100
469/469 ━━━━━━━━━━━━━━━━━━━━ 43s 91ms/step - accuracy: 0.9993 - loss: 0.0043 - val_accuracy: 0.9922 - val_loss: 0.0875
Epoch 88/100
469/469 ━━━━━━━━━━━━━━━━━━━━ 43s 91ms/step - accuracy: 0.9975 - loss: 0.0144 - val_accuracy: 0.9932 - val_loss: 0.0575
Epoch 89/100
469/469 ━━━━━━━━━━━━━━━━━━━━ 43s 91ms/step - accuracy: 0.9982 - loss: 0.0085 - val_accuracy: 0.9922 - val_loss: 0.0513
Epoch 90/100
469/469 ━━━━━━━━━━━━━━━━━━━━ 43s 91ms/step - accuracy: 0.9982 - loss: 0.0082 - val_accuracy: 0.9913 - val_loss: 0.1161
Epoch 91/100
469/469 ━━━━━━━━━━━━━━━━━━━━ 43s 91ms/step - accuracy: 0.9976 - loss: 0.0123 - val_accuracy: 0.9931 - val_loss: 0.1194
Epoch 92/100
469/469 ━━━━━━━━━━━━━━━━━━━━ 43s 91ms/step - accuracy: 0.9975 - loss: 0.0160 - val_accuracy: 0.9922 - val_loss: 0.0632
Epoch 93/100
469/469 ━━━━━━━━━━━━━━━━━━━━ 43s 91ms/step - accuracy: 0.9979 - loss: 0.0095 - val_accuracy: 0.9917 - val_loss: 0.0988
Epoch 94/100
469/469 ━━━━━━━━━━━━━━━━━━━━ 43s 91ms/step - accuracy: 0.9988 - loss: 0.0050 - val_accuracy: 0.9927 - val_loss: 0.1424
Epoch 95/100
469/469 ━━━━━━━━━━━━━━━━━━━━ 43s 91ms/step - accuracy: 0.9984 - loss: 0.0101 - val_accuracy: 0.9935 - val_loss: 0.0971
Epoch 96/100
469/469 ━━━━━━━━━━━━━━━━━━━━ 43s 91ms/step - accuracy: 0.9985 - loss: 0.0094 - val_accuracy: 0.9927 - val_loss: 0.1151
Epoch 97/100
469/469 ━━━━━━━━━━━━━━━━━━━━ 43s 91ms/step - accuracy: 0.9973 - loss: 0.0171 - val_accuracy: 0.9925 - val_loss: 0.0941
Epoch 98/100
469/469 ━━━━━━━━━━━━━━━━━━━━ 43s 91ms/step - accuracy: 0.9982 - loss: 0.0121 - val_accuracy: 0.9926 - val_loss: 0.0614
Epoch 99/100
469/469 ━━━━━━━━━━━━━━━━━━━━ 43s 91ms/step - accuracy: 0.9978 - loss: 0.0149 - val_accuracy: 0.9898 - val_loss: 0.0844
Epoch 100/100
469/469 ━━━━━━━━━━━━━━━━━━━━ 43s 91ms/step - accuracy: 0.9971 - loss: 0.0220 - val_accuracy: 0.9933 - val_loss: 0.0584
Test loss: 0.05843301862478256
Test accuracy: 0.9933000206947327
学習時間（100epochs）: 4323.84 秒
-----------------------------------------------------------------------------------------------------------------------------------
[NOTE]
GPU 実行時の計測結果。
同一条件で CPU 実行時の推定時間は 51200 秒である。
-----------------------------------------------------------------------------------------------------------------------------------


-----------------------------------------------------------------------------------------------------------------------------------
[COMMAND]
python src/MNIST_more_complex_TEST.py
-----------------------------------------------------------------------------------------------------------------------------------
[OUTPUT]
[OK] File: 0_p01_r00_c00.png -> Pred: 0 (True: 0)
[NG] File: 0_p01_r00_c01.png -> Pred: 2 (True: 0)
[OK] File: 0_p01_r00_c02.png -> Pred: 0 (True: 0)
[OK] File: 0_p01_r00_c03.png -> Pred: 0 (True: 0)
[NG] File: 0_p01_r00_c04.png -> Pred: 1 (True: 0)
[NG] File: 0_p01_r00_c05.png -> Pred: 1 (True: 0)
[NG] File: 0_p01_r00_c06.png -> Pred: 6 (True: 0)
[NG] File: 0_p01_r00_c07.png -> Pred: 9 (True: 0)
[NG] File: 0_p01_r00_c08.png -> Pred: 6 (True: 0)
[OK] File: 0_p01_r00_c09.png -> Pred: 0 (True: 0)
[NG] File: 0_p02_r00_c00.png -> Pred: 1 (True: 0)
[NG] File: 0_p02_r00_c01.png -> Pred: 6 (True: 0)
[NG] File: 0_p02_r00_c02.png -> Pred: 1 (True: 0)
[NG] File: 0_p02_r00_c03.png -> Pred: 1 (True: 0)
[NG] File: 0_p02_r00_c04.png -> Pred: 1 (True: 0)
[NG] File: 0_p02_r00_c05.png -> Pred: 8 (True: 0)
[NG] File: 0_p02_r00_c06.png -> Pred: 8 (True: 0)
[NG] File: 0_p02_r00_c07.png -> Pred: 6 (True: 0)
[NG] File: 0_p02_r00_c08.png -> Pred: 8 (True: 0)
[NG] File: 0_p02_r00_c09.png -> Pred: 6 (True: 0)
[NG] File: 0_p03_r00_c00.png -> Pred: 1 (True: 0)
[NG] File: 0_p03_r00_c01.png -> Pred: 1 (True: 0)
[NG] File: 0_p03_r00_c02.png -> Pred: 1 (True: 0)
[NG] File: 0_p03_r00_c03.png -> Pred: 1 (True: 0)
[NG] File: 0_p03_r00_c04.png -> Pred: 9 (True: 0)
[NG] File: 0_p03_r00_c05.png -> Pred: 1 (True: 0)
[NG] File: 0_p03_r00_c06.png -> Pred: 7 (True: 0)
[NG] File: 0_p03_r00_c07.png -> Pred: 9 (True: 0)
[NG] File: 0_p03_r00_c08.png -> Pred: 7 (True: 0)
[NG] File: 0_p03_r00_c09.png -> Pred: 9 (True: 0)
[NG] File: 0_p04_r00_c00.png -> Pred: 1 (True: 0)
[NG] File: 0_p04_r00_c01.png -> Pred: 1 (True: 0)
[NG] File: 0_p04_r00_c02.png -> Pred: 9 (True: 0)
[NG] File: 0_p04_r00_c03.png -> Pred: 9 (True: 0)
[NG] File: 0_p04_r00_c04.png -> Pred: 9 (True: 0)
[NG] File: 0_p04_r00_c05.png -> Pred: 7 (True: 0)
[NG] File: 0_p04_r00_c06.png -> Pred: 1 (True: 0)
[NG] File: 0_p04_r00_c07.png -> Pred: 1 (True: 0)
[NG] File: 0_p04_r00_c08.png -> Pred: 1 (True: 0)
[NG] File: 0_p04_r00_c09.png -> Pred: 7 (True: 0)
[NG] File: 0_p05_r00_c00.png -> Pred: 1 (True: 0)
[NG] File: 0_p05_r00_c01.png -> Pred: 1 (True: 0)
[NG] File: 0_p05_r00_c02.png -> Pred: 9 (True: 0)
[NG] File: 0_p05_r00_c03.png -> Pred: 1 (True: 0)
[NG] File: 0_p05_r00_c04.png -> Pred: 7 (True: 0)
[NG] File: 0_p05_r00_c05.png -> Pred: 7 (True: 0)
[NG] File: 0_p05_r00_c06.png -> Pred: 7 (True: 0)
[NG] File: 0_p05_r00_c07.png -> Pred: 7 (True: 0)
[NG] File: 0_p05_r00_c08.png -> Pred: 7 (True: 0)
[NG] File: 0_p05_r00_c09.png -> Pred: 7 (True: 0)
[NG] File: 0_p06_r00_c00.png -> Pred: 1 (True: 0)
[NG] File: 0_p06_r00_c01.png -> Pred: 1 (True: 0)
[NG] File: 0_p06_r00_c02.png -> Pred: 1 (True: 0)
[NG] File: 0_p06_r00_c03.png -> Pred: 1 (True: 0)
[NG] File: 0_p06_r00_c04.png -> Pred: 1 (True: 0)
[NG] File: 0_p06_r00_c05.png -> Pred: 1 (True: 0)
[NG] File: 0_p06_r00_c06.png -> Pred: 7 (True: 0)
[NG] File: 0_p06_r00_c07.png -> Pred: 7 (True: 0)
[NG] File: 0_p06_r00_c08.png -> Pred: 7 (True: 0)
[NG] File: 0_p06_r00_c09.png -> Pred: 7 (True: 0)
[NG] File: 0_p07_r00_c00.png -> Pred: 1 (True: 0)
[NG] File: 0_p07_r00_c01.png -> Pred: 1 (True: 0)
[NG] File: 0_p07_r00_c02.png -> Pred: 7 (True: 0)
[NG] File: 0_p07_r00_c03.png -> Pred: 1 (True: 0)
[NG] File: 0_p07_r00_c04.png -> Pred: 1 (True: 0)
[NG] File: 0_p07_r00_c05.png -> Pred: 9 (True: 0)
[NG] File: 0_p07_r00_c06.png -> Pred: 9 (True: 0)
[NG] File: 0_p07_r00_c07.png -> Pred: 9 (True: 0)
[NG] File: 0_p07_r00_c08.png -> Pred: 9 (True: 0)
[NG] File: 0_p07_r00_c09.png -> Pred: 7 (True: 0)
[NG] File: 0_p08_r00_c00.png -> Pred: 2 (True: 0)
[NG] File: 0_p08_r00_c01.png -> Pred: 9 (True: 0)
[NG] File: 0_p08_r00_c02.png -> Pred: 9 (True: 0)
[NG] File: 0_p08_r00_c03.png -> Pred: 9 (True: 0)
[NG] File: 0_p08_r00_c04.png -> Pred: 9 (True: 0)
[NG] File: 0_p08_r00_c05.png -> Pred: 1 (True: 0)
[NG] File: 0_p08_r00_c06.png -> Pred: 7 (True: 0)
[NG] File: 0_p08_r00_c07.png -> Pred: 8 (True: 0)
[NG] File: 0_p08_r00_c08.png -> Pred: 5 (True: 0)
[NG] File: 0_p08_r00_c09.png -> Pred: 7 (True: 0)
[NG] File: 0_p09_r00_c00.png -> Pred: 1 (True: 0)
[NG] File: 0_p09_r00_c01.png -> Pred: 9 (True: 0)
[NG] File: 0_p09_r00_c02.png -> Pred: 7 (True: 0)
[NG] File: 0_p09_r00_c03.png -> Pred: 1 (True: 0)
[NG] File: 0_p09_r00_c04.png -> Pred: 7 (True: 0)
[NG] File: 0_p09_r00_c05.png -> Pred: 7 (True: 0)
[NG] File: 0_p09_r00_c06.png -> Pred: 7 (True: 0)
[NG] File: 0_p09_r00_c07.png -> Pred: 5 (True: 0)
[NG] File: 0_p09_r00_c08.png -> Pred: 5 (True: 0)
[NG] File: 0_p09_r00_c09.png -> Pred: 7 (True: 0)
[NG] File: 0_p10_r00_c00.png -> Pred: 9 (True: 0)
[NG] File: 0_p10_r00_c01.png -> Pred: 1 (True: 0)
[NG] File: 0_p10_r00_c02.png -> Pred: 9 (True: 0)
[NG] File: 0_p10_r00_c03.png -> Pred: 9 (True: 0)
[NG] File: 0_p10_r00_c04.png -> Pred: 9 (True: 0)
[NG] File: 0_p10_r00_c05.png -> Pred: 5 (True: 0)
[NG] File: 0_p10_r00_c06.png -> Pred: 7 (True: 0)
[NG] File: 0_p10_r00_c07.png -> Pred: 7 (True: 0)
[NG] File: 0_p10_r00_c08.png -> Pred: 5 (True: 0)
[NG] File: 0_p10_r00_c09.png -> Pred: 1 (True: 0)
[OK] File: 1_p01_r01_c00.png -> Pred: 1 (True: 1)
[NG] File: 1_p01_r01_c01.png -> Pred: 6 (True: 1)
[OK] File: 1_p01_r01_c02.png -> Pred: 1 (True: 1)
[OK] File: 1_p01_r01_c03.png -> Pred: 1 (True: 1)
[OK] File: 1_p01_r01_c04.png -> Pred: 1 (True: 1)
[OK] File: 1_p01_r01_c05.png -> Pred: 1 (True: 1)
[OK] File: 1_p01_r01_c06.png -> Pred: 1 (True: 1)
[OK] File: 1_p01_r01_c07.png -> Pred: 1 (True: 1)
[OK] File: 1_p01_r01_c08.png -> Pred: 1 (True: 1)
[OK] File: 1_p01_r01_c09.png -> Pred: 1 (True: 1)
[OK] File: 1_p02_r01_c00.png -> Pred: 1 (True: 1)
[OK] File: 1_p02_r01_c01.png -> Pred: 1 (True: 1)
[OK] File: 1_p02_r01_c02.png -> Pred: 1 (True: 1)
[OK] File: 1_p02_r01_c03.png -> Pred: 1 (True: 1)
[OK] File: 1_p02_r01_c04.png -> Pred: 1 (True: 1)
[OK] File: 1_p02_r01_c05.png -> Pred: 1 (True: 1)
[OK] File: 1_p02_r01_c06.png -> Pred: 1 (True: 1)
[OK] File: 1_p02_r01_c07.png -> Pred: 1 (True: 1)
[OK] File: 1_p02_r01_c08.png -> Pred: 1 (True: 1)
[OK] File: 1_p02_r01_c09.png -> Pred: 1 (True: 1)
[OK] File: 1_p03_r01_c00.png -> Pred: 1 (True: 1)
[OK] File: 1_p03_r01_c01.png -> Pred: 1 (True: 1)
[OK] File: 1_p03_r01_c02.png -> Pred: 1 (True: 1)
[OK] File: 1_p03_r01_c03.png -> Pred: 1 (True: 1)
[OK] File: 1_p03_r01_c04.png -> Pred: 1 (True: 1)
[OK] File: 1_p03_r01_c05.png -> Pred: 1 (True: 1)
[OK] File: 1_p03_r01_c06.png -> Pred: 1 (True: 1)
[OK] File: 1_p03_r01_c07.png -> Pred: 1 (True: 1)
[OK] File: 1_p03_r01_c08.png -> Pred: 1 (True: 1)
[NG] File: 1_p03_r01_c09.png -> Pred: 6 (True: 1)
[NG] File: 1_p04_r01_c00.png -> Pred: 6 (True: 1)
[OK] File: 1_p04_r01_c01.png -> Pred: 1 (True: 1)
[OK] File: 1_p04_r01_c02.png -> Pred: 1 (True: 1)
[NG] File: 1_p04_r01_c03.png -> Pred: 6 (True: 1)
[OK] File: 1_p04_r01_c04.png -> Pred: 1 (True: 1)
[OK] File: 1_p04_r01_c05.png -> Pred: 1 (True: 1)
[OK] File: 1_p04_r01_c06.png -> Pred: 1 (True: 1)
[OK] File: 1_p04_r01_c07.png -> Pred: 1 (True: 1)
[OK] File: 1_p04_r01_c08.png -> Pred: 1 (True: 1)
[OK] File: 1_p04_r01_c09.png -> Pred: 1 (True: 1)
[OK] File: 1_p05_r01_c00.png -> Pred: 1 (True: 1)
[OK] File: 1_p05_r01_c01.png -> Pred: 1 (True: 1)
[OK] File: 1_p05_r01_c02.png -> Pred: 1 (True: 1)
[OK] File: 1_p05_r01_c03.png -> Pred: 1 (True: 1)
[OK] File: 1_p05_r01_c04.png -> Pred: 1 (True: 1)
[OK] File: 1_p05_r01_c05.png -> Pred: 1 (True: 1)
[OK] File: 1_p05_r01_c06.png -> Pred: 1 (True: 1)
[OK] File: 1_p05_r01_c07.png -> Pred: 1 (True: 1)
[OK] File: 1_p05_r01_c08.png -> Pred: 1 (True: 1)
[OK] File: 1_p05_r01_c09.png -> Pred: 1 (True: 1)
[OK] File: 1_p06_r01_c00.png -> Pred: 1 (True: 1)
[OK] File: 1_p06_r01_c01.png -> Pred: 1 (True: 1)
[OK] File: 1_p06_r01_c02.png -> Pred: 1 (True: 1)
[OK] File: 1_p06_r01_c03.png -> Pred: 1 (True: 1)
[OK] File: 1_p06_r01_c04.png -> Pred: 1 (True: 1)
[OK] File: 1_p06_r01_c05.png -> Pred: 1 (True: 1)
[OK] File: 1_p06_r01_c06.png -> Pred: 1 (True: 1)
[OK] File: 1_p06_r01_c07.png -> Pred: 1 (True: 1)
[OK] File: 1_p06_r01_c08.png -> Pred: 1 (True: 1)
[OK] File: 1_p06_r01_c09.png -> Pred: 1 (True: 1)
[OK] File: 1_p07_r01_c00.png -> Pred: 1 (True: 1)
[OK] File: 1_p07_r01_c01.png -> Pred: 1 (True: 1)
[OK] File: 1_p07_r01_c02.png -> Pred: 1 (True: 1)
[OK] File: 1_p07_r01_c03.png -> Pred: 1 (True: 1)
[OK] File: 1_p07_r01_c04.png -> Pred: 1 (True: 1)
[OK] File: 1_p07_r01_c05.png -> Pred: 1 (True: 1)
[OK] File: 1_p07_r01_c06.png -> Pred: 1 (True: 1)
[OK] File: 1_p07_r01_c07.png -> Pred: 1 (True: 1)
[OK] File: 1_p07_r01_c08.png -> Pred: 1 (True: 1)
[OK] File: 1_p07_r01_c09.png -> Pred: 1 (True: 1)
[OK] File: 1_p08_r01_c00.png -> Pred: 1 (True: 1)
[OK] File: 1_p08_r01_c01.png -> Pred: 1 (True: 1)
[OK] File: 1_p08_r01_c02.png -> Pred: 1 (True: 1)
[OK] File: 1_p08_r01_c03.png -> Pred: 1 (True: 1)
[OK] File: 1_p08_r01_c04.png -> Pred: 1 (True: 1)
[OK] File: 1_p08_r01_c05.png -> Pred: 1 (True: 1)
[OK] File: 1_p08_r01_c06.png -> Pred: 1 (True: 1)
[OK] File: 1_p08_r01_c07.png -> Pred: 1 (True: 1)
[OK] File: 1_p08_r01_c08.png -> Pred: 1 (True: 1)
[OK] File: 1_p08_r01_c09.png -> Pred: 1 (True: 1)
[OK] File: 1_p09_r01_c00.png -> Pred: 1 (True: 1)
[OK] File: 1_p09_r01_c01.png -> Pred: 1 (True: 1)
[OK] File: 1_p09_r01_c02.png -> Pred: 1 (True: 1)
[OK] File: 1_p09_r01_c03.png -> Pred: 1 (True: 1)
[OK] File: 1_p09_r01_c04.png -> Pred: 1 (True: 1)
[OK] File: 1_p09_r01_c05.png -> Pred: 1 (True: 1)
[OK] File: 1_p09_r01_c06.png -> Pred: 1 (True: 1)
[OK] File: 1_p09_r01_c07.png -> Pred: 1 (True: 1)
[OK] File: 1_p09_r01_c08.png -> Pred: 1 (True: 1)
[OK] File: 1_p09_r01_c09.png -> Pred: 1 (True: 1)
[OK] File: 1_p10_r01_c00.png -> Pred: 1 (True: 1)
[OK] File: 1_p10_r01_c01.png -> Pred: 1 (True: 1)
[OK] File: 1_p10_r01_c02.png -> Pred: 1 (True: 1)
[OK] File: 1_p10_r01_c03.png -> Pred: 1 (True: 1)
[OK] File: 1_p10_r01_c04.png -> Pred: 1 (True: 1)
[OK] File: 1_p10_r01_c05.png -> Pred: 1 (True: 1)
[OK] File: 1_p10_r01_c06.png -> Pred: 1 (True: 1)
[OK] File: 1_p10_r01_c07.png -> Pred: 1 (True: 1)
[OK] File: 1_p10_r01_c08.png -> Pred: 1 (True: 1)
[OK] File: 1_p10_r01_c09.png -> Pred: 1 (True: 1)
[OK] File: 2_p01_r02_c00.png -> Pred: 2 (True: 2)
[NG] File: 2_p01_r02_c01.png -> Pred: 1 (True: 2)
[OK] File: 2_p01_r02_c02.png -> Pred: 2 (True: 2)
[OK] File: 2_p01_r02_c03.png -> Pred: 2 (True: 2)
[OK] File: 2_p01_r02_c04.png -> Pred: 2 (True: 2)
[OK] File: 2_p01_r02_c05.png -> Pred: 2 (True: 2)
[OK] File: 2_p01_r02_c06.png -> Pred: 2 (True: 2)
[OK] File: 2_p01_r02_c07.png -> Pred: 2 (True: 2)
[NG] File: 2_p01_r02_c08.png -> Pred: 1 (True: 2)
[OK] File: 2_p01_r02_c09.png -> Pred: 2 (True: 2)
[OK] File: 2_p02_r02_c00.png -> Pred: 2 (True: 2)
[OK] File: 2_p02_r02_c01.png -> Pred: 2 (True: 2)
[OK] File: 2_p02_r02_c02.png -> Pred: 2 (True: 2)
[OK] File: 2_p02_r02_c03.png -> Pred: 2 (True: 2)
[OK] File: 2_p02_r02_c04.png -> Pred: 2 (True: 2)
[NG] File: 2_p02_r02_c05.png -> Pred: 1 (True: 2)
[OK] File: 2_p02_r02_c06.png -> Pred: 2 (True: 2)
[OK] File: 2_p02_r02_c07.png -> Pred: 2 (True: 2)
[OK] File: 2_p02_r02_c08.png -> Pred: 2 (True: 2)
[OK] File: 2_p02_r02_c09.png -> Pred: 2 (True: 2)
[OK] File: 2_p03_r02_c00.png -> Pred: 2 (True: 2)
[NG] File: 2_p03_r02_c01.png -> Pred: 1 (True: 2)
[OK] File: 2_p03_r02_c02.png -> Pred: 2 (True: 2)
[NG] File: 2_p03_r02_c03.png -> Pred: 3 (True: 2)
[NG] File: 2_p03_r02_c04.png -> Pred: 1 (True: 2)
[OK] File: 2_p03_r02_c05.png -> Pred: 2 (True: 2)
[NG] File: 2_p03_r02_c06.png -> Pred: 1 (True: 2)
[NG] File: 2_p03_r02_c07.png -> Pred: 8 (True: 2)
[OK] File: 2_p03_r02_c08.png -> Pred: 2 (True: 2)
[NG] File: 2_p03_r02_c09.png -> Pred: 4 (True: 2)
[NG] File: 2_p04_r02_c00.png -> Pred: 4 (True: 2)
[NG] File: 2_p04_r02_c01.png -> Pred: 4 (True: 2)
[OK] File: 2_p04_r02_c02.png -> Pred: 2 (True: 2)
[OK] File: 2_p04_r02_c03.png -> Pred: 2 (True: 2)
[OK] File: 2_p04_r02_c04.png -> Pred: 2 (True: 2)
[OK] File: 2_p04_r02_c05.png -> Pred: 2 (True: 2)
[NG] File: 2_p04_r02_c06.png -> Pred: 1 (True: 2)
[NG] File: 2_p04_r02_c07.png -> Pred: 1 (True: 2)
[OK] File: 2_p04_r02_c08.png -> Pred: 2 (True: 2)
[OK] File: 2_p04_r02_c09.png -> Pred: 2 (True: 2)
[NG] File: 2_p05_r02_c00.png -> Pred: 4 (True: 2)
[NG] File: 2_p05_r02_c01.png -> Pred: 4 (True: 2)
[NG] File: 2_p05_r02_c02.png -> Pred: 7 (True: 2)
[NG] File: 2_p05_r02_c03.png -> Pred: 3 (True: 2)
[NG] File: 2_p05_r02_c04.png -> Pred: 5 (True: 2)
[NG] File: 2_p05_r02_c05.png -> Pred: 3 (True: 2)
[NG] File: 2_p05_r02_c06.png -> Pred: 5 (True: 2)
[NG] File: 2_p05_r02_c07.png -> Pred: 1 (True: 2)
[NG] File: 2_p05_r02_c08.png -> Pred: 1 (True: 2)
[NG] File: 2_p05_r02_c09.png -> Pred: 3 (True: 2)
[NG] File: 2_p06_r02_c00.png -> Pred: 7 (True: 2)
[NG] File: 2_p06_r02_c01.png -> Pred: 4 (True: 2)
[NG] File: 2_p06_r02_c02.png -> Pred: 7 (True: 2)
[NG] File: 2_p06_r02_c03.png -> Pred: 4 (True: 2)
[NG] File: 2_p06_r02_c04.png -> Pred: 3 (True: 2)
[NG] File: 2_p06_r02_c05.png -> Pred: 7 (True: 2)
[NG] File: 2_p06_r02_c06.png -> Pred: 7 (True: 2)
[NG] File: 2_p06_r02_c07.png -> Pred: 5 (True: 2)
[NG] File: 2_p06_r02_c08.png -> Pred: 1 (True: 2)
[NG] File: 2_p06_r02_c09.png -> Pred: 5 (True: 2)
[NG] File: 2_p07_r02_c00.png -> Pred: 7 (True: 2)
[NG] File: 2_p07_r02_c01.png -> Pred: 4 (True: 2)
[NG] File: 2_p07_r02_c02.png -> Pred: 4 (True: 2)
[OK] File: 2_p07_r02_c03.png -> Pred: 2 (True: 2)
[NG] File: 2_p07_r02_c04.png -> Pred: 3 (True: 2)
[OK] File: 2_p07_r02_c05.png -> Pred: 2 (True: 2)
[NG] File: 2_p07_r02_c06.png -> Pred: 3 (True: 2)
[OK] File: 2_p07_r02_c07.png -> Pred: 2 (True: 2)
[NG] File: 2_p07_r02_c08.png -> Pred: 3 (True: 2)
[NG] File: 2_p07_r02_c09.png -> Pred: 3 (True: 2)
[OK] File: 2_p08_r02_c00.png -> Pred: 2 (True: 2)
[OK] File: 2_p08_r02_c01.png -> Pred: 2 (True: 2)
[OK] File: 2_p08_r02_c02.png -> Pred: 2 (True: 2)
[OK] File: 2_p08_r02_c03.png -> Pred: 2 (True: 2)
[OK] File: 2_p08_r02_c04.png -> Pred: 2 (True: 2)
[NG] File: 2_p08_r02_c05.png -> Pred: 1 (True: 2)
[NG] File: 2_p08_r02_c06.png -> Pred: 1 (True: 2)
[NG] File: 2_p08_r02_c07.png -> Pred: 1 (True: 2)
[NG] File: 2_p08_r02_c08.png -> Pred: 1 (True: 2)
[OK] File: 2_p08_r02_c09.png -> Pred: 2 (True: 2)
[OK] File: 2_p09_r02_c00.png -> Pred: 2 (True: 2)
[NG] File: 2_p09_r02_c01.png -> Pred: 4 (True: 2)
[NG] File: 2_p09_r02_c02.png -> Pred: 4 (True: 2)
[OK] File: 2_p09_r02_c03.png -> Pred: 2 (True: 2)
[NG] File: 2_p09_r02_c04.png -> Pred: 5 (True: 2)
[NG] File: 2_p09_r02_c05.png -> Pred: 5 (True: 2)
[NG] File: 2_p09_r02_c06.png -> Pred: 1 (True: 2)
[NG] File: 2_p09_r02_c07.png -> Pred: 5 (True: 2)
[NG] File: 2_p09_r02_c08.png -> Pred: 8 (True: 2)
[NG] File: 2_p09_r02_c09.png -> Pred: 5 (True: 2)
[NG] File: 2_p10_r02_c00.png -> Pred: 4 (True: 2)
[NG] File: 2_p10_r02_c01.png -> Pred: 4 (True: 2)
[NG] File: 2_p10_r02_c02.png -> Pred: 1 (True: 2)
[OK] File: 2_p10_r02_c03.png -> Pred: 2 (True: 2)
[OK] File: 2_p10_r02_c04.png -> Pred: 2 (True: 2)
[NG] File: 2_p10_r02_c05.png -> Pred: 3 (True: 2)
[OK] File: 2_p10_r02_c06.png -> Pred: 2 (True: 2)
[NG] File: 2_p10_r02_c07.png -> Pred: 3 (True: 2)
[NG] File: 2_p10_r02_c08.png -> Pred: 3 (True: 2)
[NG] File: 2_p10_r02_c09.png -> Pred: 1 (True: 2)
[OK] File: 3_p01_r03_c00.png -> Pred: 3 (True: 3)
[NG] File: 3_p01_r03_c01.png -> Pred: 1 (True: 3)
[NG] File: 3_p01_r03_c02.png -> Pred: 7 (True: 3)
[NG] File: 3_p01_r03_c03.png -> Pred: 1 (True: 3)
[NG] File: 3_p01_r03_c04.png -> Pred: 7 (True: 3)
[NG] File: 3_p01_r03_c05.png -> Pred: 1 (True: 3)
[OK] File: 3_p01_r03_c06.png -> Pred: 3 (True: 3)
[OK] File: 3_p01_r03_c07.png -> Pred: 3 (True: 3)
[OK] File: 3_p01_r03_c08.png -> Pred: 3 (True: 3)
[NG] File: 3_p01_r03_c09.png -> Pred: 7 (True: 3)
[NG] File: 3_p02_r03_c00.png -> Pred: 7 (True: 3)
[NG] File: 3_p02_r03_c01.png -> Pred: 1 (True: 3)
[NG] File: 3_p02_r03_c02.png -> Pred: 7 (True: 3)
[OK] File: 3_p02_r03_c03.png -> Pred: 3 (True: 3)
[OK] File: 3_p02_r03_c04.png -> Pred: 3 (True: 3)
[OK] File: 3_p02_r03_c05.png -> Pred: 3 (True: 3)
[OK] File: 3_p02_r03_c06.png -> Pred: 3 (True: 3)
[OK] File: 3_p02_r03_c07.png -> Pred: 3 (True: 3)
[NG] File: 3_p02_r03_c08.png -> Pred: 8 (True: 3)
[OK] File: 3_p02_r03_c09.png -> Pred: 3 (True: 3)
[NG] File: 3_p03_r03_c00.png -> Pred: 1 (True: 3)
[NG] File: 3_p03_r03_c01.png -> Pred: 1 (True: 3)
[NG] File: 3_p03_r03_c02.png -> Pred: 4 (True: 3)
[NG] File: 3_p03_r03_c03.png -> Pred: 8 (True: 3)
[OK] File: 3_p03_r03_c04.png -> Pred: 3 (True: 3)
[OK] File: 3_p03_r03_c05.png -> Pred: 3 (True: 3)
[OK] File: 3_p03_r03_c06.png -> Pred: 3 (True: 3)
[OK] File: 3_p03_r03_c07.png -> Pred: 3 (True: 3)
[NG] File: 3_p03_r03_c08.png -> Pred: 8 (True: 3)
[NG] File: 3_p03_r03_c09.png -> Pred: 8 (True: 3)
[NG] File: 3_p04_r03_c00.png -> Pred: 1 (True: 3)
[NG] File: 3_p04_r03_c01.png -> Pred: 1 (True: 3)
[NG] File: 3_p04_r03_c02.png -> Pred: 7 (True: 3)
[OK] File: 3_p04_r03_c03.png -> Pred: 3 (True: 3)
[NG] File: 3_p04_r03_c04.png -> Pred: 1 (True: 3)
[OK] File: 3_p04_r03_c05.png -> Pred: 3 (True: 3)
[NG] File: 3_p04_r03_c06.png -> Pred: 1 (True: 3)
[NG] File: 3_p04_r03_c07.png -> Pred: 1 (True: 3)
[NG] File: 3_p04_r03_c08.png -> Pred: 7 (True: 3)
[OK] File: 3_p04_r03_c09.png -> Pred: 3 (True: 3)
[NG] File: 3_p05_r03_c00.png -> Pred: 1 (True: 3)
[NG] File: 3_p05_r03_c01.png -> Pred: 1 (True: 3)
[NG] File: 3_p05_r03_c02.png -> Pred: 1 (True: 3)
[NG] File: 3_p05_r03_c03.png -> Pred: 7 (True: 3)
[NG] File: 3_p05_r03_c04.png -> Pred: 2 (True: 3)
[NG] File: 3_p05_r03_c05.png -> Pred: 7 (True: 3)
[NG] File: 3_p05_r03_c06.png -> Pred: 7 (True: 3)
[NG] File: 3_p05_r03_c07.png -> Pred: 1 (True: 3)
[NG] File: 3_p05_r03_c08.png -> Pred: 1 (True: 3)
[NG] File: 3_p05_r03_c09.png -> Pred: 1 (True: 3)
[NG] File: 3_p06_r03_c00.png -> Pred: 1 (True: 3)
[NG] File: 3_p06_r03_c01.png -> Pred: 1 (True: 3)
[NG] File: 3_p06_r03_c02.png -> Pred: 1 (True: 3)
[NG] File: 3_p06_r03_c03.png -> Pred: 1 (True: 3)
[NG] File: 3_p06_r03_c04.png -> Pred: 7 (True: 3)
[NG] File: 3_p06_r03_c05.png -> Pred: 1 (True: 3)
[NG] File: 3_p06_r03_c06.png -> Pred: 1 (True: 3)
[NG] File: 3_p06_r03_c07.png -> Pred: 7 (True: 3)
[NG] File: 3_p06_r03_c08.png -> Pred: 7 (True: 3)
[NG] File: 3_p06_r03_c09.png -> Pred: 1 (True: 3)
[NG] File: 3_p07_r03_c00.png -> Pred: 7 (True: 3)
[NG] File: 3_p07_r03_c01.png -> Pred: 1 (True: 3)
[NG] File: 3_p07_r03_c02.png -> Pred: 1 (True: 3)
[NG] File: 3_p07_r03_c03.png -> Pred: 1 (True: 3)
[NG] File: 3_p07_r03_c04.png -> Pred: 4 (True: 3)
[NG] File: 3_p07_r03_c05.png -> Pred: 1 (True: 3)
[NG] File: 3_p07_r03_c06.png -> Pred: 1 (True: 3)
[OK] File: 3_p07_r03_c07.png -> Pred: 3 (True: 3)
[OK] File: 3_p07_r03_c08.png -> Pred: 3 (True: 3)
[NG] File: 3_p07_r03_c09.png -> Pred: 1 (True: 3)
[NG] File: 3_p08_r03_c00.png -> Pred: 8 (True: 3)
[NG] File: 3_p08_r03_c01.png -> Pred: 1 (True: 3)
[OK] File: 3_p08_r03_c02.png -> Pred: 3 (True: 3)
[OK] File: 3_p08_r03_c03.png -> Pred: 3 (True: 3)
[NG] File: 3_p08_r03_c04.png -> Pred: 7 (True: 3)
[NG] File: 3_p08_r03_c05.png -> Pred: 7 (True: 3)
[NG] File: 3_p08_r03_c06.png -> Pred: 1 (True: 3)
[NG] File: 3_p08_r03_c07.png -> Pred: 1 (True: 3)
[NG] File: 3_p08_r03_c08.png -> Pred: 1 (True: 3)
[OK] File: 3_p08_r03_c09.png -> Pred: 3 (True: 3)
[OK] File: 3_p09_r03_c00.png -> Pred: 3 (True: 3)
[NG] File: 3_p09_r03_c01.png -> Pred: 1 (True: 3)
[NG] File: 3_p09_r03_c02.png -> Pred: 1 (True: 3)
[NG] File: 3_p09_r03_c03.png -> Pred: 7 (True: 3)
[NG] File: 3_p09_r03_c04.png -> Pred: 7 (True: 3)
[NG] File: 3_p09_r03_c05.png -> Pred: 1 (True: 3)
[NG] File: 3_p09_r03_c06.png -> Pred: 1 (True: 3)
[NG] File: 3_p09_r03_c07.png -> Pred: 7 (True: 3)
[NG] File: 3_p09_r03_c08.png -> Pred: 2 (True: 3)
[OK] File: 3_p09_r03_c09.png -> Pred: 3 (True: 3)
[NG] File: 3_p10_r03_c00.png -> Pred: 1 (True: 3)
[NG] File: 3_p10_r03_c01.png -> Pred: 1 (True: 3)
[NG] File: 3_p10_r03_c02.png -> Pred: 2 (True: 3)
[OK] File: 3_p10_r03_c03.png -> Pred: 3 (True: 3)
[NG] File: 3_p10_r03_c04.png -> Pred: 1 (True: 3)
[NG] File: 3_p10_r03_c05.png -> Pred: 1 (True: 3)
[NG] File: 3_p10_r03_c06.png -> Pred: 1 (True: 3)
[NG] File: 3_p10_r03_c07.png -> Pred: 7 (True: 3)
[NG] File: 3_p10_r03_c08.png -> Pred: 2 (True: 3)
[NG] File: 3_p10_r03_c09.png -> Pred: 1 (True: 3)
[NG] File: 4_p01_r04_c00.png -> Pred: 1 (True: 4)
[NG] File: 4_p01_r04_c01.png -> Pred: 1 (True: 4)
[NG] File: 4_p01_r04_c02.png -> Pred: 1 (True: 4)
[NG] File: 4_p01_r04_c03.png -> Pred: 8 (True: 4)
[OK] File: 4_p01_r04_c04.png -> Pred: 4 (True: 4)
[OK] File: 4_p01_r04_c05.png -> Pred: 4 (True: 4)
[OK] File: 4_p01_r04_c06.png -> Pred: 4 (True: 4)
[NG] File: 4_p01_r04_c07.png -> Pred: 8 (True: 4)
[NG] File: 4_p01_r04_c08.png -> Pred: 8 (True: 4)
[OK] File: 4_p01_r04_c09.png -> Pred: 4 (True: 4)
[NG] File: 4_p02_r04_c00.png -> Pred: 1 (True: 4)
[NG] File: 4_p02_r04_c01.png -> Pred: 8 (True: 4)
[NG] File: 4_p02_r04_c02.png -> Pred: 5 (True: 4)
[NG] File: 4_p02_r04_c03.png -> Pred: 6 (True: 4)
[OK] File: 4_p02_r04_c04.png -> Pred: 4 (True: 4)
[NG] File: 4_p02_r04_c05.png -> Pred: 1 (True: 4)
[OK] File: 4_p02_r04_c06.png -> Pred: 4 (True: 4)
[OK] File: 4_p02_r04_c07.png -> Pred: 4 (True: 4)
[OK] File: 4_p02_r04_c08.png -> Pred: 4 (True: 4)
[OK] File: 4_p02_r04_c09.png -> Pred: 4 (True: 4)
[NG] File: 4_p03_r04_c00.png -> Pred: 1 (True: 4)
[NG] File: 4_p03_r04_c01.png -> Pred: 1 (True: 4)
[NG] File: 4_p03_r04_c02.png -> Pred: 8 (True: 4)
[NG] File: 4_p03_r04_c03.png -> Pred: 8 (True: 4)
[NG] File: 4_p03_r04_c04.png -> Pred: 7 (True: 4)
[OK] File: 4_p03_r04_c05.png -> Pred: 4 (True: 4)
[NG] File: 4_p03_r04_c06.png -> Pred: 1 (True: 4)
[NG] File: 4_p03_r04_c07.png -> Pred: 8 (True: 4)
[OK] File: 4_p03_r04_c08.png -> Pred: 4 (True: 4)
[OK] File: 4_p03_r04_c09.png -> Pred: 4 (True: 4)
[NG] File: 4_p04_r04_c00.png -> Pred: 7 (True: 4)
[NG] File: 4_p04_r04_c01.png -> Pred: 1 (True: 4)
[NG] File: 4_p04_r04_c02.png -> Pred: 6 (True: 4)
[NG] File: 4_p04_r04_c03.png -> Pred: 1 (True: 4)
[OK] File: 4_p04_r04_c04.png -> Pred: 4 (True: 4)
[OK] File: 4_p04_r04_c05.png -> Pred: 4 (True: 4)
[NG] File: 4_p04_r04_c06.png -> Pred: 8 (True: 4)
[OK] File: 4_p04_r04_c07.png -> Pred: 4 (True: 4)
[OK] File: 4_p04_r04_c08.png -> Pred: 4 (True: 4)
[OK] File: 4_p04_r04_c09.png -> Pred: 4 (True: 4)
[NG] File: 4_p05_r04_c00.png -> Pred: 5 (True: 4)
[NG] File: 4_p05_r04_c01.png -> Pred: 7 (True: 4)
[NG] File: 4_p05_r04_c02.png -> Pred: 7 (True: 4)
[NG] File: 4_p05_r04_c03.png -> Pred: 1 (True: 4)
[NG] File: 4_p05_r04_c04.png -> Pred: 1 (True: 4)
[NG] File: 4_p05_r04_c05.png -> Pred: 7 (True: 4)
[NG] File: 4_p05_r04_c06.png -> Pred: 5 (True: 4)
[NG] File: 4_p05_r04_c07.png -> Pred: 1 (True: 4)
[NG] File: 4_p05_r04_c08.png -> Pred: 1 (True: 4)
[NG] File: 4_p05_r04_c09.png -> Pred: 8 (True: 4)
[NG] File: 4_p06_r04_c00.png -> Pred: 5 (True: 4)
[NG] File: 4_p06_r04_c01.png -> Pred: 1 (True: 4)
[NG] File: 4_p06_r04_c02.png -> Pred: 1 (True: 4)
[NG] File: 4_p06_r04_c03.png -> Pred: 1 (True: 4)
[NG] File: 4_p06_r04_c04.png -> Pred: 1 (True: 4)
[NG] File: 4_p06_r04_c05.png -> Pred: 1 (True: 4)
[NG] File: 4_p06_r04_c06.png -> Pred: 8 (True: 4)
[NG] File: 4_p06_r04_c07.png -> Pred: 1 (True: 4)
[OK] File: 4_p06_r04_c08.png -> Pred: 4 (True: 4)
[OK] File: 4_p06_r04_c09.png -> Pred: 4 (True: 4)
[NG] File: 4_p07_r04_c00.png -> Pred: 1 (True: 4)
[NG] File: 4_p07_r04_c01.png -> Pred: 1 (True: 4)
[NG] File: 4_p07_r04_c02.png -> Pred: 8 (True: 4)
[NG] File: 4_p07_r04_c03.png -> Pred: 1 (True: 4)
[OK] File: 4_p07_r04_c04.png -> Pred: 4 (True: 4)
[NG] File: 4_p07_r04_c05.png -> Pred: 3 (True: 4)
[OK] File: 4_p07_r04_c06.png -> Pred: 4 (True: 4)
[NG] File: 4_p07_r04_c07.png -> Pred: 1 (True: 4)
[NG] File: 4_p07_r04_c08.png -> Pred: 8 (True: 4)
[NG] File: 4_p07_r04_c09.png -> Pred: 8 (True: 4)
[NG] File: 4_p08_r04_c00.png -> Pred: 8 (True: 4)
[NG] File: 4_p08_r04_c01.png -> Pred: 8 (True: 4)
[NG] File: 4_p08_r04_c02.png -> Pred: 1 (True: 4)
[OK] File: 4_p08_r04_c03.png -> Pred: 4 (True: 4)
[OK] File: 4_p08_r04_c04.png -> Pred: 4 (True: 4)
[OK] File: 4_p08_r04_c05.png -> Pred: 4 (True: 4)
[OK] File: 4_p08_r04_c06.png -> Pred: 4 (True: 4)
[NG] File: 4_p08_r04_c07.png -> Pred: 1 (True: 4)
[OK] File: 4_p08_r04_c08.png -> Pred: 4 (True: 4)
[OK] File: 4_p08_r04_c09.png -> Pred: 4 (True: 4)
[NG] File: 4_p09_r04_c00.png -> Pred: 7 (True: 4)
[NG] File: 4_p09_r04_c01.png -> Pred: 8 (True: 4)
[OK] File: 4_p09_r04_c02.png -> Pred: 4 (True: 4)
[NG] File: 4_p09_r04_c03.png -> Pred: 1 (True: 4)
[NG] File: 4_p09_r04_c04.png -> Pred: 5 (True: 4)
[OK] File: 4_p09_r04_c05.png -> Pred: 4 (True: 4)
[OK] File: 4_p09_r04_c06.png -> Pred: 4 (True: 4)
[NG] File: 4_p09_r04_c07.png -> Pred: 7 (True: 4)
[NG] File: 4_p09_r04_c08.png -> Pred: 1 (True: 4)
[NG] File: 4_p09_r04_c09.png -> Pred: 8 (True: 4)
[NG] File: 4_p10_r04_c00.png -> Pred: 5 (True: 4)
[NG] File: 4_p10_r04_c01.png -> Pred: 1 (True: 4)
[NG] File: 4_p10_r04_c02.png -> Pred: 1 (True: 4)
[NG] File: 4_p10_r04_c03.png -> Pred: 8 (True: 4)
[NG] File: 4_p10_r04_c04.png -> Pred: 5 (True: 4)
[OK] File: 4_p10_r04_c05.png -> Pred: 4 (True: 4)
[NG] File: 4_p10_r04_c06.png -> Pred: 1 (True: 4)
[NG] File: 4_p10_r04_c07.png -> Pred: 1 (True: 4)
[NG] File: 4_p10_r04_c08.png -> Pred: 8 (True: 4)
[OK] File: 4_p10_r04_c09.png -> Pred: 4 (True: 4)
[OK] File: 5_p01_r05_c00.png -> Pred: 5 (True: 5)
[NG] File: 5_p01_r05_c01.png -> Pred: 7 (True: 5)
[OK] File: 5_p01_r05_c02.png -> Pred: 5 (True: 5)
[OK] File: 5_p01_r05_c03.png -> Pred: 5 (True: 5)
[OK] File: 5_p01_r05_c04.png -> Pred: 5 (True: 5)
[NG] File: 5_p01_r05_c05.png -> Pred: 1 (True: 5)
[NG] File: 5_p01_r05_c06.png -> Pred: 1 (True: 5)
[OK] File: 5_p01_r05_c07.png -> Pred: 5 (True: 5)
[OK] File: 5_p01_r05_c08.png -> Pred: 5 (True: 5)
[OK] File: 5_p01_r05_c09.png -> Pred: 5 (True: 5)
[NG] File: 5_p02_r05_c00.png -> Pred: 7 (True: 5)
[NG] File: 5_p02_r05_c01.png -> Pred: 7 (True: 5)
[NG] File: 5_p02_r05_c02.png -> Pred: 1 (True: 5)
[OK] File: 5_p02_r05_c03.png -> Pred: 5 (True: 5)
[OK] File: 5_p02_r05_c04.png -> Pred: 5 (True: 5)
[OK] File: 5_p02_r05_c05.png -> Pred: 5 (True: 5)
[OK] File: 5_p02_r05_c06.png -> Pred: 5 (True: 5)
[OK] File: 5_p02_r05_c07.png -> Pred: 5 (True: 5)
[OK] File: 5_p02_r05_c08.png -> Pred: 5 (True: 5)
[OK] File: 5_p02_r05_c09.png -> Pred: 5 (True: 5)
[NG] File: 5_p03_r05_c00.png -> Pred: 7 (True: 5)
[NG] File: 5_p03_r05_c01.png -> Pred: 1 (True: 5)
[NG] File: 5_p03_r05_c02.png -> Pred: 7 (True: 5)
[OK] File: 5_p03_r05_c03.png -> Pred: 5 (True: 5)
[OK] File: 5_p03_r05_c04.png -> Pred: 5 (True: 5)
[OK] File: 5_p03_r05_c05.png -> Pred: 5 (True: 5)
[OK] File: 5_p03_r05_c06.png -> Pred: 5 (True: 5)
[OK] File: 5_p03_r05_c07.png -> Pred: 5 (True: 5)
[OK] File: 5_p03_r05_c08.png -> Pred: 5 (True: 5)
[OK] File: 5_p03_r05_c09.png -> Pred: 5 (True: 5)
[NG] File: 5_p04_r05_c00.png -> Pred: 7 (True: 5)
[OK] File: 5_p04_r05_c01.png -> Pred: 5 (True: 5)
[OK] File: 5_p04_r05_c02.png -> Pred: 5 (True: 5)
[OK] File: 5_p04_r05_c03.png -> Pred: 5 (True: 5)
[OK] File: 5_p04_r05_c04.png -> Pred: 5 (True: 5)
[OK] File: 5_p04_r05_c05.png -> Pred: 5 (True: 5)
[OK] File: 5_p04_r05_c06.png -> Pred: 5 (True: 5)
[OK] File: 5_p04_r05_c07.png -> Pred: 5 (True: 5)
[OK] File: 5_p04_r05_c08.png -> Pred: 5 (True: 5)
[OK] File: 5_p04_r05_c09.png -> Pred: 5 (True: 5)
[NG] File: 5_p05_r05_c00.png -> Pred: 1 (True: 5)
[NG] File: 5_p05_r05_c01.png -> Pred: 9 (True: 5)
[OK] File: 5_p05_r05_c02.png -> Pred: 5 (True: 5)
[OK] File: 5_p05_r05_c03.png -> Pred: 5 (True: 5)
[OK] File: 5_p05_r05_c04.png -> Pred: 5 (True: 5)
[NG] File: 5_p05_r05_c05.png -> Pred: 7 (True: 5)
[OK] File: 5_p05_r05_c06.png -> Pred: 5 (True: 5)
[OK] File: 5_p05_r05_c07.png -> Pred: 5 (True: 5)
[OK] File: 5_p05_r05_c08.png -> Pred: 5 (True: 5)
[OK] File: 5_p05_r05_c09.png -> Pred: 5 (True: 5)
[NG] File: 5_p06_r05_c00.png -> Pred: 7 (True: 5)
[NG] File: 5_p06_r05_c01.png -> Pred: 7 (True: 5)
[NG] File: 5_p06_r05_c02.png -> Pred: 7 (True: 5)
[OK] File: 5_p06_r05_c03.png -> Pred: 5 (True: 5)
[OK] File: 5_p06_r05_c04.png -> Pred: 5 (True: 5)
[OK] File: 5_p06_r05_c05.png -> Pred: 5 (True: 5)
[OK] File: 5_p06_r05_c06.png -> Pred: 5 (True: 5)
[OK] File: 5_p06_r05_c07.png -> Pred: 5 (True: 5)
[OK] File: 5_p06_r05_c08.png -> Pred: 5 (True: 5)
[OK] File: 5_p06_r05_c09.png -> Pred: 5 (True: 5)
[NG] File: 5_p07_r05_c00.png -> Pred: 7 (True: 5)
[NG] File: 5_p07_r05_c01.png -> Pred: 7 (True: 5)
[NG] File: 5_p07_r05_c02.png -> Pred: 2 (True: 5)
[OK] File: 5_p07_r05_c03.png -> Pred: 5 (True: 5)
[NG] File: 5_p07_r05_c04.png -> Pred: 7 (True: 5)
[OK] File: 5_p07_r05_c05.png -> Pred: 5 (True: 5)
[OK] File: 5_p07_r05_c06.png -> Pred: 5 (True: 5)
[OK] File: 5_p07_r05_c07.png -> Pred: 5 (True: 5)
[NG] File: 5_p07_r05_c08.png -> Pred: 7 (True: 5)
[OK] File: 5_p07_r05_c09.png -> Pred: 5 (True: 5)
[OK] File: 5_p08_r05_c00.png -> Pred: 5 (True: 5)
[OK] File: 5_p08_r05_c01.png -> Pred: 5 (True: 5)
[OK] File: 5_p08_r05_c02.png -> Pred: 5 (True: 5)
[OK] File: 5_p08_r05_c03.png -> Pred: 5 (True: 5)
[OK] File: 5_p08_r05_c04.png -> Pred: 5 (True: 5)
[OK] File: 5_p08_r05_c05.png -> Pred: 5 (True: 5)
[OK] File: 5_p08_r05_c06.png -> Pred: 5 (True: 5)
[NG] File: 5_p08_r05_c07.png -> Pred: 1 (True: 5)
[OK] File: 5_p08_r05_c08.png -> Pred: 5 (True: 5)
[NG] File: 5_p08_r05_c09.png -> Pred: 1 (True: 5)
[OK] File: 5_p09_r05_c00.png -> Pred: 5 (True: 5)
[OK] File: 5_p09_r05_c01.png -> Pred: 5 (True: 5)
[OK] File: 5_p09_r05_c02.png -> Pred: 5 (True: 5)
[OK] File: 5_p09_r05_c03.png -> Pred: 5 (True: 5)
[NG] File: 5_p09_r05_c04.png -> Pred: 1 (True: 5)
[OK] File: 5_p09_r05_c05.png -> Pred: 5 (True: 5)
[OK] File: 5_p09_r05_c06.png -> Pred: 5 (True: 5)
[OK] File: 5_p09_r05_c07.png -> Pred: 5 (True: 5)
[NG] File: 5_p09_r05_c08.png -> Pred: 1 (True: 5)
[OK] File: 5_p09_r05_c09.png -> Pred: 5 (True: 5)
[NG] File: 5_p10_r05_c00.png -> Pred: 1 (True: 5)
[NG] File: 5_p10_r05_c01.png -> Pred: 7 (True: 5)
[OK] File: 5_p10_r05_c02.png -> Pred: 5 (True: 5)
[OK] File: 5_p10_r05_c03.png -> Pred: 5 (True: 5)
[NG] File: 5_p10_r05_c04.png -> Pred: 3 (True: 5)
[OK] File: 5_p10_r05_c05.png -> Pred: 5 (True: 5)
[NG] File: 5_p10_r05_c06.png -> Pred: 7 (True: 5)
[OK] File: 5_p10_r05_c07.png -> Pred: 5 (True: 5)
[OK] File: 5_p10_r05_c08.png -> Pred: 5 (True: 5)
[OK] File: 5_p10_r05_c09.png -> Pred: 5 (True: 5)
[NG] File: 6_p01_r06_c00.png -> Pred: 1 (True: 6)
[NG] File: 6_p01_r06_c01.png -> Pred: 1 (True: 6)
[OK] File: 6_p01_r06_c02.png -> Pred: 6 (True: 6)
[OK] File: 6_p01_r06_c03.png -> Pred: 6 (True: 6)
[OK] File: 6_p01_r06_c04.png -> Pred: 6 (True: 6)
[OK] File: 6_p01_r06_c05.png -> Pred: 6 (True: 6)
[OK] File: 6_p01_r06_c06.png -> Pred: 6 (True: 6)
[OK] File: 6_p01_r06_c07.png -> Pred: 6 (True: 6)
[OK] File: 6_p01_r06_c08.png -> Pred: 6 (True: 6)
[OK] File: 6_p01_r06_c09.png -> Pred: 6 (True: 6)
[NG] File: 6_p02_r06_c00.png -> Pred: 1 (True: 6)
[NG] File: 6_p02_r06_c01.png -> Pred: 1 (True: 6)
[OK] File: 6_p02_r06_c02.png -> Pred: 6 (True: 6)
[OK] File: 6_p02_r06_c03.png -> Pred: 6 (True: 6)
[OK] File: 6_p02_r06_c04.png -> Pred: 6 (True: 6)
[OK] File: 6_p02_r06_c05.png -> Pred: 6 (True: 6)
[OK] File: 6_p02_r06_c06.png -> Pred: 6 (True: 6)
[OK] File: 6_p02_r06_c07.png -> Pred: 6 (True: 6)
[NG] File: 6_p02_r06_c08.png -> Pred: 1 (True: 6)
[OK] File: 6_p02_r06_c09.png -> Pred: 6 (True: 6)
[NG] File: 6_p03_r06_c00.png -> Pred: 0 (True: 6)
[NG] File: 6_p03_r06_c01.png -> Pred: 1 (True: 6)
[NG] File: 6_p03_r06_c02.png -> Pred: 5 (True: 6)
[OK] File: 6_p03_r06_c03.png -> Pred: 6 (True: 6)
[OK] File: 6_p03_r06_c04.png -> Pred: 6 (True: 6)
[OK] File: 6_p03_r06_c05.png -> Pred: 6 (True: 6)
[OK] File: 6_p03_r06_c06.png -> Pred: 6 (True: 6)
[OK] File: 6_p03_r06_c07.png -> Pred: 6 (True: 6)
[NG] File: 6_p03_r06_c08.png -> Pred: 1 (True: 6)
[OK] File: 6_p03_r06_c09.png -> Pred: 6 (True: 6)
[NG] File: 6_p04_r06_c00.png -> Pred: 0 (True: 6)
[NG] File: 6_p04_r06_c01.png -> Pred: 1 (True: 6)
[NG] File: 6_p04_r06_c02.png -> Pred: 7 (True: 6)
[OK] File: 6_p04_r06_c03.png -> Pred: 6 (True: 6)
[OK] File: 6_p04_r06_c04.png -> Pred: 6 (True: 6)
[OK] File: 6_p04_r06_c05.png -> Pred: 6 (True: 6)
[OK] File: 6_p04_r06_c06.png -> Pred: 6 (True: 6)
[OK] File: 6_p04_r06_c07.png -> Pred: 6 (True: 6)
[OK] File: 6_p04_r06_c08.png -> Pred: 6 (True: 6)
[NG] File: 6_p04_r06_c09.png -> Pred: 9 (True: 6)
[NG] File: 6_p05_r06_c00.png -> Pred: 1 (True: 6)
[NG] File: 6_p05_r06_c01.png -> Pred: 1 (True: 6)
[NG] File: 6_p05_r06_c02.png -> Pred: 9 (True: 6)
[NG] File: 6_p05_r06_c03.png -> Pred: 0 (True: 6)
[OK] File: 6_p05_r06_c04.png -> Pred: 6 (True: 6)
[NG] File: 6_p05_r06_c05.png -> Pred: 9 (True: 6)
[OK] File: 6_p05_r06_c06.png -> Pred: 6 (True: 6)
[OK] File: 6_p05_r06_c07.png -> Pred: 6 (True: 6)
[OK] File: 6_p05_r06_c08.png -> Pred: 6 (True: 6)
[OK] File: 6_p05_r06_c09.png -> Pred: 6 (True: 6)
[NG] File: 6_p06_r06_c00.png -> Pred: 1 (True: 6)
[NG] File: 6_p06_r06_c01.png -> Pred: 1 (True: 6)
[NG] File: 6_p06_r06_c02.png -> Pred: 1 (True: 6)
[NG] File: 6_p06_r06_c03.png -> Pred: 9 (True: 6)
[NG] File: 6_p06_r06_c04.png -> Pred: 9 (True: 6)
[NG] File: 6_p06_r06_c05.png -> Pred: 0 (True: 6)
[OK] File: 6_p06_r06_c06.png -> Pred: 6 (True: 6)
[OK] File: 6_p06_r06_c07.png -> Pred: 6 (True: 6)
[OK] File: 6_p06_r06_c08.png -> Pred: 6 (True: 6)
[NG] File: 6_p06_r06_c09.png -> Pred: 4 (True: 6)
[NG] File: 6_p07_r06_c00.png -> Pred: 9 (True: 6)
[NG] File: 6_p07_r06_c01.png -> Pred: 1 (True: 6)
[NG] File: 6_p07_r06_c02.png -> Pred: 9 (True: 6)
[OK] File: 6_p07_r06_c03.png -> Pred: 6 (True: 6)
[NG] File: 6_p07_r06_c04.png -> Pred: 9 (True: 6)
[NG] File: 6_p07_r06_c05.png -> Pred: 9 (True: 6)
[NG] File: 6_p07_r06_c06.png -> Pred: 9 (True: 6)
[NG] File: 6_p07_r06_c07.png -> Pred: 9 (True: 6)
[NG] File: 6_p07_r06_c08.png -> Pred: 1 (True: 6)
[NG] File: 6_p07_r06_c09.png -> Pred: 9 (True: 6)
[NG] File: 6_p08_r06_c00.png -> Pred: 7 (True: 6)
[NG] File: 6_p08_r06_c01.png -> Pred: 9 (True: 6)
[OK] File: 6_p08_r06_c02.png -> Pred: 6 (True: 6)
[OK] File: 6_p08_r06_c03.png -> Pred: 6 (True: 6)
[OK] File: 6_p08_r06_c04.png -> Pred: 6 (True: 6)
[OK] File: 6_p08_r06_c05.png -> Pred: 6 (True: 6)
[OK] File: 6_p08_r06_c06.png -> Pred: 6 (True: 6)
[OK] File: 6_p08_r06_c07.png -> Pred: 6 (True: 6)
[NG] File: 6_p08_r06_c08.png -> Pred: 1 (True: 6)
[OK] File: 6_p08_r06_c09.png -> Pred: 6 (True: 6)
[NG] File: 6_p09_r06_c00.png -> Pred: 5 (True: 6)
[NG] File: 6_p09_r06_c01.png -> Pred: 7 (True: 6)
[NG] File: 6_p09_r06_c02.png -> Pred: 0 (True: 6)
[OK] File: 6_p09_r06_c03.png -> Pred: 6 (True: 6)
[OK] File: 6_p09_r06_c04.png -> Pred: 6 (True: 6)
[OK] File: 6_p09_r06_c05.png -> Pred: 6 (True: 6)
[OK] File: 6_p09_r06_c06.png -> Pred: 6 (True: 6)
[OK] File: 6_p09_r06_c07.png -> Pred: 6 (True: 6)
[OK] File: 6_p09_r06_c08.png -> Pred: 6 (True: 6)
[OK] File: 6_p09_r06_c09.png -> Pred: 6 (True: 6)
[NG] File: 6_p10_r06_c00.png -> Pred: 9 (True: 6)
[NG] File: 6_p10_r06_c01.png -> Pred: 1 (True: 6)
[NG] File: 6_p10_r06_c02.png -> Pred: 5 (True: 6)
[NG] File: 6_p10_r06_c03.png -> Pred: 9 (True: 6)
[NG] File: 6_p10_r06_c04.png -> Pred: 9 (True: 6)
[OK] File: 6_p10_r06_c05.png -> Pred: 6 (True: 6)
[OK] File: 6_p10_r06_c06.png -> Pred: 6 (True: 6)
[NG] File: 6_p10_r06_c07.png -> Pred: 9 (True: 6)
[NG] File: 6_p10_r06_c08.png -> Pred: 9 (True: 6)
[NG] File: 6_p10_r06_c09.png -> Pred: 9 (True: 6)
[NG] File: 7_p01_r07_c00.png -> Pred: 1 (True: 7)
[NG] File: 7_p01_r07_c01.png -> Pred: 1 (True: 7)
[NG] File: 7_p01_r07_c02.png -> Pred: 1 (True: 7)
[NG] File: 7_p01_r07_c03.png -> Pred: 1 (True: 7)
[NG] File: 7_p01_r07_c04.png -> Pred: 1 (True: 7)
[NG] File: 7_p01_r07_c05.png -> Pred: 1 (True: 7)
[NG] File: 7_p01_r07_c06.png -> Pred: 1 (True: 7)
[OK] File: 7_p01_r07_c07.png -> Pred: 7 (True: 7)
[OK] File: 7_p01_r07_c08.png -> Pred: 7 (True: 7)
[OK] File: 7_p01_r07_c09.png -> Pred: 7 (True: 7)
[OK] File: 7_p02_r07_c00.png -> Pred: 7 (True: 7)
[NG] File: 7_p02_r07_c01.png -> Pred: 1 (True: 7)
[OK] File: 7_p02_r07_c02.png -> Pred: 7 (True: 7)
[OK] File: 7_p02_r07_c03.png -> Pred: 7 (True: 7)
[NG] File: 7_p02_r07_c04.png -> Pred: 1 (True: 7)
[OK] File: 7_p02_r07_c05.png -> Pred: 7 (True: 7)
[OK] File: 7_p02_r07_c06.png -> Pred: 7 (True: 7)
[OK] File: 7_p02_r07_c07.png -> Pred: 7 (True: 7)
[OK] File: 7_p02_r07_c08.png -> Pred: 7 (True: 7)
[OK] File: 7_p02_r07_c09.png -> Pred: 7 (True: 7)
[NG] File: 7_p03_r07_c00.png -> Pred: 1 (True: 7)
[NG] File: 7_p03_r07_c01.png -> Pred: 1 (True: 7)
[NG] File: 7_p03_r07_c02.png -> Pred: 1 (True: 7)
[NG] File: 7_p03_r07_c03.png -> Pred: 1 (True: 7)
[OK] File: 7_p03_r07_c04.png -> Pred: 7 (True: 7)
[OK] File: 7_p03_r07_c05.png -> Pred: 7 (True: 7)
[OK] File: 7_p03_r07_c06.png -> Pred: 7 (True: 7)
[NG] File: 7_p03_r07_c07.png -> Pred: 1 (True: 7)
[OK] File: 7_p03_r07_c08.png -> Pred: 7 (True: 7)
[OK] File: 7_p03_r07_c09.png -> Pred: 7 (True: 7)
[NG] File: 7_p04_r07_c00.png -> Pred: 1 (True: 7)
[NG] File: 7_p04_r07_c01.png -> Pred: 1 (True: 7)
[OK] File: 7_p04_r07_c02.png -> Pred: 7 (True: 7)
[NG] File: 7_p04_r07_c03.png -> Pred: 1 (True: 7)
[NG] File: 7_p04_r07_c04.png -> Pred: 1 (True: 7)
[NG] File: 7_p04_r07_c05.png -> Pred: 1 (True: 7)
[OK] File: 7_p04_r07_c06.png -> Pred: 7 (True: 7)
[OK] File: 7_p04_r07_c07.png -> Pred: 7 (True: 7)
[OK] File: 7_p04_r07_c08.png -> Pred: 7 (True: 7)
[OK] File: 7_p04_r07_c09.png -> Pred: 7 (True: 7)
[NG] File: 7_p05_r07_c00.png -> Pred: 1 (True: 7)
[NG] File: 7_p05_r07_c01.png -> Pred: 1 (True: 7)
[NG] File: 7_p05_r07_c02.png -> Pred: 1 (True: 7)
[NG] File: 7_p05_r07_c03.png -> Pred: 1 (True: 7)
[NG] File: 7_p05_r07_c04.png -> Pred: 1 (True: 7)
[NG] File: 7_p05_r07_c05.png -> Pred: 1 (True: 7)
[NG] File: 7_p05_r07_c06.png -> Pred: 1 (True: 7)
[NG] File: 7_p05_r07_c07.png -> Pred: 2 (True: 7)
[NG] File: 7_p05_r07_c08.png -> Pred: 1 (True: 7)
[OK] File: 7_p05_r07_c09.png -> Pred: 7 (True: 7)
[NG] File: 7_p06_r07_c00.png -> Pred: 1 (True: 7)
[NG] File: 7_p06_r07_c01.png -> Pred: 6 (True: 7)
[NG] File: 7_p06_r07_c02.png -> Pred: 1 (True: 7)
[NG] File: 7_p06_r07_c03.png -> Pred: 1 (True: 7)
[NG] File: 7_p06_r07_c04.png -> Pred: 1 (True: 7)
[NG] File: 7_p06_r07_c05.png -> Pred: 1 (True: 7)
[NG] File: 7_p06_r07_c06.png -> Pred: 1 (True: 7)
[NG] File: 7_p06_r07_c07.png -> Pred: 2 (True: 7)
[NG] File: 7_p06_r07_c08.png -> Pred: 1 (True: 7)
[OK] File: 7_p06_r07_c09.png -> Pred: 7 (True: 7)
[NG] File: 7_p07_r07_c00.png -> Pred: 1 (True: 7)
[NG] File: 7_p07_r07_c01.png -> Pred: 1 (True: 7)
[NG] File: 7_p07_r07_c02.png -> Pred: 1 (True: 7)
[NG] File: 7_p07_r07_c03.png -> Pred: 1 (True: 7)
[OK] File: 7_p07_r07_c04.png -> Pred: 7 (True: 7)
[NG] File: 7_p07_r07_c05.png -> Pred: 1 (True: 7)
[NG] File: 7_p07_r07_c06.png -> Pred: 1 (True: 7)
[OK] File: 7_p07_r07_c07.png -> Pred: 7 (True: 7)
[NG] File: 7_p07_r07_c08.png -> Pred: 1 (True: 7)
[OK] File: 7_p07_r07_c09.png -> Pred: 7 (True: 7)
[NG] File: 7_p08_r07_c00.png -> Pred: 1 (True: 7)
[NG] File: 7_p08_r07_c01.png -> Pred: 1 (True: 7)
[NG] File: 7_p08_r07_c02.png -> Pred: 1 (True: 7)
[NG] File: 7_p08_r07_c03.png -> Pred: 1 (True: 7)
[NG] File: 7_p08_r07_c04.png -> Pred: 1 (True: 7)
[OK] File: 7_p08_r07_c05.png -> Pred: 7 (True: 7)
[NG] File: 7_p08_r07_c06.png -> Pred: 1 (True: 7)
[NG] File: 7_p08_r07_c07.png -> Pred: 1 (True: 7)
[NG] File: 7_p08_r07_c08.png -> Pred: 1 (True: 7)
[OK] File: 7_p08_r07_c09.png -> Pred: 7 (True: 7)
[NG] File: 7_p09_r07_c00.png -> Pred: 1 (True: 7)
[NG] File: 7_p09_r07_c01.png -> Pred: 1 (True: 7)
[NG] File: 7_p09_r07_c02.png -> Pred: 1 (True: 7)
[NG] File: 7_p09_r07_c03.png -> Pred: 1 (True: 7)
[OK] File: 7_p09_r07_c04.png -> Pred: 7 (True: 7)
[NG] File: 7_p09_r07_c05.png -> Pred: 1 (True: 7)
[OK] File: 7_p09_r07_c06.png -> Pred: 7 (True: 7)
[NG] File: 7_p09_r07_c07.png -> Pred: 1 (True: 7)
[NG] File: 7_p09_r07_c08.png -> Pred: 1 (True: 7)
[NG] File: 7_p09_r07_c09.png -> Pred: 1 (True: 7)
[NG] File: 7_p10_r07_c00.png -> Pred: 1 (True: 7)
[NG] File: 7_p10_r07_c01.png -> Pred: 1 (True: 7)
[NG] File: 7_p10_r07_c02.png -> Pred: 1 (True: 7)
[NG] File: 7_p10_r07_c03.png -> Pred: 1 (True: 7)
[NG] File: 7_p10_r07_c04.png -> Pred: 1 (True: 7)
[NG] File: 7_p10_r07_c05.png -> Pred: 1 (True: 7)
[NG] File: 7_p10_r07_c06.png -> Pred: 1 (True: 7)
[NG] File: 7_p10_r07_c07.png -> Pred: 1 (True: 7)
[OK] File: 7_p10_r07_c08.png -> Pred: 7 (True: 7)
[NG] File: 7_p10_r07_c09.png -> Pred: 1 (True: 7)
[OK] File: 8_p01_r08_c00.png -> Pred: 8 (True: 8)
[NG] File: 8_p01_r08_c01.png -> Pred: 7 (True: 8)
[OK] File: 8_p01_r08_c02.png -> Pred: 8 (True: 8)
[OK] File: 8_p01_r08_c03.png -> Pred: 8 (True: 8)
[OK] File: 8_p01_r08_c04.png -> Pred: 8 (True: 8)
[OK] File: 8_p01_r08_c05.png -> Pred: 8 (True: 8)
[OK] File: 8_p01_r08_c06.png -> Pred: 8 (True: 8)
[OK] File: 8_p01_r08_c07.png -> Pred: 8 (True: 8)
[OK] File: 8_p01_r08_c08.png -> Pred: 8 (True: 8)
[NG] File: 8_p01_r08_c09.png -> Pred: 1 (True: 8)
[NG] File: 8_p02_r08_c00.png -> Pred: 5 (True: 8)
[NG] File: 8_p02_r08_c01.png -> Pred: 5 (True: 8)
[OK] File: 8_p02_r08_c02.png -> Pred: 8 (True: 8)
[OK] File: 8_p02_r08_c03.png -> Pred: 8 (True: 8)
[NG] File: 8_p02_r08_c04.png -> Pred: 1 (True: 8)
[OK] File: 8_p02_r08_c05.png -> Pred: 8 (True: 8)
[OK] File: 8_p02_r08_c06.png -> Pred: 8 (True: 8)
[OK] File: 8_p02_r08_c07.png -> Pred: 8 (True: 8)
[NG] File: 8_p02_r08_c08.png -> Pred: 5 (True: 8)
[OK] File: 8_p02_r08_c09.png -> Pred: 8 (True: 8)
[NG] File: 8_p03_r08_c00.png -> Pred: 1 (True: 8)
[NG] File: 8_p03_r08_c01.png -> Pred: 1 (True: 8)
[NG] File: 8_p03_r08_c02.png -> Pred: 5 (True: 8)
[OK] File: 8_p03_r08_c03.png -> Pred: 8 (True: 8)
[OK] File: 8_p03_r08_c04.png -> Pred: 8 (True: 8)
[OK] File: 8_p03_r08_c05.png -> Pred: 8 (True: 8)
[OK] File: 8_p03_r08_c06.png -> Pred: 8 (True: 8)
[OK] File: 8_p03_r08_c07.png -> Pred: 8 (True: 8)
[NG] File: 8_p03_r08_c08.png -> Pred: 1 (True: 8)
[OK] File: 8_p03_r08_c09.png -> Pred: 8 (True: 8)
[OK] File: 8_p04_r08_c00.png -> Pred: 8 (True: 8)
[NG] File: 8_p04_r08_c01.png -> Pred: 5 (True: 8)
[OK] File: 8_p04_r08_c02.png -> Pred: 8 (True: 8)
[NG] File: 8_p04_r08_c03.png -> Pred: 1 (True: 8)
[OK] File: 8_p04_r08_c04.png -> Pred: 8 (True: 8)
[OK] File: 8_p04_r08_c05.png -> Pred: 8 (True: 8)
[OK] File: 8_p04_r08_c06.png -> Pred: 8 (True: 8)
[NG] File: 8_p04_r08_c07.png -> Pred: 9 (True: 8)
[OK] File: 8_p04_r08_c08.png -> Pred: 8 (True: 8)
[NG] File: 8_p04_r08_c09.png -> Pred: 5 (True: 8)
[OK] File: 8_p05_r08_c00.png -> Pred: 8 (True: 8)
[NG] File: 8_p05_r08_c01.png -> Pred: 9 (True: 8)
[NG] File: 8_p05_r08_c02.png -> Pred: 1 (True: 8)
[NG] File: 8_p05_r08_c03.png -> Pred: 4 (True: 8)
[OK] File: 8_p05_r08_c04.png -> Pred: 8 (True: 8)
[OK] File: 8_p05_r08_c05.png -> Pred: 8 (True: 8)
[OK] File: 8_p05_r08_c06.png -> Pred: 8 (True: 8)
[NG] File: 8_p05_r08_c07.png -> Pred: 1 (True: 8)
[OK] File: 8_p05_r08_c08.png -> Pred: 8 (True: 8)
[OK] File: 8_p05_r08_c09.png -> Pred: 8 (True: 8)
[NG] File: 8_p06_r08_c00.png -> Pred: 1 (True: 8)
[NG] File: 8_p06_r08_c01.png -> Pred: 1 (True: 8)
[OK] File: 8_p06_r08_c02.png -> Pred: 8 (True: 8)
[OK] File: 8_p06_r08_c03.png -> Pred: 8 (True: 8)
[OK] File: 8_p06_r08_c04.png -> Pred: 8 (True: 8)
[OK] File: 8_p06_r08_c05.png -> Pred: 8 (True: 8)
[OK] File: 8_p06_r08_c06.png -> Pred: 8 (True: 8)
[NG] File: 8_p06_r08_c07.png -> Pred: 9 (True: 8)
[NG] File: 8_p06_r08_c08.png -> Pred: 1 (True: 8)
[OK] File: 8_p06_r08_c09.png -> Pred: 8 (True: 8)
[NG] File: 8_p07_r08_c00.png -> Pred: 5 (True: 8)
[NG] File: 8_p07_r08_c01.png -> Pred: 5 (True: 8)
[OK] File: 8_p07_r08_c02.png -> Pred: 8 (True: 8)
[OK] File: 8_p07_r08_c03.png -> Pred: 8 (True: 8)
[OK] File: 8_p07_r08_c04.png -> Pred: 8 (True: 8)
[OK] File: 8_p07_r08_c05.png -> Pred: 8 (True: 8)
[OK] File: 8_p07_r08_c06.png -> Pred: 8 (True: 8)
[OK] File: 8_p07_r08_c07.png -> Pred: 8 (True: 8)
[OK] File: 8_p07_r08_c08.png -> Pred: 8 (True: 8)
[OK] File: 8_p07_r08_c09.png -> Pred: 8 (True: 8)
[OK] File: 8_p08_r08_c00.png -> Pred: 8 (True: 8)
[OK] File: 8_p08_r08_c01.png -> Pred: 8 (True: 8)
[NG] File: 8_p08_r08_c02.png -> Pred: 4 (True: 8)
[NG] File: 8_p08_r08_c03.png -> Pred: 4 (True: 8)
[NG] File: 8_p08_r08_c04.png -> Pred: 9 (True: 8)
[NG] File: 8_p08_r08_c05.png -> Pred: 4 (True: 8)
[NG] File: 8_p08_r08_c06.png -> Pred: 1 (True: 8)
[NG] File: 8_p08_r08_c07.png -> Pred: 1 (True: 8)
[NG] File: 8_p08_r08_c08.png -> Pred: 1 (True: 8)
[NG] File: 8_p08_r08_c09.png -> Pred: 1 (True: 8)
[OK] File: 8_p09_r08_c00.png -> Pred: 8 (True: 8)
[NG] File: 8_p09_r08_c01.png -> Pred: 1 (True: 8)
[NG] File: 8_p09_r08_c02.png -> Pred: 6 (True: 8)
[NG] File: 8_p09_r08_c03.png -> Pred: 1 (True: 8)
[OK] File: 8_p09_r08_c04.png -> Pred: 8 (True: 8)
[NG] File: 8_p09_r08_c05.png -> Pred: 1 (True: 8)
[OK] File: 8_p09_r08_c06.png -> Pred: 8 (True: 8)
[OK] File: 8_p09_r08_c07.png -> Pred: 8 (True: 8)
[OK] File: 8_p09_r08_c08.png -> Pred: 8 (True: 8)
[OK] File: 8_p09_r08_c09.png -> Pred: 8 (True: 8)
[OK] File: 8_p10_r08_c00.png -> Pred: 8 (True: 8)
[NG] File: 8_p10_r08_c01.png -> Pred: 7 (True: 8)
[OK] File: 8_p10_r08_c02.png -> Pred: 8 (True: 8)
[OK] File: 8_p10_r08_c03.png -> Pred: 8 (True: 8)
[OK] File: 8_p10_r08_c04.png -> Pred: 8 (True: 8)
[NG] File: 8_p10_r08_c05.png -> Pred: 6 (True: 8)
[NG] File: 8_p10_r08_c06.png -> Pred: 4 (True: 8)
[OK] File: 8_p10_r08_c07.png -> Pred: 8 (True: 8)
[OK] File: 8_p10_r08_c08.png -> Pred: 8 (True: 8)
[NG] File: 8_p10_r08_c09.png -> Pred: 0 (True: 8)
[NG] File: 9_p01_r09_c00.png -> Pred: 8 (True: 9)
[NG] File: 9_p01_r09_c01.png -> Pred: 1 (True: 9)
[NG] File: 9_p01_r09_c02.png -> Pred: 8 (True: 9)
[NG] File: 9_p01_r09_c03.png -> Pred: 1 (True: 9)
[NG] File: 9_p01_r09_c04.png -> Pred: 1 (True: 9)
[NG] File: 9_p01_r09_c05.png -> Pred: 1 (True: 9)
[NG] File: 9_p01_r09_c06.png -> Pred: 1 (True: 9)
[NG] File: 9_p01_r09_c07.png -> Pred: 8 (True: 9)
[NG] File: 9_p01_r09_c08.png -> Pred: 7 (True: 9)
[NG] File: 9_p01_r09_c09.png -> Pred: 4 (True: 9)
[NG] File: 9_p02_r09_c00.png -> Pred: 4 (True: 9)
[NG] File: 9_p02_r09_c01.png -> Pred: 1 (True: 9)
[NG] File: 9_p02_r09_c02.png -> Pred: 8 (True: 9)
[OK] File: 9_p02_r09_c03.png -> Pred: 9 (True: 9)
[OK] File: 9_p02_r09_c04.png -> Pred: 9 (True: 9)
[OK] File: 9_p02_r09_c05.png -> Pred: 9 (True: 9)
[OK] File: 9_p02_r09_c06.png -> Pred: 9 (True: 9)
[OK] File: 9_p02_r09_c07.png -> Pred: 9 (True: 9)
[NG] File: 9_p02_r09_c08.png -> Pred: 1 (True: 9)
[OK] File: 9_p02_r09_c09.png -> Pred: 9 (True: 9)
[NG] File: 9_p03_r09_c00.png -> Pred: 1 (True: 9)
[NG] File: 9_p03_r09_c01.png -> Pred: 1 (True: 9)
[NG] File: 9_p03_r09_c02.png -> Pred: 4 (True: 9)
[OK] File: 9_p03_r09_c03.png -> Pred: 9 (True: 9)
[NG] File: 9_p03_r09_c04.png -> Pred: 4 (True: 9)
[OK] File: 9_p03_r09_c05.png -> Pred: 9 (True: 9)
[OK] File: 9_p03_r09_c06.png -> Pred: 9 (True: 9)
[OK] File: 9_p03_r09_c07.png -> Pred: 9 (True: 9)
[NG] File: 9_p03_r09_c08.png -> Pred: 5 (True: 9)
[OK] File: 9_p03_r09_c09.png -> Pred: 9 (True: 9)
[NG] File: 9_p04_r09_c00.png -> Pred: 1 (True: 9)
[NG] File: 9_p04_r09_c01.png -> Pred: 1 (True: 9)
[NG] File: 9_p04_r09_c02.png -> Pred: 1 (True: 9)
[OK] File: 9_p04_r09_c03.png -> Pred: 9 (True: 9)
[OK] File: 9_p04_r09_c04.png -> Pred: 9 (True: 9)
[NG] File: 9_p04_r09_c05.png -> Pred: 4 (True: 9)
[OK] File: 9_p04_r09_c06.png -> Pred: 9 (True: 9)
[OK] File: 9_p04_r09_c07.png -> Pred: 9 (True: 9)
[OK] File: 9_p04_r09_c08.png -> Pred: 9 (True: 9)
[OK] File: 9_p04_r09_c09.png -> Pred: 9 (True: 9)
[NG] File: 9_p05_r09_c00.png -> Pred: 1 (True: 9)
[NG] File: 9_p05_r09_c01.png -> Pred: 1 (True: 9)
[NG] File: 9_p05_r09_c02.png -> Pred: 1 (True: 9)
[NG] File: 9_p05_r09_c03.png -> Pred: 4 (True: 9)
[OK] File: 9_p05_r09_c04.png -> Pred: 9 (True: 9)
[OK] File: 9_p05_r09_c05.png -> Pred: 9 (True: 9)
[NG] File: 9_p05_r09_c06.png -> Pred: 7 (True: 9)
[NG] File: 9_p05_r09_c07.png -> Pred: 1 (True: 9)
[NG] File: 9_p05_r09_c08.png -> Pred: 1 (True: 9)
[NG] File: 9_p05_r09_c09.png -> Pred: 1 (True: 9)
[NG] File: 9_p06_r09_c00.png -> Pred: 1 (True: 9)
[NG] File: 9_p06_r09_c01.png -> Pred: 1 (True: 9)
[NG] File: 9_p06_r09_c02.png -> Pred: 1 (True: 9)
[OK] File: 9_p06_r09_c03.png -> Pred: 9 (True: 9)
[NG] File: 9_p06_r09_c04.png -> Pred: 7 (True: 9)
[NG] File: 9_p06_r09_c05.png -> Pred: 1 (True: 9)
[NG] File: 9_p06_r09_c06.png -> Pred: 1 (True: 9)
[NG] File: 9_p06_r09_c07.png -> Pred: 7 (True: 9)
[OK] File: 9_p06_r09_c08.png -> Pred: 9 (True: 9)
[OK] File: 9_p06_r09_c09.png -> Pred: 9 (True: 9)
[NG] File: 9_p07_r09_c00.png -> Pred: 1 (True: 9)
[NG] File: 9_p07_r09_c01.png -> Pred: 1 (True: 9)
[NG] File: 9_p07_r09_c02.png -> Pred: 1 (True: 9)
[OK] File: 9_p07_r09_c03.png -> Pred: 9 (True: 9)
[NG] File: 9_p07_r09_c04.png -> Pred: 1 (True: 9)
[OK] File: 9_p07_r09_c05.png -> Pred: 9 (True: 9)
[NG] File: 9_p07_r09_c06.png -> Pred: 8 (True: 9)
[NG] File: 9_p07_r09_c07.png -> Pred: 8 (True: 9)
[OK] File: 9_p07_r09_c08.png -> Pred: 9 (True: 9)
[NG] File: 9_p07_r09_c09.png -> Pred: 7 (True: 9)
[NG] File: 9_p08_r09_c00.png -> Pred: 4 (True: 9)
[OK] File: 9_p08_r09_c01.png -> Pred: 9 (True: 9)
[NG] File: 9_p08_r09_c02.png -> Pred: 1 (True: 9)
[NG] File: 9_p08_r09_c03.png -> Pred: 8 (True: 9)
[OK] File: 9_p08_r09_c04.png -> Pred: 9 (True: 9)
[NG] File: 9_p08_r09_c05.png -> Pred: 7 (True: 9)
[NG] File: 9_p08_r09_c06.png -> Pred: 1 (True: 9)
[NG] File: 9_p08_r09_c07.png -> Pred: 1 (True: 9)
[NG] File: 9_p08_r09_c08.png -> Pred: 6 (True: 9)
[NG] File: 9_p08_r09_c09.png -> Pred: 6 (True: 9)
[NG] File: 9_p09_r09_c00.png -> Pred: 1 (True: 9)
[NG] File: 9_p09_r09_c01.png -> Pred: 1 (True: 9)
[NG] File: 9_p09_r09_c02.png -> Pred: 1 (True: 9)
[NG] File: 9_p09_r09_c03.png -> Pred: 1 (True: 9)
[NG] File: 9_p09_r09_c04.png -> Pred: 1 (True: 9)
[OK] File: 9_p09_r09_c05.png -> Pred: 9 (True: 9)
[NG] File: 9_p09_r09_c06.png -> Pred: 7 (True: 9)
[NG] File: 9_p09_r09_c07.png -> Pred: 7 (True: 9)
[NG] File: 9_p09_r09_c08.png -> Pred: 7 (True: 9)
[OK] File: 9_p09_r09_c09.png -> Pred: 9 (True: 9)
[OK] File: 9_p10_r09_c00.png -> Pred: 9 (True: 9)
[NG] File: 9_p10_r09_c01.png -> Pred: 4 (True: 9)
[NG] File: 9_p10_r09_c02.png -> Pred: 1 (True: 9)
[OK] File: 9_p10_r09_c03.png -> Pred: 9 (True: 9)
[OK] File: 9_p10_r09_c04.png -> Pred: 9 (True: 9)
[OK] File: 9_p10_r09_c05.png -> Pred: 9 (True: 9)
[OK] File: 9_p10_r09_c06.png -> Pred: 9 (True: 9)
[OK] File: 9_p10_r09_c07.png -> Pred: 9 (True: 9)
[OK] File: 9_p10_r09_c08.png -> Pred: 9 (True: 9)
[OK] File: 9_p10_r09_c09.png -> Pred: 9 (True: 9)

--- 正答率の内訳 ---
数字 [0]: 4.00% (4/100)
数字 [1]: 96.00% (96/100)
数字 [2]: 41.00% (41/100)
数字 [3]: 25.00% (25/100)
数字 [4]: 32.00% (32/100)
数字 [5]: 71.00% (71/100)
数字 [6]: 52.00% (52/100)
数字 [7]: 31.00% (31/100)
数字 [8]: 60.00% (60/100)
数字 [9]: 37.00% (37/100)

全体の正答率: 44.90% (449/1000)
-----------------------------------------------------------------------------------------------------------------------------------
[NOTE]
MNIST_more_complex_TEST.py は Google Colaboratory ではなく、ローカル上で実行した。
-----------------------------------------------------------------------------------------------------------------------------------
